{"$message_type":"diagnostic","message":"init_if_needed requires that anchor-lang be imported with the init-if-needed cargo feature enabled. Carefully read the init_if_needed docs before using this feature to make sure you know how to protect yourself against re-initialization attacks.","code":null,"level":"error","spans":[{"file_name":"programs/franco_student_pay/src/lib.rs","byte_start":11209,"byte_end":11223,"line_start":318,"line_end":318,"column_start":9,"column_end":23,"is_primary":true,"text":[{"text":"        init_if_needed,","highlight_start":9,"highlight_end":23}],"label":null,"suggested_replacement":null,"suggestion_applicability":null,"expansion":null}],"children":[],"rendered":"\u001b[1m\u001b[91merror\u001b[0m\u001b[1m: init_if_needed requires that anchor-lang be imported with the init-if-needed cargo feature enabled. Carefully read the init_if_needed docs before using this feature to make sure you know how to protect yourself against re-initialization attacks.\u001b[0m\n   \u001b[1m\u001b[94m--> \u001b[0mprograms/franco_student_pay/src/lib.rs:318:9\n    \u001b[1m\u001b[94m|\u001b[0m\n\u001b[1m\u001b[94m318\u001b[0m \u001b[1m\u001b[94m|\u001b[0m         init_if_needed,\n    \u001b[1m\u001b[94m|\u001b[0m         \u001b[1m\u001b[91m^^^^^^^^^^^^^^\u001b[0m\n\n"}
{"$message_type":"diagnostic","message":"init_if_needed requires that anchor-lang be imported with the init-if-needed cargo feature enabled. Carefully read the init_if_needed docs before using this feature to make sure you know how to protect yourself against re-initialization attacks.","code":null,"level":"error","spans":[{"file_name":"programs/franco_student_pay/src/lib.rs","byte_start":12902,"byte_end":12916,"line_start":375,"line_end":375,"column_start":9,"column_end":23,"is_primary":true,"text":[{"text":"        init_if_needed,","highlight_start":9,"highlight_end":23}],"label":null,"suggested_replacement":null,"suggestion_applicability":null,"expansion":null}],"children":[],"rendered":"\u001b[1m\u001b[91merror\u001b[0m\u001b[1m: init_if_needed requires that anchor-lang be imported with the init-if-needed cargo feature enabled. Carefully read the init_if_needed docs before using this feature to make sure you know how to protect yourself against re-initialization attacks.\u001b[0m\n   \u001b[1m\u001b[94m--> \u001b[0mprograms/franco_student_pay/src/lib.rs:375:9\n    \u001b[1m\u001b[94m|\u001b[0m\n\u001b[1m\u001b[94m375\u001b[0m \u001b[1m\u001b[94m|\u001b[0m         init_if_needed,\n    \u001b[1m\u001b[94m|\u001b[0m         \u001b[1m\u001b[91m^^^^^^^^^^^^^^\u001b[0m\n\n"}
{"$message_type":"diagnostic","message":"init_if_needed requires that anchor-lang be imported with the init-if-needed cargo feature enabled. Carefully read the init_if_needed docs before using this feature to make sure you know how to protect yourself against re-initialization attacks.","code":null,"level":"error","spans":[{"file_name":"programs/franco_student_pay/src/lib.rs","byte_start":14613,"byte_end":14627,"line_start":433,"line_end":433,"column_start":9,"column_end":23,"is_primary":true,"text":[{"text":"        init_if_needed,","highlight_start":9,"highlight_end":23}],"label":null,"suggested_replacement":null,"suggestion_applicability":null,"expansion":null}],"children":[],"rendered":"\u001b[1m\u001b[91merror\u001b[0m\u001b[1m: init_if_needed requires that anchor-lang be imported with the init-if-needed cargo feature enabled. Carefully read the init_if_needed docs before using this feature to make sure you know how to protect yourself against re-initialization attacks.\u001b[0m\n   \u001b[1m\u001b[94m--> \u001b[0mprograms/franco_student_pay/src/lib.rs:433:9\n    \u001b[1m\u001b[94m|\u001b[0m\n\u001b[1m\u001b[94m433\u001b[0m \u001b[1m\u001b[94m|\u001b[0m         init_if_needed,\n    \u001b[1m\u001b[94m|\u001b[0m         \u001b[1m\u001b[91m^^^^^^^^^^^^^^\u001b[0m\n\n"}
{"$message_type":"diagnostic","message":"unresolved import `crate`","code":{"code":"E0432","explanation":"An import was unresolved.\n\nErroneous code example:\n\n```compile_fail,E0432\nuse something::Foo; // error: unresolved import `something::Foo`.\n```\n\nIn Rust 2015, paths in `use` statements are relative to the crate root. To\nimport items relative to the current and parent modules, use the `self::` and\n`super::` prefixes, respectively.\n\nIn Rust 2018 or later, paths in `use` statements are relative to the current\nmodule unless they begin with the name of a crate or a literal `crate::`, in\nwhich case they start from the crate root. As in Rust 2015 code, the `self::`\nand `super::` prefixes refer to the current and parent modules respectively.\n\nAlso verify that you didn't misspell the import name and that the import exists\nin the module from where you tried to import it. Example:\n\n```\nuse self::something::Foo; // Ok.\n\nmod something {\n    pub struct Foo;\n}\n# fn main() {}\n```\n\nIf you tried to use a module from an external crate and are using Rust 2015,\nyou may have missed the `extern crate` declaration (which is usually placed in\nthe crate root):\n\n```edition2015\nextern crate core; // Required to use the `core` crate in Rust 2015.\n\nuse core::any;\n# fn main() {}\n```\n\nSince Rust 2018 the `extern crate` declaration is not required and\nyou can instead just `use` it:\n\n```edition2018\nuse core::any; // No extern crate required in Rust 2018.\n# fn main() {}\n```\n"},"level":"error","spans":[{"file_name":"programs/franco_student_pay/src/lib.rs","byte_start":311,"byte_end":321,"line_start":9,"line_end":9,"column_start":1,"column_end":11,"is_primary":true,"text":[{"text":"#[program]","highlight_start":1,"highlight_end":11}],"label":"could not find `__client_accounts_send_usdc` in the crate root","suggested_replacement":null,"suggestion_applicability":null,"expansion":{"span":{"file_name":"programs/franco_student_pay/src/lib.rs","byte_start":311,"byte_end":321,"line_start":9,"line_end":9,"column_start":1,"column_end":11,"is_primary":false,"text":[{"text":"#[program]","highlight_start":1,"highlight_end":11}],"label":null,"suggested_replacement":null,"suggestion_applicability":null,"expansion":null},"macro_decl_name":"#[program]","def_site_span":{"file_name":"/home/brakoose/.cargo/registry/src/index.crates.io-1949cf8c6b5b557f/anchor-attribute-program-0.30.1/src/lib.rs","byte_start":293,"byte_end":409,"line_start":12,"line_end":15,"column_start":1,"column_end":29,"is_primary":false,"text":[{"text":"pub fn program(","highlight_start":1,"highlight_end":16},{"text":"    _args: proc_macro::TokenStream,","highlight_start":1,"highlight_end":36},{"text":"    input: proc_macro::TokenStream,","highlight_start":1,"highlight_end":36},{"text":") -> proc_macro::TokenStream {","highlight_start":1,"highlight_end":29}],"label":null,"suggested_replacement":null,"suggestion_applicability":null,"expansion":null}}}],"children":[],"rendered":"\u001b[1m\u001b[91merror[E0432]\u001b[0m\u001b[1m: unresolved import `crate`\u001b[0m\n \u001b[1m\u001b[94m--> \u001b[0mprograms/franco_student_pay/src/lib.rs:9:1\n  \u001b[1m\u001b[94m|\u001b[0m\n\u001b[1m\u001b[94m9\u001b[0m \u001b[1m\u001b[94m|\u001b[0m #[program]\n  \u001b[1m\u001b[94m|\u001b[0m \u001b[1m\u001b[91m^^^^^^^^^^\u001b[0m \u001b[1m\u001b[91mcould not find `__client_accounts_send_usdc` in the crate root\u001b[0m\n  \u001b[1m\u001b[94m|\u001b[0m\n  \u001b[1m\u001b[94m= \u001b[0m\u001b[1mnote\u001b[0m: this error originates in the attribute macro `program` (in Nightly builds, run with -Z macro-backtrace for more info)\n\n"}
{"$message_type":"diagnostic","message":"unexpected `cfg` condition value: `custom-heap`","code":{"code":"unexpected_cfgs","explanation":null},"level":"warning","spans":[{"file_name":"/home/brakoose/.cargo/registry/src/index.crates.io-1949cf8c6b5b557f/solana-program-1.18.26/src/entrypoint.rs","byte_start":6087,"byte_end":6110,"line_start":164,"line_end":164,"column_start":23,"column_end":46,"is_primary":true,"text":[{"text":"        #[cfg(all(not(feature = \"custom-heap\"), target_os = \"solana\"))]","highlight_start":23,"highlight_end":46}],"label":null,"suggested_replacement":null,"suggestion_applicability":null,"expansion":{"span":{"file_name":"/home/brakoose/.cargo/registry/src/index.crates.io-1949cf8c6b5b557f/solana-program-1.18.26/src/entrypoint.rs","byte_start":5100,"byte_end":5130,"line_start":137,"line_end":137,"column_start":9,"column_end":39,"is_primary":false,"text":[{"text":"        $crate::custom_heap_default!();","highlight_start":9,"highlight_end":39}],"label":null,"suggested_replacement":null,"suggestion_applicability":null,"expansion":{"span":{"file_name":"programs/franco_student_pay/src/lib.rs","byte_start":311,"byte_end":321,"line_start":9,"line_end":9,"column_start":1,"column_end":11,"is_primary":false,"text":[{"text":"#[program]","highlight_start":1,"highlight_end":11}],"label":null,"suggested_replacement":null,"suggestion_applicability":null,"expansion":{"span":{"file_name":"programs/franco_student_pay/src/lib.rs","byte_start":311,"byte_end":321,"line_start":9,"line_end":9,"column_start":1,"column_end":11,"is_primary":false,"text":[{"text":"#[program]","highlight_start":1,"highlight_end":11}],"label":null,"suggested_replacement":null,"suggestion_applicability":null,"expansion":null},"macro_decl_name":"#[program]","def_site_span":{"file_name":"/home/brakoose/.cargo/registry/src/index.crates.io-1949cf8c6b5b557f/anchor-attribute-program-0.30.1/src/lib.rs","byte_start":293,"byte_end":409,"line_start":12,"line_end":15,"column_start":1,"column_end":29,"is_primary":false,"text":[{"text":"pub fn program(","highlight_start":1,"highlight_end":16},{"text":"    _args: proc_macro::TokenStream,","highlight_start":1,"highlight_end":36},{"text":"    input: proc_macro::TokenStream,","highlight_start":1,"highlight_end":36},{"text":") -> proc_macro::TokenStream {","highlight_start":1,"highlight_end":29}],"label":null,"suggested_replacement":null,"suggestion_applicability":null,"expansion":null}}},"macro_decl_name":"anchor_lang::solana_program::entrypoint!","def_site_span":{"file_name":"/home/brakoose/.cargo/registry/src/index.crates.io-1949cf8c6b5b557f/solana-program-1.18.26/src/entrypoint.rs","byte_start":4584,"byte_end":4607,"line_start":125,"line_end":125,"column_start":1,"column_end":24,"is_primary":false,"text":[{"text":"macro_rules! entrypoint {","highlight_start":1,"highlight_end":24}],"label":null,"suggested_replacement":null,"suggestion_applicability":null,"expansion":null}}},"macro_decl_name":"$crate::custom_heap_default!","def_site_span":{"file_name":"/home/brakoose/.cargo/registry/src/index.crates.io-1949cf8c6b5b557f/solana-program-1.18.26/src/entrypoint.rs","byte_start":6018,"byte_end":6050,"line_start":162,"line_end":162,"column_start":1,"column_end":33,"is_primary":false,"text":[{"text":"macro_rules! custom_heap_default {","highlight_start":1,"highlight_end":33}],"label":null,"suggested_replacement":null,"suggestion_applicability":null,"expansion":null}}}],"children":[{"message":"expected values for `feature` are: `cpi`, `default`, `no-entrypoint`, `no-idl`, and `no-log-ix-name`","code":null,"level":"note","spans":[],"children":[],"rendered":null},{"message":"using a cfg inside a macro will use the cfgs from the destination crate and not the ones from the defining crate","code":null,"level":"note","spans":[],"children":[],"rendered":null},{"message":"try referring to `$crate::custom_heap_default` crate for guidance on how handle this unexpected cfg","code":null,"level":"help","spans":[],"children":[],"rendered":null},{"message":"the macro `$crate::custom_heap_default` may come from an old version of the `solana_program` crate, try updating your dependency with `cargo update -p solana_program`","code":null,"level":"help","spans":[],"children":[],"rendered":null},{"message":"see <https://doc.rust-lang.org/nightly/rustc/check-cfg/cargo-specifics.html> for more information about checking conditional configuration","code":null,"level":"note","spans":[],"children":[],"rendered":null},{"message":"`#[warn(unexpected_cfgs)]` on by default","code":null,"level":"note","spans":[],"children":[],"rendered":null}],"rendered":"\u001b[1m\u001b[33mwarning\u001b[0m\u001b[1m: unexpected `cfg` condition value: `custom-heap`\u001b[0m\n \u001b[1m\u001b[94m--> \u001b[0mprograms/franco_student_pay/src/lib.rs:9:1\n  \u001b[1m\u001b[94m|\u001b[0m\n\u001b[1m\u001b[94m9\u001b[0m \u001b[1m\u001b[94m|\u001b[0m #[program]\n  \u001b[1m\u001b[94m|\u001b[0m \u001b[1m\u001b[33m^^^^^^^^^^\u001b[0m\n  \u001b[1m\u001b[94m|\u001b[0m\n  \u001b[1m\u001b[94m= \u001b[0m\u001b[1mnote\u001b[0m: expected values for `feature` are: `cpi`, `default`, `no-entrypoint`, `no-idl`, and `no-log-ix-name`\n  \u001b[1m\u001b[94m= \u001b[0m\u001b[1mnote\u001b[0m: using a cfg inside a macro will use the cfgs from the destination crate and not the ones from the defining crate\n  \u001b[1m\u001b[94m= \u001b[0m\u001b[1mhelp\u001b[0m: try referring to `$crate::custom_heap_default` crate for guidance on how handle this unexpected cfg\n  \u001b[1m\u001b[94m= \u001b[0m\u001b[1mhelp\u001b[0m: the macro `$crate::custom_heap_default` may come from an old version of the `solana_program` crate, try updating your dependency with `cargo update -p solana_program`\n  \u001b[1m\u001b[94m= \u001b[0m\u001b[1mnote\u001b[0m: see <https://doc.rust-lang.org/nightly/rustc/check-cfg/cargo-specifics.html> for more information about checking conditional configuration\n  \u001b[1m\u001b[94m= \u001b[0m\u001b[1mnote\u001b[0m: `#[warn(unexpected_cfgs)]` on by default\n  \u001b[1m\u001b[94m= \u001b[0m\u001b[1mnote\u001b[0m: this warning originates in the macro `$crate::custom_heap_default` which comes from the expansion of the attribute macro `program` (in Nightly builds, run with -Z macro-backtrace for more info)\n\n"}
{"$message_type":"diagnostic","message":"unexpected `cfg` condition value: `solana`","code":{"code":"unexpected_cfgs","explanation":null},"level":"warning","spans":[{"file_name":"/home/brakoose/.cargo/registry/src/index.crates.io-1949cf8c6b5b557f/solana-program-1.18.26/src/entrypoint.rs","byte_start":6113,"byte_end":6133,"line_start":164,"line_end":164,"column_start":49,"column_end":69,"is_primary":true,"text":[{"text":"        #[cfg(all(not(feature = \"custom-heap\"), target_os = \"solana\"))]","highlight_start":49,"highlight_end":69}],"label":null,"suggested_replacement":null,"suggestion_applicability":null,"expansion":{"span":{"file_name":"/home/brakoose/.cargo/registry/src/index.crates.io-1949cf8c6b5b557f/solana-program-1.18.26/src/entrypoint.rs","byte_start":5100,"byte_end":5130,"line_start":137,"line_end":137,"column_start":9,"column_end":39,"is_primary":false,"text":[{"text":"        $crate::custom_heap_default!();","highlight_start":9,"highlight_end":39}],"label":null,"suggested_replacement":null,"suggestion_applicability":null,"expansion":{"span":{"file_name":"programs/franco_student_pay/src/lib.rs","byte_start":311,"byte_end":321,"line_start":9,"line_end":9,"column_start":1,"column_end":11,"is_primary":false,"text":[{"text":"#[program]","highlight_start":1,"highlight_end":11}],"label":null,"suggested_replacement":null,"suggestion_applicability":null,"expansion":{"span":{"file_name":"programs/franco_student_pay/src/lib.rs","byte_start":311,"byte_end":321,"line_start":9,"line_end":9,"column_start":1,"column_end":11,"is_primary":false,"text":[{"text":"#[program]","highlight_start":1,"highlight_end":11}],"label":null,"suggested_replacement":null,"suggestion_applicability":null,"expansion":null},"macro_decl_name":"#[program]","def_site_span":{"file_name":"/home/brakoose/.cargo/registry/src/index.crates.io-1949cf8c6b5b557f/anchor-attribute-program-0.30.1/src/lib.rs","byte_start":293,"byte_end":409,"line_start":12,"line_end":15,"column_start":1,"column_end":29,"is_primary":false,"text":[{"text":"pub fn program(","highlight_start":1,"highlight_end":16},{"text":"    _args: proc_macro::TokenStream,","highlight_start":1,"highlight_end":36},{"text":"    input: proc_macro::TokenStream,","highlight_start":1,"highlight_end":36},{"text":") -> proc_macro::TokenStream {","highlight_start":1,"highlight_end":29}],"label":null,"suggested_replacement":null,"suggestion_applicability":null,"expansion":null}}},"macro_decl_name":"anchor_lang::solana_program::entrypoint!","def_site_span":{"file_name":"/home/brakoose/.cargo/registry/src/index.crates.io-1949cf8c6b5b557f/solana-program-1.18.26/src/entrypoint.rs","byte_start":4584,"byte_end":4607,"line_start":125,"line_end":125,"column_start":1,"column_end":24,"is_primary":false,"text":[{"text":"macro_rules! entrypoint {","highlight_start":1,"highlight_end":24}],"label":null,"suggested_replacement":null,"suggestion_applicability":null,"expansion":null}}},"macro_decl_name":"$crate::custom_heap_default!","def_site_span":{"file_name":"/home/brakoose/.cargo/registry/src/index.crates.io-1949cf8c6b5b557f/solana-program-1.18.26/src/entrypoint.rs","byte_start":6018,"byte_end":6050,"line_start":162,"line_end":162,"column_start":1,"column_end":33,"is_primary":false,"text":[{"text":"macro_rules! custom_heap_default {","highlight_start":1,"highlight_end":33}],"label":null,"suggested_replacement":null,"suggestion_applicability":null,"expansion":null}}}],"children":[{"message":"expected values for `target_os` are: `aix`, `amdhsa`, `android`, `cuda`, `cygwin`, `dragonfly`, `emscripten`, `espidf`, `freebsd`, `fuchsia`, `haiku`, `helenos`, `hermit`, `horizon`, `hurd`, `illumos`, `ios`, `l4re`, `linux`, `lynxos178`, `macos`, `managarm`, `motor`, `netbsd`, `none`, `nto`, `nuttx`, `openbsd`, `psp`, `psx`, `qurt`, `redox`, `rtems`, `solaris`, and `solid_asp3` and 14 more","code":null,"level":"note","spans":[],"children":[],"rendered":null},{"message":"using a cfg inside a macro will use the cfgs from the destination crate and not the ones from the defining crate","code":null,"level":"note","spans":[],"children":[],"rendered":null},{"message":"try referring to `$crate::custom_heap_default` crate for guidance on how handle this unexpected cfg","code":null,"level":"help","spans":[],"children":[],"rendered":null},{"message":"the macro `$crate::custom_heap_default` may come from an old version of the `solana_program` crate, try updating your dependency with `cargo update -p solana_program`","code":null,"level":"help","spans":[],"children":[],"rendered":null},{"message":"see <https://doc.rust-lang.org/nightly/rustc/check-cfg/cargo-specifics.html> for more information about checking conditional configuration","code":null,"level":"note","spans":[],"children":[],"rendered":null}],"rendered":"\u001b[1m\u001b[33mwarning\u001b[0m\u001b[1m: unexpected `cfg` condition value: `solana`\u001b[0m\n \u001b[1m\u001b[94m--> \u001b[0mprograms/franco_student_pay/src/lib.rs:9:1\n  \u001b[1m\u001b[94m|\u001b[0m\n\u001b[1m\u001b[94m9\u001b[0m \u001b[1m\u001b[94m|\u001b[0m #[program]\n  \u001b[1m\u001b[94m|\u001b[0m \u001b[1m\u001b[33m^^^^^^^^^^\u001b[0m\n  \u001b[1m\u001b[94m|\u001b[0m\n  \u001b[1m\u001b[94m= \u001b[0m\u001b[1mnote\u001b[0m: expected values for `target_os` are: `aix`, `amdhsa`, `android`, `cuda`, `cygwin`, `dragonfly`, `emscripten`, `espidf`, `freebsd`, `fuchsia`, `haiku`, `helenos`, `hermit`, `horizon`, `hurd`, `illumos`, `ios`, `l4re`, `linux`, `lynxos178`, `macos`, `managarm`, `motor`, `netbsd`, `none`, `nto`, `nuttx`, `openbsd`, `psp`, `psx`, `qurt`, `redox`, `rtems`, `solaris`, and `solid_asp3` and 14 more\n  \u001b[1m\u001b[94m= \u001b[0m\u001b[1mnote\u001b[0m: using a cfg inside a macro will use the cfgs from the destination crate and not the ones from the defining crate\n  \u001b[1m\u001b[94m= \u001b[0m\u001b[1mhelp\u001b[0m: try referring to `$crate::custom_heap_default` crate for guidance on how handle this unexpected cfg\n  \u001b[1m\u001b[94m= \u001b[0m\u001b[1mhelp\u001b[0m: the macro `$crate::custom_heap_default` may come from an old version of the `solana_program` crate, try updating your dependency with `cargo update -p solana_program`\n  \u001b[1m\u001b[94m= \u001b[0m\u001b[1mnote\u001b[0m: see <https://doc.rust-lang.org/nightly/rustc/check-cfg/cargo-specifics.html> for more information about checking conditional configuration\n  \u001b[1m\u001b[94m= \u001b[0m\u001b[1mnote\u001b[0m: this warning originates in the macro `$crate::custom_heap_default` which comes from the expansion of the attribute macro `program` (in Nightly builds, run with -Z macro-backtrace for more info)\n\n"}
{"$message_type":"diagnostic","message":"unexpected `cfg` condition value: `custom-panic`","code":{"code":"unexpected_cfgs","explanation":null},"level":"warning","spans":[{"file_name":"/home/brakoose/.cargo/registry/src/index.crates.io-1949cf8c6b5b557f/solana-program-1.18.26/src/entrypoint.rs","byte_start":8258,"byte_end":8282,"line_start":220,"line_end":220,"column_start":23,"column_end":47,"is_primary":true,"text":[{"text":"        #[cfg(all(not(feature = \"custom-panic\"), target_os = \"solana\"))]","highlight_start":23,"highlight_end":47}],"label":null,"suggested_replacement":null,"suggestion_applicability":null,"expansion":{"span":{"file_name":"/home/brakoose/.cargo/registry/src/index.crates.io-1949cf8c6b5b557f/solana-program-1.18.26/src/entrypoint.rs","byte_start":5140,"byte_end":5171,"line_start":138,"line_end":138,"column_start":9,"column_end":40,"is_primary":false,"text":[{"text":"        $crate::custom_panic_default!();","highlight_start":9,"highlight_end":40}],"label":null,"suggested_replacement":null,"suggestion_applicability":null,"expansion":{"span":{"file_name":"programs/franco_student_pay/src/lib.rs","byte_start":311,"byte_end":321,"line_start":9,"line_end":9,"column_start":1,"column_end":11,"is_primary":false,"text":[{"text":"#[program]","highlight_start":1,"highlight_end":11}],"label":null,"suggested_replacement":null,"suggestion_applicability":null,"expansion":{"span":{"file_name":"programs/franco_student_pay/src/lib.rs","byte_start":311,"byte_end":321,"line_start":9,"line_end":9,"column_start":1,"column_end":11,"is_primary":false,"text":[{"text":"#[program]","highlight_start":1,"highlight_end":11}],"label":null,"suggested_replacement":null,"suggestion_applicability":null,"expansion":null},"macro_decl_name":"#[program]","def_site_span":{"file_name":"/home/brakoose/.cargo/registry/src/index.crates.io-1949cf8c6b5b557f/anchor-attribute-program-0.30.1/src/lib.rs","byte_start":293,"byte_end":409,"line_start":12,"line_end":15,"column_start":1,"column_end":29,"is_primary":false,"text":[{"text":"pub fn program(","highlight_start":1,"highlight_end":16},{"text":"    _args: proc_macro::TokenStream,","highlight_start":1,"highlight_end":36},{"text":"    input: proc_macro::TokenStream,","highlight_start":1,"highlight_end":36},{"text":") -> proc_macro::TokenStream {","highlight_start":1,"highlight_end":29}],"label":null,"suggested_replacement":null,"suggestion_applicability":null,"expansion":null}}},"macro_decl_name":"anchor_lang::solana_program::entrypoint!","def_site_span":{"file_name":"/home/brakoose/.cargo/registry/src/index.crates.io-1949cf8c6b5b557f/solana-program-1.18.26/src/entrypoint.rs","byte_start":4584,"byte_end":4607,"line_start":125,"line_end":125,"column_start":1,"column_end":24,"is_primary":false,"text":[{"text":"macro_rules! entrypoint {","highlight_start":1,"highlight_end":24}],"label":null,"suggested_replacement":null,"suggestion_applicability":null,"expansion":null}}},"macro_decl_name":"$crate::custom_panic_default!","def_site_span":{"file_name":"/home/brakoose/.cargo/registry/src/index.crates.io-1949cf8c6b5b557f/solana-program-1.18.26/src/entrypoint.rs","byte_start":8188,"byte_end":8221,"line_start":218,"line_end":218,"column_start":1,"column_end":34,"is_primary":false,"text":[{"text":"macro_rules! custom_panic_default {","highlight_start":1,"highlight_end":34}],"label":null,"suggested_replacement":null,"suggestion_applicability":null,"expansion":null}}}],"children":[{"message":"expected values for `feature` are: `cpi`, `default`, `no-entrypoint`, `no-idl`, and `no-log-ix-name`","code":null,"level":"note","spans":[],"children":[],"rendered":null},{"message":"using a cfg inside a macro will use the cfgs from the destination crate and not the ones from the defining crate","code":null,"level":"note","spans":[],"children":[],"rendered":null},{"message":"try referring to `$crate::custom_panic_default` crate for guidance on how handle this unexpected cfg","code":null,"level":"help","spans":[],"children":[],"rendered":null},{"message":"the macro `$crate::custom_panic_default` may come from an old version of the `solana_program` crate, try updating your dependency with `cargo update -p solana_program`","code":null,"level":"help","spans":[],"children":[],"rendered":null},{"message":"see <https://doc.rust-lang.org/nightly/rustc/check-cfg/cargo-specifics.html> for more information about checking conditional configuration","code":null,"level":"note","spans":[],"children":[],"rendered":null}],"rendered":"\u001b[1m\u001b[33mwarning\u001b[0m\u001b[1m: unexpected `cfg` condition value: `custom-panic`\u001b[0m\n \u001b[1m\u001b[94m--> \u001b[0mprograms/franco_student_pay/src/lib.rs:9:1\n  \u001b[1m\u001b[94m|\u001b[0m\n\u001b[1m\u001b[94m9\u001b[0m \u001b[1m\u001b[94m|\u001b[0m #[program]\n  \u001b[1m\u001b[94m|\u001b[0m \u001b[1m\u001b[33m^^^^^^^^^^\u001b[0m\n  \u001b[1m\u001b[94m|\u001b[0m\n  \u001b[1m\u001b[94m= \u001b[0m\u001b[1mnote\u001b[0m: expected values for `feature` are: `cpi`, `default`, `no-entrypoint`, `no-idl`, and `no-log-ix-name`\n  \u001b[1m\u001b[94m= \u001b[0m\u001b[1mnote\u001b[0m: using a cfg inside a macro will use the cfgs from the destination crate and not the ones from the defining crate\n  \u001b[1m\u001b[94m= \u001b[0m\u001b[1mhelp\u001b[0m: try referring to `$crate::custom_panic_default` crate for guidance on how handle this unexpected cfg\n  \u001b[1m\u001b[94m= \u001b[0m\u001b[1mhelp\u001b[0m: the macro `$crate::custom_panic_default` may come from an old version of the `solana_program` crate, try updating your dependency with `cargo update -p solana_program`\n  \u001b[1m\u001b[94m= \u001b[0m\u001b[1mnote\u001b[0m: see <https://doc.rust-lang.org/nightly/rustc/check-cfg/cargo-specifics.html> for more information about checking conditional configuration\n  \u001b[1m\u001b[94m= \u001b[0m\u001b[1mnote\u001b[0m: this warning originates in the macro `$crate::custom_panic_default` which comes from the expansion of the attribute macro `program` (in Nightly builds, run with -Z macro-backtrace for more info)\n\n"}
{"$message_type":"diagnostic","message":"unexpected `cfg` condition value: `solana`","code":{"code":"unexpected_cfgs","explanation":null},"level":"warning","spans":[{"file_name":"/home/brakoose/.cargo/registry/src/index.crates.io-1949cf8c6b5b557f/solana-program-1.18.26/src/entrypoint.rs","byte_start":8285,"byte_end":8305,"line_start":220,"line_end":220,"column_start":50,"column_end":70,"is_primary":true,"text":[{"text":"        #[cfg(all(not(feature = \"custom-panic\"), target_os = \"solana\"))]","highlight_start":50,"highlight_end":70}],"label":null,"suggested_replacement":null,"suggestion_applicability":null,"expansion":{"span":{"file_name":"/home/brakoose/.cargo/registry/src/index.crates.io-1949cf8c6b5b557f/solana-program-1.18.26/src/entrypoint.rs","byte_start":5140,"byte_end":5171,"line_start":138,"line_end":138,"column_start":9,"column_end":40,"is_primary":false,"text":[{"text":"        $crate::custom_panic_default!();","highlight_start":9,"highlight_end":40}],"label":null,"suggested_replacement":null,"suggestion_applicability":null,"expansion":{"span":{"file_name":"programs/franco_student_pay/src/lib.rs","byte_start":311,"byte_end":321,"line_start":9,"line_end":9,"column_start":1,"column_end":11,"is_primary":false,"text":[{"text":"#[program]","highlight_start":1,"highlight_end":11}],"label":null,"suggested_replacement":null,"suggestion_applicability":null,"expansion":{"span":{"file_name":"programs/franco_student_pay/src/lib.rs","byte_start":311,"byte_end":321,"line_start":9,"line_end":9,"column_start":1,"column_end":11,"is_primary":false,"text":[{"text":"#[program]","highlight_start":1,"highlight_end":11}],"label":null,"suggested_replacement":null,"suggestion_applicability":null,"expansion":null},"macro_decl_name":"#[program]","def_site_span":{"file_name":"/home/brakoose/.cargo/registry/src/index.crates.io-1949cf8c6b5b557f/anchor-attribute-program-0.30.1/src/lib.rs","byte_start":293,"byte_end":409,"line_start":12,"line_end":15,"column_start":1,"column_end":29,"is_primary":false,"text":[{"text":"pub fn program(","highlight_start":1,"highlight_end":16},{"text":"    _args: proc_macro::TokenStream,","highlight_start":1,"highlight_end":36},{"text":"    input: proc_macro::TokenStream,","highlight_start":1,"highlight_end":36},{"text":") -> proc_macro::TokenStream {","highlight_start":1,"highlight_end":29}],"label":null,"suggested_replacement":null,"suggestion_applicability":null,"expansion":null}}},"macro_decl_name":"anchor_lang::solana_program::entrypoint!","def_site_span":{"file_name":"/home/brakoose/.cargo/registry/src/index.crates.io-1949cf8c6b5b557f/solana-program-1.18.26/src/entrypoint.rs","byte_start":4584,"byte_end":4607,"line_start":125,"line_end":125,"column_start":1,"column_end":24,"is_primary":false,"text":[{"text":"macro_rules! entrypoint {","highlight_start":1,"highlight_end":24}],"label":null,"suggested_replacement":null,"suggestion_applicability":null,"expansion":null}}},"macro_decl_name":"$crate::custom_panic_default!","def_site_span":{"file_name":"/home/brakoose/.cargo/registry/src/index.crates.io-1949cf8c6b5b557f/solana-program-1.18.26/src/entrypoint.rs","byte_start":8188,"byte_end":8221,"line_start":218,"line_end":218,"column_start":1,"column_end":34,"is_primary":false,"text":[{"text":"macro_rules! custom_panic_default {","highlight_start":1,"highlight_end":34}],"label":null,"suggested_replacement":null,"suggestion_applicability":null,"expansion":null}}}],"children":[{"message":"expected values for `target_os` are: `aix`, `amdhsa`, `android`, `cuda`, `cygwin`, `dragonfly`, `emscripten`, `espidf`, `freebsd`, `fuchsia`, `haiku`, `helenos`, `hermit`, `horizon`, `hurd`, `illumos`, `ios`, `l4re`, `linux`, `lynxos178`, `macos`, `managarm`, `motor`, `netbsd`, `none`, `nto`, `nuttx`, `openbsd`, `psp`, `psx`, `qurt`, `redox`, `rtems`, `solaris`, and `solid_asp3` and 14 more","code":null,"level":"note","spans":[],"children":[],"rendered":null},{"message":"using a cfg inside a macro will use the cfgs from the destination crate and not the ones from the defining crate","code":null,"level":"note","spans":[],"children":[],"rendered":null},{"message":"try referring to `$crate::custom_panic_default` crate for guidance on how handle this unexpected cfg","code":null,"level":"help","spans":[],"children":[],"rendered":null},{"message":"the macro `$crate::custom_panic_default` may come from an old version of the `solana_program` crate, try updating your dependency with `cargo update -p solana_program`","code":null,"level":"help","spans":[],"children":[],"rendered":null},{"message":"see <https://doc.rust-lang.org/nightly/rustc/check-cfg/cargo-specifics.html> for more information about checking conditional configuration","code":null,"level":"note","spans":[],"children":[],"rendered":null}],"rendered":"\u001b[1m\u001b[33mwarning\u001b[0m\u001b[1m: unexpected `cfg` condition value: `solana`\u001b[0m\n \u001b[1m\u001b[94m--> \u001b[0mprograms/franco_student_pay/src/lib.rs:9:1\n  \u001b[1m\u001b[94m|\u001b[0m\n\u001b[1m\u001b[94m9\u001b[0m \u001b[1m\u001b[94m|\u001b[0m #[program]\n  \u001b[1m\u001b[94m|\u001b[0m \u001b[1m\u001b[33m^^^^^^^^^^\u001b[0m\n  \u001b[1m\u001b[94m|\u001b[0m\n  \u001b[1m\u001b[94m= \u001b[0m\u001b[1mnote\u001b[0m: expected values for `target_os` are: `aix`, `amdhsa`, `android`, `cuda`, `cygwin`, `dragonfly`, `emscripten`, `espidf`, `freebsd`, `fuchsia`, `haiku`, `helenos`, `hermit`, `horizon`, `hurd`, `illumos`, `ios`, `l4re`, `linux`, `lynxos178`, `macos`, `managarm`, `motor`, `netbsd`, `none`, `nto`, `nuttx`, `openbsd`, `psp`, `psx`, `qurt`, `redox`, `rtems`, `solaris`, and `solid_asp3` and 14 more\n  \u001b[1m\u001b[94m= \u001b[0m\u001b[1mnote\u001b[0m: using a cfg inside a macro will use the cfgs from the destination crate and not the ones from the defining crate\n  \u001b[1m\u001b[94m= \u001b[0m\u001b[1mhelp\u001b[0m: try referring to `$crate::custom_panic_default` crate for guidance on how handle this unexpected cfg\n  \u001b[1m\u001b[94m= \u001b[0m\u001b[1mhelp\u001b[0m: the macro `$crate::custom_panic_default` may come from an old version of the `solana_program` crate, try updating your dependency with `cargo update -p solana_program`\n  \u001b[1m\u001b[94m= \u001b[0m\u001b[1mnote\u001b[0m: see <https://doc.rust-lang.org/nightly/rustc/check-cfg/cargo-specifics.html> for more information about checking conditional configuration\n  \u001b[1m\u001b[94m= \u001b[0m\u001b[1mnote\u001b[0m: this warning originates in the macro `$crate::custom_panic_default` which comes from the expansion of the attribute macro `program` (in Nightly builds, run with -Z macro-backtrace for more info)\n\n"}
{"$message_type":"diagnostic","message":"unexpected `cfg` condition value: `anchor-debug`","code":{"code":"unexpected_cfgs","explanation":null},"level":"warning","spans":[{"file_name":"programs/franco_student_pay/src/lib.rs","byte_start":311,"byte_end":321,"line_start":9,"line_end":9,"column_start":1,"column_end":11,"is_primary":true,"text":[{"text":"#[program]","highlight_start":1,"highlight_end":11}],"label":null,"suggested_replacement":null,"suggestion_applicability":null,"expansion":{"span":{"file_name":"programs/franco_student_pay/src/lib.rs","byte_start":311,"byte_end":321,"line_start":9,"line_end":9,"column_start":1,"column_end":11,"is_primary":false,"text":[{"text":"#[program]","highlight_start":1,"highlight_end":11}],"label":null,"suggested_replacement":null,"suggestion_applicability":null,"expansion":null},"macro_decl_name":"#[program]","def_site_span":{"file_name":"/home/brakoose/.cargo/registry/src/index.crates.io-1949cf8c6b5b557f/anchor-attribute-program-0.30.1/src/lib.rs","byte_start":293,"byte_end":409,"line_start":12,"line_end":15,"column_start":1,"column_end":29,"is_primary":false,"text":[{"text":"pub fn program(","highlight_start":1,"highlight_end":16},{"text":"    _args: proc_macro::TokenStream,","highlight_start":1,"highlight_end":36},{"text":"    input: proc_macro::TokenStream,","highlight_start":1,"highlight_end":36},{"text":") -> proc_macro::TokenStream {","highlight_start":1,"highlight_end":29}],"label":null,"suggested_replacement":null,"suggestion_applicability":null,"expansion":null}}}],"children":[{"message":"expected values for `feature` are: `cpi`, `default`, `no-entrypoint`, `no-idl`, and `no-log-ix-name`","code":null,"level":"note","spans":[],"children":[],"rendered":null},{"message":"using a cfg inside a attribute macro will use the cfgs from the destination crate and not the ones from the defining crate","code":null,"level":"note","spans":[],"children":[],"rendered":null},{"message":"try referring to `program` crate for guidance on how handle this unexpected cfg","code":null,"level":"help","spans":[],"children":[],"rendered":null},{"message":"the attribute macro `program` may come from an old version of the `anchor_attribute_program` crate, try updating your dependency with `cargo update -p anchor_attribute_program`","code":null,"level":"help","spans":[],"children":[],"rendered":null},{"message":"see <https://doc.rust-lang.org/nightly/rustc/check-cfg/cargo-specifics.html> for more information about checking conditional configuration","code":null,"level":"note","spans":[],"children":[],"rendered":null}],"rendered":"\u001b[1m\u001b[33mwarning\u001b[0m\u001b[1m: unexpected `cfg` condition value: `anchor-debug`\u001b[0m\n \u001b[1m\u001b[94m--> \u001b[0mprograms/franco_student_pay/src/lib.rs:9:1\n  \u001b[1m\u001b[94m|\u001b[0m\n\u001b[1m\u001b[94m9\u001b[0m \u001b[1m\u001b[94m|\u001b[0m #[program]\n  \u001b[1m\u001b[94m|\u001b[0m \u001b[1m\u001b[33m^^^^^^^^^^\u001b[0m\n  \u001b[1m\u001b[94m|\u001b[0m\n  \u001b[1m\u001b[94m= \u001b[0m\u001b[1mnote\u001b[0m: expected values for `feature` are: `cpi`, `default`, `no-entrypoint`, `no-idl`, and `no-log-ix-name`\n  \u001b[1m\u001b[94m= \u001b[0m\u001b[1mnote\u001b[0m: using a cfg inside a attribute macro will use the cfgs from the destination crate and not the ones from the defining crate\n  \u001b[1m\u001b[94m= \u001b[0m\u001b[1mhelp\u001b[0m: try referring to `program` crate for guidance on how handle this unexpected cfg\n  \u001b[1m\u001b[94m= \u001b[0m\u001b[1mhelp\u001b[0m: the attribute macro `program` may come from an old version of the `anchor_attribute_program` crate, try updating your dependency with `cargo update -p anchor_attribute_program`\n  \u001b[1m\u001b[94m= \u001b[0m\u001b[1mnote\u001b[0m: see <https://doc.rust-lang.org/nightly/rustc/check-cfg/cargo-specifics.html> for more information about checking conditional configuration\n  \u001b[1m\u001b[94m= \u001b[0m\u001b[1mnote\u001b[0m: this warning originates in the attribute macro `program` (in Nightly builds, run with -Z macro-backtrace for more info)\n\n"}
{"$message_type":"diagnostic","message":"unexpected `cfg` condition value: `anchor-debug`","code":{"code":"unexpected_cfgs","explanation":null},"level":"warning","spans":[{"file_name":"programs/franco_student_pay/src/lib.rs","byte_start":311,"byte_end":321,"line_start":9,"line_end":9,"column_start":1,"column_end":11,"is_primary":true,"text":[{"text":"#[program]","highlight_start":1,"highlight_end":11}],"label":null,"suggested_replacement":null,"suggestion_applicability":null,"expansion":{"span":{"file_name":"programs/franco_student_pay/src/lib.rs","byte_start":311,"byte_end":321,"line_start":9,"line_end":9,"column_start":1,"column_end":11,"is_primary":false,"text":[{"text":"#[program]","highlight_start":1,"highlight_end":11}],"label":null,"suggested_replacement":null,"suggestion_applicability":null,"expansion":null},"macro_decl_name":"#[derive(Accounts)]","def_site_span":{"file_name":"/home/brakoose/.cargo/registry/src/index.crates.io-1949cf8c6b5b557f/anchor-derive-accounts-0.30.1/src/lib.rs","byte_start":29061,"byte_end":29117,"line_start":631,"line_end":631,"column_start":1,"column_end":57,"is_primary":false,"text":[{"text":"pub fn derive_accounts(item: TokenStream) -> TokenStream {","highlight_start":1,"highlight_end":57}],"label":null,"suggested_replacement":null,"suggestion_applicability":null,"expansion":null}}}],"children":[{"message":"expected values for `feature` are: `cpi`, `default`, `no-entrypoint`, `no-idl`, and `no-log-ix-name`","code":null,"level":"note","spans":[],"children":[],"rendered":null},{"message":"using a cfg inside a derive macro will use the cfgs from the destination crate and not the ones from the defining crate","code":null,"level":"note","spans":[],"children":[],"rendered":null},{"message":"try referring to `Accounts` crate for guidance on how handle this unexpected cfg","code":null,"level":"help","spans":[],"children":[],"rendered":null},{"message":"the derive macro `Accounts` may come from an old version of the `anchor_derive_accounts` crate, try updating your dependency with `cargo update -p anchor_derive_accounts`","code":null,"level":"help","spans":[],"children":[],"rendered":null},{"message":"see <https://doc.rust-lang.org/nightly/rustc/check-cfg/cargo-specifics.html> for more information about checking conditional configuration","code":null,"level":"note","spans":[],"children":[],"rendered":null}],"rendered":"\u001b[1m\u001b[33mwarning\u001b[0m\u001b[1m: unexpected `cfg` condition value: `anchor-debug`\u001b[0m\n \u001b[1m\u001b[94m--> \u001b[0mprograms/franco_student_pay/src/lib.rs:9:1\n  \u001b[1m\u001b[94m|\u001b[0m\n\u001b[1m\u001b[94m9\u001b[0m \u001b[1m\u001b[94m|\u001b[0m #[program]\n  \u001b[1m\u001b[94m|\u001b[0m \u001b[1m\u001b[33m^^^^^^^^^^\u001b[0m\n  \u001b[1m\u001b[94m|\u001b[0m\n  \u001b[1m\u001b[94m= \u001b[0m\u001b[1mnote\u001b[0m: expected values for `feature` are: `cpi`, `default`, `no-entrypoint`, `no-idl`, and `no-log-ix-name`\n  \u001b[1m\u001b[94m= \u001b[0m\u001b[1mnote\u001b[0m: using a cfg inside a derive macro will use the cfgs from the destination crate and not the ones from the defining crate\n  \u001b[1m\u001b[94m= \u001b[0m\u001b[1mhelp\u001b[0m: try referring to `Accounts` crate for guidance on how handle this unexpected cfg\n  \u001b[1m\u001b[94m= \u001b[0m\u001b[1mhelp\u001b[0m: the derive macro `Accounts` may come from an old version of the `anchor_derive_accounts` crate, try updating your dependency with `cargo update -p anchor_derive_accounts`\n  \u001b[1m\u001b[94m= \u001b[0m\u001b[1mnote\u001b[0m: see <https://doc.rust-lang.org/nightly/rustc/check-cfg/cargo-specifics.html> for more information about checking conditional configuration\n  \u001b[1m\u001b[94m= \u001b[0m\u001b[1mnote\u001b[0m: this warning originates in the derive macro `Accounts` (in Nightly builds, run with -Z macro-backtrace for more info)\n\n"}
{"$message_type":"diagnostic","message":"unexpected `cfg` condition value: `anchor-debug`","code":{"code":"unexpected_cfgs","explanation":null},"level":"warning","spans":[{"file_name":"programs/franco_student_pay/src/lib.rs","byte_start":311,"byte_end":321,"line_start":9,"line_end":9,"column_start":1,"column_end":11,"is_primary":true,"text":[{"text":"#[program]","highlight_start":1,"highlight_end":11}],"label":null,"suggested_replacement":null,"suggestion_applicability":null,"expansion":{"span":{"file_name":"programs/franco_student_pay/src/lib.rs","byte_start":311,"byte_end":321,"line_start":9,"line_end":9,"column_start":1,"column_end":11,"is_primary":false,"text":[{"text":"#[program]","highlight_start":1,"highlight_end":11}],"label":null,"suggested_replacement":null,"suggestion_applicability":null,"expansion":null},"macro_decl_name":"#[derive(Accounts)]","def_site_span":{"file_name":"/home/brakoose/.cargo/registry/src/index.crates.io-1949cf8c6b5b557f/anchor-derive-accounts-0.30.1/src/lib.rs","byte_start":29061,"byte_end":29117,"line_start":631,"line_end":631,"column_start":1,"column_end":57,"is_primary":false,"text":[{"text":"pub fn derive_accounts(item: TokenStream) -> TokenStream {","highlight_start":1,"highlight_end":57}],"label":null,"suggested_replacement":null,"suggestion_applicability":null,"expansion":null}}}],"children":[{"message":"expected values for `feature` are: `cpi`, `default`, `no-entrypoint`, `no-idl`, and `no-log-ix-name`","code":null,"level":"note","spans":[],"children":[],"rendered":null},{"message":"using a cfg inside a derive macro will use the cfgs from the destination crate and not the ones from the defining crate","code":null,"level":"note","spans":[],"children":[],"rendered":null},{"message":"try referring to `Accounts` crate for guidance on how handle this unexpected cfg","code":null,"level":"help","spans":[],"children":[],"rendered":null},{"message":"the derive macro `Accounts` may come from an old version of the `anchor_derive_accounts` crate, try updating your dependency with `cargo update -p anchor_derive_accounts`","code":null,"level":"help","spans":[],"children":[],"rendered":null},{"message":"see <https://doc.rust-lang.org/nightly/rustc/check-cfg/cargo-specifics.html> for more information about checking conditional configuration","code":null,"level":"note","spans":[],"children":[],"rendered":null}],"rendered":"\u001b[1m\u001b[33mwarning\u001b[0m\u001b[1m: unexpected `cfg` condition value: `anchor-debug`\u001b[0m\n \u001b[1m\u001b[94m--> \u001b[0mprograms/franco_student_pay/src/lib.rs:9:1\n  \u001b[1m\u001b[94m|\u001b[0m\n\u001b[1m\u001b[94m9\u001b[0m \u001b[1m\u001b[94m|\u001b[0m #[program]\n  \u001b[1m\u001b[94m|\u001b[0m \u001b[1m\u001b[33m^^^^^^^^^^\u001b[0m\n  \u001b[1m\u001b[94m|\u001b[0m\n  \u001b[1m\u001b[94m= \u001b[0m\u001b[1mnote\u001b[0m: expected values for `feature` are: `cpi`, `default`, `no-entrypoint`, `no-idl`, and `no-log-ix-name`\n  \u001b[1m\u001b[94m= \u001b[0m\u001b[1mnote\u001b[0m: using a cfg inside a derive macro will use the cfgs from the destination crate and not the ones from the defining crate\n  \u001b[1m\u001b[94m= \u001b[0m\u001b[1mhelp\u001b[0m: try referring to `Accounts` crate for guidance on how handle this unexpected cfg\n  \u001b[1m\u001b[94m= \u001b[0m\u001b[1mhelp\u001b[0m: the derive macro `Accounts` may come from an old version of the `anchor_derive_accounts` crate, try updating your dependency with `cargo update -p anchor_derive_accounts`\n  \u001b[1m\u001b[94m= \u001b[0m\u001b[1mnote\u001b[0m: see <https://doc.rust-lang.org/nightly/rustc/check-cfg/cargo-specifics.html> for more information about checking conditional configuration\n  \u001b[1m\u001b[94m= \u001b[0m\u001b[1mnote\u001b[0m: this warning originates in the derive macro `Accounts` (in Nightly builds, run with -Z macro-backtrace for more info)\n\n"}
{"$message_type":"diagnostic","message":"unexpected `cfg` condition value: `anchor-debug`","code":{"code":"unexpected_cfgs","explanation":null},"level":"warning","spans":[{"file_name":"programs/franco_student_pay/src/lib.rs","byte_start":311,"byte_end":321,"line_start":9,"line_end":9,"column_start":1,"column_end":11,"is_primary":true,"text":[{"text":"#[program]","highlight_start":1,"highlight_end":11}],"label":null,"suggested_replacement":null,"suggestion_applicability":null,"expansion":{"span":{"file_name":"programs/franco_student_pay/src/lib.rs","byte_start":311,"byte_end":321,"line_start":9,"line_end":9,"column_start":1,"column_end":11,"is_primary":false,"text":[{"text":"#[program]","highlight_start":1,"highlight_end":11}],"label":null,"suggested_replacement":null,"suggestion_applicability":null,"expansion":null},"macro_decl_name":"#[derive(Accounts)]","def_site_span":{"file_name":"/home/brakoose/.cargo/registry/src/index.crates.io-1949cf8c6b5b557f/anchor-derive-accounts-0.30.1/src/lib.rs","byte_start":29061,"byte_end":29117,"line_start":631,"line_end":631,"column_start":1,"column_end":57,"is_primary":false,"text":[{"text":"pub fn derive_accounts(item: TokenStream) -> TokenStream {","highlight_start":1,"highlight_end":57}],"label":null,"suggested_replacement":null,"suggestion_applicability":null,"expansion":null}}}],"children":[{"message":"expected values for `feature` are: `cpi`, `default`, `no-entrypoint`, `no-idl`, and `no-log-ix-name`","code":null,"level":"note","spans":[],"children":[],"rendered":null},{"message":"using a cfg inside a derive macro will use the cfgs from the destination crate and not the ones from the defining crate","code":null,"level":"note","spans":[],"children":[],"rendered":null},{"message":"try referring to `Accounts` crate for guidance on how handle this unexpected cfg","code":null,"level":"help","spans":[],"children":[],"rendered":null},{"message":"the derive macro `Accounts` may come from an old version of the `anchor_derive_accounts` crate, try updating your dependency with `cargo update -p anchor_derive_accounts`","code":null,"level":"help","spans":[],"children":[],"rendered":null},{"message":"see <https://doc.rust-lang.org/nightly/rustc/check-cfg/cargo-specifics.html> for more information about checking conditional configuration","code":null,"level":"note","spans":[],"children":[],"rendered":null}],"rendered":"\u001b[1m\u001b[33mwarning\u001b[0m\u001b[1m: unexpected `cfg` condition value: `anchor-debug`\u001b[0m\n \u001b[1m\u001b[94m--> \u001b[0mprograms/franco_student_pay/src/lib.rs:9:1\n  \u001b[1m\u001b[94m|\u001b[0m\n\u001b[1m\u001b[94m9\u001b[0m \u001b[1m\u001b[94m|\u001b[0m #[program]\n  \u001b[1m\u001b[94m|\u001b[0m \u001b[1m\u001b[33m^^^^^^^^^^\u001b[0m\n  \u001b[1m\u001b[94m|\u001b[0m\n  \u001b[1m\u001b[94m= \u001b[0m\u001b[1mnote\u001b[0m: expected values for `feature` are: `cpi`, `default`, `no-entrypoint`, `no-idl`, and `no-log-ix-name`\n  \u001b[1m\u001b[94m= \u001b[0m\u001b[1mnote\u001b[0m: using a cfg inside a derive macro will use the cfgs from the destination crate and not the ones from the defining crate\n  \u001b[1m\u001b[94m= \u001b[0m\u001b[1mhelp\u001b[0m: try referring to `Accounts` crate for guidance on how handle this unexpected cfg\n  \u001b[1m\u001b[94m= \u001b[0m\u001b[1mhelp\u001b[0m: the derive macro `Accounts` may come from an old version of the `anchor_derive_accounts` crate, try updating your dependency with `cargo update -p anchor_derive_accounts`\n  \u001b[1m\u001b[94m= \u001b[0m\u001b[1mnote\u001b[0m: see <https://doc.rust-lang.org/nightly/rustc/check-cfg/cargo-specifics.html> for more information about checking conditional configuration\n  \u001b[1m\u001b[94m= \u001b[0m\u001b[1mnote\u001b[0m: this warning originates in the derive macro `Accounts` (in Nightly builds, run with -Z macro-backtrace for more info)\n\n"}
{"$message_type":"diagnostic","message":"unexpected `cfg` condition value: `anchor-debug`","code":{"code":"unexpected_cfgs","explanation":null},"level":"warning","spans":[{"file_name":"programs/franco_student_pay/src/lib.rs","byte_start":311,"byte_end":321,"line_start":9,"line_end":9,"column_start":1,"column_end":11,"is_primary":true,"text":[{"text":"#[program]","highlight_start":1,"highlight_end":11}],"label":null,"suggested_replacement":null,"suggestion_applicability":null,"expansion":{"span":{"file_name":"programs/franco_student_pay/src/lib.rs","byte_start":311,"byte_end":321,"line_start":9,"line_end":9,"column_start":1,"column_end":11,"is_primary":false,"text":[{"text":"#[program]","highlight_start":1,"highlight_end":11}],"label":null,"suggested_replacement":null,"suggestion_applicability":null,"expansion":null},"macro_decl_name":"#[derive(Accounts)]","def_site_span":{"file_name":"/home/brakoose/.cargo/registry/src/index.crates.io-1949cf8c6b5b557f/anchor-derive-accounts-0.30.1/src/lib.rs","byte_start":29061,"byte_end":29117,"line_start":631,"line_end":631,"column_start":1,"column_end":57,"is_primary":false,"text":[{"text":"pub fn derive_accounts(item: TokenStream) -> TokenStream {","highlight_start":1,"highlight_end":57}],"label":null,"suggested_replacement":null,"suggestion_applicability":null,"expansion":null}}}],"children":[{"message":"expected values for `feature` are: `cpi`, `default`, `no-entrypoint`, `no-idl`, and `no-log-ix-name`","code":null,"level":"note","spans":[],"children":[],"rendered":null},{"message":"using a cfg inside a derive macro will use the cfgs from the destination crate and not the ones from the defining crate","code":null,"level":"note","spans":[],"children":[],"rendered":null},{"message":"try referring to `Accounts` crate for guidance on how handle this unexpected cfg","code":null,"level":"help","spans":[],"children":[],"rendered":null},{"message":"the derive macro `Accounts` may come from an old version of the `anchor_derive_accounts` crate, try updating your dependency with `cargo update -p anchor_derive_accounts`","code":null,"level":"help","spans":[],"children":[],"rendered":null},{"message":"see <https://doc.rust-lang.org/nightly/rustc/check-cfg/cargo-specifics.html> for more information about checking conditional configuration","code":null,"level":"note","spans":[],"children":[],"rendered":null}],"rendered":"\u001b[1m\u001b[33mwarning\u001b[0m\u001b[1m: unexpected `cfg` condition value: `anchor-debug`\u001b[0m\n \u001b[1m\u001b[94m--> \u001b[0mprograms/franco_student_pay/src/lib.rs:9:1\n  \u001b[1m\u001b[94m|\u001b[0m\n\u001b[1m\u001b[94m9\u001b[0m \u001b[1m\u001b[94m|\u001b[0m #[program]\n  \u001b[1m\u001b[94m|\u001b[0m \u001b[1m\u001b[33m^^^^^^^^^^\u001b[0m\n  \u001b[1m\u001b[94m|\u001b[0m\n  \u001b[1m\u001b[94m= \u001b[0m\u001b[1mnote\u001b[0m: expected values for `feature` are: `cpi`, `default`, `no-entrypoint`, `no-idl`, and `no-log-ix-name`\n  \u001b[1m\u001b[94m= \u001b[0m\u001b[1mnote\u001b[0m: using a cfg inside a derive macro will use the cfgs from the destination crate and not the ones from the defining crate\n  \u001b[1m\u001b[94m= \u001b[0m\u001b[1mhelp\u001b[0m: try referring to `Accounts` crate for guidance on how handle this unexpected cfg\n  \u001b[1m\u001b[94m= \u001b[0m\u001b[1mhelp\u001b[0m: the derive macro `Accounts` may come from an old version of the `anchor_derive_accounts` crate, try updating your dependency with `cargo update -p anchor_derive_accounts`\n  \u001b[1m\u001b[94m= \u001b[0m\u001b[1mnote\u001b[0m: see <https://doc.rust-lang.org/nightly/rustc/check-cfg/cargo-specifics.html> for more information about checking conditional configuration\n  \u001b[1m\u001b[94m= \u001b[0m\u001b[1mnote\u001b[0m: this warning originates in the derive macro `Accounts` (in Nightly builds, run with -Z macro-backtrace for more info)\n\n"}
{"$message_type":"diagnostic","message":"unexpected `cfg` condition value: `anchor-debug`","code":{"code":"unexpected_cfgs","explanation":null},"level":"warning","spans":[{"file_name":"programs/franco_student_pay/src/lib.rs","byte_start":311,"byte_end":321,"line_start":9,"line_end":9,"column_start":1,"column_end":11,"is_primary":true,"text":[{"text":"#[program]","highlight_start":1,"highlight_end":11}],"label":null,"suggested_replacement":null,"suggestion_applicability":null,"expansion":{"span":{"file_name":"programs/franco_student_pay/src/lib.rs","byte_start":311,"byte_end":321,"line_start":9,"line_end":9,"column_start":1,"column_end":11,"is_primary":false,"text":[{"text":"#[program]","highlight_start":1,"highlight_end":11}],"label":null,"suggested_replacement":null,"suggestion_applicability":null,"expansion":null},"macro_decl_name":"#[derive(Accounts)]","def_site_span":{"file_name":"/home/brakoose/.cargo/registry/src/index.crates.io-1949cf8c6b5b557f/anchor-derive-accounts-0.30.1/src/lib.rs","byte_start":29061,"byte_end":29117,"line_start":631,"line_end":631,"column_start":1,"column_end":57,"is_primary":false,"text":[{"text":"pub fn derive_accounts(item: TokenStream) -> TokenStream {","highlight_start":1,"highlight_end":57}],"label":null,"suggested_replacement":null,"suggestion_applicability":null,"expansion":null}}}],"children":[{"message":"expected values for `feature` are: `cpi`, `default`, `no-entrypoint`, `no-idl`, and `no-log-ix-name`","code":null,"level":"note","spans":[],"children":[],"rendered":null},{"message":"using a cfg inside a derive macro will use the cfgs from the destination crate and not the ones from the defining crate","code":null,"level":"note","spans":[],"children":[],"rendered":null},{"message":"try referring to `Accounts` crate for guidance on how handle this unexpected cfg","code":null,"level":"help","spans":[],"children":[],"rendered":null},{"message":"the derive macro `Accounts` may come from an old version of the `anchor_derive_accounts` crate, try updating your dependency with `cargo update -p anchor_derive_accounts`","code":null,"level":"help","spans":[],"children":[],"rendered":null},{"message":"see <https://doc.rust-lang.org/nightly/rustc/check-cfg/cargo-specifics.html> for more information about checking conditional configuration","code":null,"level":"note","spans":[],"children":[],"rendered":null}],"rendered":"\u001b[1m\u001b[33mwarning\u001b[0m\u001b[1m: unexpected `cfg` condition value: `anchor-debug`\u001b[0m\n \u001b[1m\u001b[94m--> \u001b[0mprograms/franco_student_pay/src/lib.rs:9:1\n  \u001b[1m\u001b[94m|\u001b[0m\n\u001b[1m\u001b[94m9\u001b[0m \u001b[1m\u001b[94m|\u001b[0m #[program]\n  \u001b[1m\u001b[94m|\u001b[0m \u001b[1m\u001b[33m^^^^^^^^^^\u001b[0m\n  \u001b[1m\u001b[94m|\u001b[0m\n  \u001b[1m\u001b[94m= \u001b[0m\u001b[1mnote\u001b[0m: expected values for `feature` are: `cpi`, `default`, `no-entrypoint`, `no-idl`, and `no-log-ix-name`\n  \u001b[1m\u001b[94m= \u001b[0m\u001b[1mnote\u001b[0m: using a cfg inside a derive macro will use the cfgs from the destination crate and not the ones from the defining crate\n  \u001b[1m\u001b[94m= \u001b[0m\u001b[1mhelp\u001b[0m: try referring to `Accounts` crate for guidance on how handle this unexpected cfg\n  \u001b[1m\u001b[94m= \u001b[0m\u001b[1mhelp\u001b[0m: the derive macro `Accounts` may come from an old version of the `anchor_derive_accounts` crate, try updating your dependency with `cargo update -p anchor_derive_accounts`\n  \u001b[1m\u001b[94m= \u001b[0m\u001b[1mnote\u001b[0m: see <https://doc.rust-lang.org/nightly/rustc/check-cfg/cargo-specifics.html> for more information about checking conditional configuration\n  \u001b[1m\u001b[94m= \u001b[0m\u001b[1mnote\u001b[0m: this warning originates in the derive macro `Accounts` (in Nightly builds, run with -Z macro-backtrace for more info)\n\n"}
{"$message_type":"diagnostic","message":"unexpected `cfg` condition value: `anchor-debug`","code":{"code":"unexpected_cfgs","explanation":null},"level":"warning","spans":[{"file_name":"programs/franco_student_pay/src/lib.rs","byte_start":311,"byte_end":321,"line_start":9,"line_end":9,"column_start":1,"column_end":11,"is_primary":true,"text":[{"text":"#[program]","highlight_start":1,"highlight_end":11}],"label":null,"suggested_replacement":null,"suggestion_applicability":null,"expansion":{"span":{"file_name":"programs/franco_student_pay/src/lib.rs","byte_start":311,"byte_end":321,"line_start":9,"line_end":9,"column_start":1,"column_end":11,"is_primary":false,"text":[{"text":"#[program]","highlight_start":1,"highlight_end":11}],"label":null,"suggested_replacement":null,"suggestion_applicability":null,"expansion":null},"macro_decl_name":"#[derive(Accounts)]","def_site_span":{"file_name":"/home/brakoose/.cargo/registry/src/index.crates.io-1949cf8c6b5b557f/anchor-derive-accounts-0.30.1/src/lib.rs","byte_start":29061,"byte_end":29117,"line_start":631,"line_end":631,"column_start":1,"column_end":57,"is_primary":false,"text":[{"text":"pub fn derive_accounts(item: TokenStream) -> TokenStream {","highlight_start":1,"highlight_end":57}],"label":null,"suggested_replacement":null,"suggestion_applicability":null,"expansion":null}}}],"children":[{"message":"expected values for `feature` are: `cpi`, `default`, `no-entrypoint`, `no-idl`, and `no-log-ix-name`","code":null,"level":"note","spans":[],"children":[],"rendered":null},{"message":"using a cfg inside a derive macro will use the cfgs from the destination crate and not the ones from the defining crate","code":null,"level":"note","spans":[],"children":[],"rendered":null},{"message":"try referring to `Accounts` crate for guidance on how handle this unexpected cfg","code":null,"level":"help","spans":[],"children":[],"rendered":null},{"message":"the derive macro `Accounts` may come from an old version of the `anchor_derive_accounts` crate, try updating your dependency with `cargo update -p anchor_derive_accounts`","code":null,"level":"help","spans":[],"children":[],"rendered":null},{"message":"see <https://doc.rust-lang.org/nightly/rustc/check-cfg/cargo-specifics.html> for more information about checking conditional configuration","code":null,"level":"note","spans":[],"children":[],"rendered":null}],"rendered":"\u001b[1m\u001b[33mwarning\u001b[0m\u001b[1m: unexpected `cfg` condition value: `anchor-debug`\u001b[0m\n \u001b[1m\u001b[94m--> \u001b[0mprograms/franco_student_pay/src/lib.rs:9:1\n  \u001b[1m\u001b[94m|\u001b[0m\n\u001b[1m\u001b[94m9\u001b[0m \u001b[1m\u001b[94m|\u001b[0m #[program]\n  \u001b[1m\u001b[94m|\u001b[0m \u001b[1m\u001b[33m^^^^^^^^^^\u001b[0m\n  \u001b[1m\u001b[94m|\u001b[0m\n  \u001b[1m\u001b[94m= \u001b[0m\u001b[1mnote\u001b[0m: expected values for `feature` are: `cpi`, `default`, `no-entrypoint`, `no-idl`, and `no-log-ix-name`\n  \u001b[1m\u001b[94m= \u001b[0m\u001b[1mnote\u001b[0m: using a cfg inside a derive macro will use the cfgs from the destination crate and not the ones from the defining crate\n  \u001b[1m\u001b[94m= \u001b[0m\u001b[1mhelp\u001b[0m: try referring to `Accounts` crate for guidance on how handle this unexpected cfg\n  \u001b[1m\u001b[94m= \u001b[0m\u001b[1mhelp\u001b[0m: the derive macro `Accounts` may come from an old version of the `anchor_derive_accounts` crate, try updating your dependency with `cargo update -p anchor_derive_accounts`\n  \u001b[1m\u001b[94m= \u001b[0m\u001b[1mnote\u001b[0m: see <https://doc.rust-lang.org/nightly/rustc/check-cfg/cargo-specifics.html> for more information about checking conditional configuration\n  \u001b[1m\u001b[94m= \u001b[0m\u001b[1mnote\u001b[0m: this warning originates in the derive macro `Accounts` (in Nightly builds, run with -Z macro-backtrace for more info)\n\n"}
{"$message_type":"diagnostic","message":"unexpected `cfg` condition value: `anchor-debug`","code":{"code":"unexpected_cfgs","explanation":null},"level":"warning","spans":[{"file_name":"programs/franco_student_pay/src/lib.rs","byte_start":9003,"byte_end":9011,"line_start":239,"line_end":239,"column_start":10,"column_end":18,"is_primary":true,"text":[{"text":"#[derive(Accounts)]","highlight_start":10,"highlight_end":18}],"label":null,"suggested_replacement":null,"suggestion_applicability":null,"expansion":{"span":{"file_name":"programs/franco_student_pay/src/lib.rs","byte_start":9003,"byte_end":9011,"line_start":239,"line_end":239,"column_start":10,"column_end":18,"is_primary":false,"text":[{"text":"#[derive(Accounts)]","highlight_start":10,"highlight_end":18}],"label":null,"suggested_replacement":null,"suggestion_applicability":null,"expansion":null},"macro_decl_name":"#[derive(Accounts)]","def_site_span":{"file_name":"/home/brakoose/.cargo/registry/src/index.crates.io-1949cf8c6b5b557f/anchor-derive-accounts-0.30.1/src/lib.rs","byte_start":29061,"byte_end":29117,"line_start":631,"line_end":631,"column_start":1,"column_end":57,"is_primary":false,"text":[{"text":"pub fn derive_accounts(item: TokenStream) -> TokenStream {","highlight_start":1,"highlight_end":57}],"label":null,"suggested_replacement":null,"suggestion_applicability":null,"expansion":null}}}],"children":[{"message":"expected values for `feature` are: `cpi`, `default`, `no-entrypoint`, `no-idl`, and `no-log-ix-name`","code":null,"level":"note","spans":[],"children":[],"rendered":null},{"message":"using a cfg inside a derive macro will use the cfgs from the destination crate and not the ones from the defining crate","code":null,"level":"note","spans":[],"children":[],"rendered":null},{"message":"try referring to `Accounts` crate for guidance on how handle this unexpected cfg","code":null,"level":"help","spans":[],"children":[],"rendered":null},{"message":"the derive macro `Accounts` may come from an old version of the `anchor_derive_accounts` crate, try updating your dependency with `cargo update -p anchor_derive_accounts`","code":null,"level":"help","spans":[],"children":[],"rendered":null},{"message":"see <https://doc.rust-lang.org/nightly/rustc/check-cfg/cargo-specifics.html> for more information about checking conditional configuration","code":null,"level":"note","spans":[],"children":[],"rendered":null}],"rendered":"\u001b[1m\u001b[33mwarning\u001b[0m\u001b[1m: unexpected `cfg` condition value: `anchor-debug`\u001b[0m\n   \u001b[1m\u001b[94m--> \u001b[0mprograms/franco_student_pay/src/lib.rs:239:10\n    \u001b[1m\u001b[94m|\u001b[0m\n\u001b[1m\u001b[94m239\u001b[0m \u001b[1m\u001b[94m|\u001b[0m #[derive(Accounts)]\n    \u001b[1m\u001b[94m|\u001b[0m          \u001b[1m\u001b[33m^^^^^^^^\u001b[0m\n    \u001b[1m\u001b[94m|\u001b[0m\n    \u001b[1m\u001b[94m= \u001b[0m\u001b[1mnote\u001b[0m: expected values for `feature` are: `cpi`, `default`, `no-entrypoint`, `no-idl`, and `no-log-ix-name`\n    \u001b[1m\u001b[94m= \u001b[0m\u001b[1mnote\u001b[0m: using a cfg inside a derive macro will use the cfgs from the destination crate and not the ones from the defining crate\n    \u001b[1m\u001b[94m= \u001b[0m\u001b[1mhelp\u001b[0m: try referring to `Accounts` crate for guidance on how handle this unexpected cfg\n    \u001b[1m\u001b[94m= \u001b[0m\u001b[1mhelp\u001b[0m: the derive macro `Accounts` may come from an old version of the `anchor_derive_accounts` crate, try updating your dependency with `cargo update -p anchor_derive_accounts`\n    \u001b[1m\u001b[94m= \u001b[0m\u001b[1mnote\u001b[0m: see <https://doc.rust-lang.org/nightly/rustc/check-cfg/cargo-specifics.html> for more information about checking conditional configuration\n    \u001b[1m\u001b[94m= \u001b[0m\u001b[1mnote\u001b[0m: this warning originates in the derive macro `Accounts` (in Nightly builds, run with -Z macro-backtrace for more info)\n\n"}
{"$message_type":"diagnostic","message":"unexpected `cfg` condition value: `anchor-debug`","code":{"code":"unexpected_cfgs","explanation":null},"level":"warning","spans":[{"file_name":"programs/franco_student_pay/src/lib.rs","byte_start":9781,"byte_end":9789,"line_start":269,"line_end":269,"column_start":10,"column_end":18,"is_primary":true,"text":[{"text":"#[derive(Accounts)]","highlight_start":10,"highlight_end":18}],"label":null,"suggested_replacement":null,"suggestion_applicability":null,"expansion":{"span":{"file_name":"programs/franco_student_pay/src/lib.rs","byte_start":9781,"byte_end":9789,"line_start":269,"line_end":269,"column_start":10,"column_end":18,"is_primary":false,"text":[{"text":"#[derive(Accounts)]","highlight_start":10,"highlight_end":18}],"label":null,"suggested_replacement":null,"suggestion_applicability":null,"expansion":null},"macro_decl_name":"#[derive(Accounts)]","def_site_span":{"file_name":"/home/brakoose/.cargo/registry/src/index.crates.io-1949cf8c6b5b557f/anchor-derive-accounts-0.30.1/src/lib.rs","byte_start":29061,"byte_end":29117,"line_start":631,"line_end":631,"column_start":1,"column_end":57,"is_primary":false,"text":[{"text":"pub fn derive_accounts(item: TokenStream) -> TokenStream {","highlight_start":1,"highlight_end":57}],"label":null,"suggested_replacement":null,"suggestion_applicability":null,"expansion":null}}}],"children":[{"message":"expected values for `feature` are: `cpi`, `default`, `no-entrypoint`, `no-idl`, and `no-log-ix-name`","code":null,"level":"note","spans":[],"children":[],"rendered":null},{"message":"using a cfg inside a derive macro will use the cfgs from the destination crate and not the ones from the defining crate","code":null,"level":"note","spans":[],"children":[],"rendered":null},{"message":"try referring to `Accounts` crate for guidance on how handle this unexpected cfg","code":null,"level":"help","spans":[],"children":[],"rendered":null},{"message":"the derive macro `Accounts` may come from an old version of the `anchor_derive_accounts` crate, try updating your dependency with `cargo update -p anchor_derive_accounts`","code":null,"level":"help","spans":[],"children":[],"rendered":null},{"message":"see <https://doc.rust-lang.org/nightly/rustc/check-cfg/cargo-specifics.html> for more information about checking conditional configuration","code":null,"level":"note","spans":[],"children":[],"rendered":null}],"rendered":"\u001b[1m\u001b[33mwarning\u001b[0m\u001b[1m: unexpected `cfg` condition value: `anchor-debug`\u001b[0m\n   \u001b[1m\u001b[94m--> \u001b[0mprograms/franco_student_pay/src/lib.rs:269:10\n    \u001b[1m\u001b[94m|\u001b[0m\n\u001b[1m\u001b[94m269\u001b[0m \u001b[1m\u001b[94m|\u001b[0m #[derive(Accounts)]\n    \u001b[1m\u001b[94m|\u001b[0m          \u001b[1m\u001b[33m^^^^^^^^\u001b[0m\n    \u001b[1m\u001b[94m|\u001b[0m\n    \u001b[1m\u001b[94m= \u001b[0m\u001b[1mnote\u001b[0m: expected values for `feature` are: `cpi`, `default`, `no-entrypoint`, `no-idl`, and `no-log-ix-name`\n    \u001b[1m\u001b[94m= \u001b[0m\u001b[1mnote\u001b[0m: using a cfg inside a derive macro will use the cfgs from the destination crate and not the ones from the defining crate\n    \u001b[1m\u001b[94m= \u001b[0m\u001b[1mhelp\u001b[0m: try referring to `Accounts` crate for guidance on how handle this unexpected cfg\n    \u001b[1m\u001b[94m= \u001b[0m\u001b[1mhelp\u001b[0m: the derive macro `Accounts` may come from an old version of the `anchor_derive_accounts` crate, try updating your dependency with `cargo update -p anchor_derive_accounts`\n    \u001b[1m\u001b[94m= \u001b[0m\u001b[1mnote\u001b[0m: see <https://doc.rust-lang.org/nightly/rustc/check-cfg/cargo-specifics.html> for more information about checking conditional configuration\n    \u001b[1m\u001b[94m= \u001b[0m\u001b[1mnote\u001b[0m: this warning originates in the derive macro `Accounts` (in Nightly builds, run with -Z macro-backtrace for more info)\n\n"}
{"$message_type":"diagnostic","message":"unexpected `cfg` condition value: `anchor-debug`","code":{"code":"unexpected_cfgs","explanation":null},"level":"warning","spans":[{"file_name":"programs/franco_student_pay/src/lib.rs","byte_start":14978,"byte_end":14986,"line_start":446,"line_end":446,"column_start":10,"column_end":18,"is_primary":true,"text":[{"text":"#[derive(Accounts)]","highlight_start":10,"highlight_end":18}],"label":null,"suggested_replacement":null,"suggestion_applicability":null,"expansion":{"span":{"file_name":"programs/franco_student_pay/src/lib.rs","byte_start":14978,"byte_end":14986,"line_start":446,"line_end":446,"column_start":10,"column_end":18,"is_primary":false,"text":[{"text":"#[derive(Accounts)]","highlight_start":10,"highlight_end":18}],"label":null,"suggested_replacement":null,"suggestion_applicability":null,"expansion":null},"macro_decl_name":"#[derive(Accounts)]","def_site_span":{"file_name":"/home/brakoose/.cargo/registry/src/index.crates.io-1949cf8c6b5b557f/anchor-derive-accounts-0.30.1/src/lib.rs","byte_start":29061,"byte_end":29117,"line_start":631,"line_end":631,"column_start":1,"column_end":57,"is_primary":false,"text":[{"text":"pub fn derive_accounts(item: TokenStream) -> TokenStream {","highlight_start":1,"highlight_end":57}],"label":null,"suggested_replacement":null,"suggestion_applicability":null,"expansion":null}}}],"children":[{"message":"expected values for `feature` are: `cpi`, `default`, `no-entrypoint`, `no-idl`, and `no-log-ix-name`","code":null,"level":"note","spans":[],"children":[],"rendered":null},{"message":"using a cfg inside a derive macro will use the cfgs from the destination crate and not the ones from the defining crate","code":null,"level":"note","spans":[],"children":[],"rendered":null},{"message":"try referring to `Accounts` crate for guidance on how handle this unexpected cfg","code":null,"level":"help","spans":[],"children":[],"rendered":null},{"message":"the derive macro `Accounts` may come from an old version of the `anchor_derive_accounts` crate, try updating your dependency with `cargo update -p anchor_derive_accounts`","code":null,"level":"help","spans":[],"children":[],"rendered":null},{"message":"see <https://doc.rust-lang.org/nightly/rustc/check-cfg/cargo-specifics.html> for more information about checking conditional configuration","code":null,"level":"note","spans":[],"children":[],"rendered":null}],"rendered":"\u001b[1m\u001b[33mwarning\u001b[0m\u001b[1m: unexpected `cfg` condition value: `anchor-debug`\u001b[0m\n   \u001b[1m\u001b[94m--> \u001b[0mprograms/franco_student_pay/src/lib.rs:446:10\n    \u001b[1m\u001b[94m|\u001b[0m\n\u001b[1m\u001b[94m446\u001b[0m \u001b[1m\u001b[94m|\u001b[0m #[derive(Accounts)]\n    \u001b[1m\u001b[94m|\u001b[0m          \u001b[1m\u001b[33m^^^^^^^^\u001b[0m\n    \u001b[1m\u001b[94m|\u001b[0m\n    \u001b[1m\u001b[94m= \u001b[0m\u001b[1mnote\u001b[0m: expected values for `feature` are: `cpi`, `default`, `no-entrypoint`, `no-idl`, and `no-log-ix-name`\n    \u001b[1m\u001b[94m= \u001b[0m\u001b[1mnote\u001b[0m: using a cfg inside a derive macro will use the cfgs from the destination crate and not the ones from the defining crate\n    \u001b[1m\u001b[94m= \u001b[0m\u001b[1mhelp\u001b[0m: try referring to `Accounts` crate for guidance on how handle this unexpected cfg\n    \u001b[1m\u001b[94m= \u001b[0m\u001b[1mhelp\u001b[0m: the derive macro `Accounts` may come from an old version of the `anchor_derive_accounts` crate, try updating your dependency with `cargo update -p anchor_derive_accounts`\n    \u001b[1m\u001b[94m= \u001b[0m\u001b[1mnote\u001b[0m: see <https://doc.rust-lang.org/nightly/rustc/check-cfg/cargo-specifics.html> for more information about checking conditional configuration\n    \u001b[1m\u001b[94m= \u001b[0m\u001b[1mnote\u001b[0m: this warning originates in the derive macro `Accounts` (in Nightly builds, run with -Z macro-backtrace for more info)\n\n"}
{"$message_type":"diagnostic","message":"unexpected `cfg` condition value: `anchor-debug`","code":{"code":"unexpected_cfgs","explanation":null},"level":"warning","spans":[{"file_name":"programs/franco_student_pay/src/lib.rs","byte_start":15611,"byte_end":15619,"line_start":474,"line_end":474,"column_start":10,"column_end":18,"is_primary":true,"text":[{"text":"#[derive(Accounts)]","highlight_start":10,"highlight_end":18}],"label":null,"suggested_replacement":null,"suggestion_applicability":null,"expansion":{"span":{"file_name":"programs/franco_student_pay/src/lib.rs","byte_start":15611,"byte_end":15619,"line_start":474,"line_end":474,"column_start":10,"column_end":18,"is_primary":false,"text":[{"text":"#[derive(Accounts)]","highlight_start":10,"highlight_end":18}],"label":null,"suggested_replacement":null,"suggestion_applicability":null,"expansion":null},"macro_decl_name":"#[derive(Accounts)]","def_site_span":{"file_name":"/home/brakoose/.cargo/registry/src/index.crates.io-1949cf8c6b5b557f/anchor-derive-accounts-0.30.1/src/lib.rs","byte_start":29061,"byte_end":29117,"line_start":631,"line_end":631,"column_start":1,"column_end":57,"is_primary":false,"text":[{"text":"pub fn derive_accounts(item: TokenStream) -> TokenStream {","highlight_start":1,"highlight_end":57}],"label":null,"suggested_replacement":null,"suggestion_applicability":null,"expansion":null}}}],"children":[{"message":"expected values for `feature` are: `cpi`, `default`, `no-entrypoint`, `no-idl`, and `no-log-ix-name`","code":null,"level":"note","spans":[],"children":[],"rendered":null},{"message":"using a cfg inside a derive macro will use the cfgs from the destination crate and not the ones from the defining crate","code":null,"level":"note","spans":[],"children":[],"rendered":null},{"message":"try referring to `Accounts` crate for guidance on how handle this unexpected cfg","code":null,"level":"help","spans":[],"children":[],"rendered":null},{"message":"the derive macro `Accounts` may come from an old version of the `anchor_derive_accounts` crate, try updating your dependency with `cargo update -p anchor_derive_accounts`","code":null,"level":"help","spans":[],"children":[],"rendered":null},{"message":"see <https://doc.rust-lang.org/nightly/rustc/check-cfg/cargo-specifics.html> for more information about checking conditional configuration","code":null,"level":"note","spans":[],"children":[],"rendered":null}],"rendered":"\u001b[1m\u001b[33mwarning\u001b[0m\u001b[1m: unexpected `cfg` condition value: `anchor-debug`\u001b[0m\n   \u001b[1m\u001b[94m--> \u001b[0mprograms/franco_student_pay/src/lib.rs:474:10\n    \u001b[1m\u001b[94m|\u001b[0m\n\u001b[1m\u001b[94m474\u001b[0m \u001b[1m\u001b[94m|\u001b[0m #[derive(Accounts)]\n    \u001b[1m\u001b[94m|\u001b[0m          \u001b[1m\u001b[33m^^^^^^^^\u001b[0m\n    \u001b[1m\u001b[94m|\u001b[0m\n    \u001b[1m\u001b[94m= \u001b[0m\u001b[1mnote\u001b[0m: expected values for `feature` are: `cpi`, `default`, `no-entrypoint`, `no-idl`, and `no-log-ix-name`\n    \u001b[1m\u001b[94m= \u001b[0m\u001b[1mnote\u001b[0m: using a cfg inside a derive macro will use the cfgs from the destination crate and not the ones from the defining crate\n    \u001b[1m\u001b[94m= \u001b[0m\u001b[1mhelp\u001b[0m: try referring to `Accounts` crate for guidance on how handle this unexpected cfg\n    \u001b[1m\u001b[94m= \u001b[0m\u001b[1mhelp\u001b[0m: the derive macro `Accounts` may come from an old version of the `anchor_derive_accounts` crate, try updating your dependency with `cargo update -p anchor_derive_accounts`\n    \u001b[1m\u001b[94m= \u001b[0m\u001b[1mnote\u001b[0m: see <https://doc.rust-lang.org/nightly/rustc/check-cfg/cargo-specifics.html> for more information about checking conditional configuration\n    \u001b[1m\u001b[94m= \u001b[0m\u001b[1mnote\u001b[0m: this warning originates in the derive macro `Accounts` (in Nightly builds, run with -Z macro-backtrace for more info)\n\n"}
{"$message_type":"diagnostic","message":"the trait bound `SettleOnramp<'_>: Bumps` is not satisfied","code":{"code":"E0277","explanation":"You tried to use a type which doesn't implement some trait in a place which\nexpected that trait.\n\nErroneous code example:\n\n```compile_fail,E0277\n// here we declare the Foo trait with a bar method\ntrait Foo {\n    fn bar(&self);\n}\n\n// we now declare a function which takes an object implementing the Foo trait\nfn some_func<T: Foo>(foo: T) {\n    foo.bar();\n}\n\nfn main() {\n    // we now call the method with the i32 type, which doesn't implement\n    // the Foo trait\n    some_func(5i32); // error: the trait bound `i32 : Foo` is not satisfied\n}\n```\n\nIn order to fix this error, verify that the type you're using does implement\nthe trait. Example:\n\n```\ntrait Foo {\n    fn bar(&self);\n}\n\n// we implement the trait on the i32 type\nimpl Foo for i32 {\n    fn bar(&self) {}\n}\n\nfn some_func<T: Foo>(foo: T) {\n    foo.bar(); // we can now use this method since i32 implements the\n               // Foo trait\n}\n\nfn main() {\n    some_func(5i32); // ok!\n}\n```\n\nOr in a generic context, an erroneous code example would look like:\n\n```compile_fail,E0277\nfn some_func<T>(foo: T) {\n    println!(\"{:?}\", foo); // error: the trait `core::fmt::Debug` is not\n                           //        implemented for the type `T`\n}\n\nfn main() {\n    // We now call the method with the i32 type,\n    // which *does* implement the Debug trait.\n    some_func(5i32);\n}\n```\n\nNote that the error here is in the definition of the generic function. Although\nwe only call it with a parameter that does implement `Debug`, the compiler\nstill rejects the function. It must work with all possible input types. In\norder to make this example compile, we need to restrict the generic type we're\naccepting:\n\n```\nuse std::fmt;\n\n// Restrict the input type to types that implement Debug.\nfn some_func<T: fmt::Debug>(foo: T) {\n    println!(\"{:?}\", foo);\n}\n\nfn main() {\n    // Calling the method is still fine, as i32 implements Debug.\n    some_func(5i32);\n\n    // This would fail to compile now:\n    // struct WithoutDebug;\n    // some_func(WithoutDebug);\n}\n```\n\nRust only looks at the signature of the called function, as such it must\nalready specify all requirements that will be used for every type parameter.\n"},"level":"error","spans":[{"file_name":"programs/franco_student_pay/src/lib.rs","byte_start":1662,"byte_end":1683,"line_start":47,"line_end":47,"column_start":14,"column_end":35,"is_primary":true,"text":[{"text":"        ctx: Context<SettleOnramp>,","highlight_start":14,"highlight_end":35}],"label":"unsatisfied trait bound","suggested_replacement":null,"suggestion_applicability":null,"expansion":null}],"children":[{"message":"the trait `Bumps` is not implemented for `SettleOnramp<'_>`","code":null,"level":"help","spans":[{"file_name":"programs/franco_student_pay/src/lib.rs","byte_start":10224,"byte_end":10254,"line_start":288,"line_end":288,"column_start":1,"column_end":31,"is_primary":true,"text":[{"text":"pub struct SettleOnramp<'info> {","highlight_start":1,"highlight_end":31}],"label":null,"suggested_replacement":null,"suggestion_applicability":null,"expansion":null}],"children":[],"rendered":null},{"message":"the following other types implement trait `Bumps`:\n  CreateNonceAccount<'info>\n  CreateNonceAccountWithSeed<'info>\n  DefaultAccountStateInitialize<'info>\n  DefaultAccountStateUpdate<'info>\n  FreezeStudent<'info>\n  GroupMemberPointerInitialize<'info>\n  GroupMemberPointerUpdate<'info>\n  GroupPointerInitialize<'info>\nand 79 others","code":null,"level":"help","spans":[],"children":[],"rendered":null},{"message":"required by a bound in `anchor_lang::context::Context`","code":null,"level":"note","spans":[{"file_name":"/home/brakoose/.cargo/registry/src/index.crates.io-1949cf8c6b5b557f/anchor-lang-0.30.1/src/context.rs","byte_start":826,"byte_end":831,"line_start":24,"line_end":24,"column_start":42,"column_end":47,"is_primary":true,"text":[{"text":"pub struct Context<'a, 'b, 'c, 'info, T: Bumps> {","highlight_start":42,"highlight_end":47}],"label":"required by this bound in `Context`","suggested_replacement":null,"suggestion_applicability":null,"expansion":null}],"children":[],"rendered":null}],"rendered":"\u001b[1m\u001b[91merror[E0277]\u001b[0m\u001b[1m: the trait bound `SettleOnramp<'_>: Bumps` is not satisfied\u001b[0m\n   \u001b[1m\u001b[94m--> \u001b[0mprograms/franco_student_pay/src/lib.rs:47:14\n    \u001b[1m\u001b[94m|\u001b[0m\n \u001b[1m\u001b[94m47\u001b[0m \u001b[1m\u001b[94m|\u001b[0m         ctx: Context<SettleOnramp>,\n    \u001b[1m\u001b[94m|\u001b[0m              \u001b[1m\u001b[91m^^^^^^^^^^^^^^^^^^^^^\u001b[0m \u001b[1m\u001b[91munsatisfied trait bound\u001b[0m\n    \u001b[1m\u001b[94m|\u001b[0m\n\u001b[1m\u001b[96mhelp\u001b[0m: the trait `Bumps` is not implemented for `SettleOnramp<'_>`\n   \u001b[1m\u001b[94m--> \u001b[0mprograms/franco_student_pay/src/lib.rs:288:1\n    \u001b[1m\u001b[94m|\u001b[0m\n\u001b[1m\u001b[94m288\u001b[0m \u001b[1m\u001b[94m|\u001b[0m pub struct SettleOnramp<'info> {\n    \u001b[1m\u001b[94m|\u001b[0m \u001b[1m\u001b[96m^^^^^^^^^^^^^^^^^^^^^^^^^^^^^^\u001b[0m\n    \u001b[1m\u001b[94m= \u001b[0m\u001b[1mhelp\u001b[0m: the following other types implement trait `Bumps`:\n              CreateNonceAccount<'info>\n              CreateNonceAccountWithSeed<'info>\n              DefaultAccountStateInitialize<'info>\n              DefaultAccountStateUpdate<'info>\n              FreezeStudent<'info>\n              GroupMemberPointerInitialize<'info>\n              GroupMemberPointerUpdate<'info>\n              GroupPointerInitialize<'info>\n            and 79 others\n\u001b[1m\u001b[92mnote\u001b[0m: required by a bound in `anchor_lang::context::Context`\n   \u001b[1m\u001b[94m--> \u001b[0m/home/brakoose/.cargo/registry/src/index.crates.io-1949cf8c6b5b557f/anchor-lang-0.30.1/src/context.rs:24:42\n    \u001b[1m\u001b[94m|\u001b[0m\n \u001b[1m\u001b[94m24\u001b[0m \u001b[1m\u001b[94m|\u001b[0m pub struct Context<'a, 'b, 'c, 'info, T: Bumps> {\n    \u001b[1m\u001b[94m|\u001b[0m                                          \u001b[1m\u001b[92m^^^^^\u001b[0m \u001b[1m\u001b[92mrequired by this bound in `Context`\u001b[0m\n\n"}
{"$message_type":"diagnostic","message":"the trait bound `SendUsdc<'_>: Bumps` is not satisfied","code":{"code":"E0277","explanation":"You tried to use a type which doesn't implement some trait in a place which\nexpected that trait.\n\nErroneous code example:\n\n```compile_fail,E0277\n// here we declare the Foo trait with a bar method\ntrait Foo {\n    fn bar(&self);\n}\n\n// we now declare a function which takes an object implementing the Foo trait\nfn some_func<T: Foo>(foo: T) {\n    foo.bar();\n}\n\nfn main() {\n    // we now call the method with the i32 type, which doesn't implement\n    // the Foo trait\n    some_func(5i32); // error: the trait bound `i32 : Foo` is not satisfied\n}\n```\n\nIn order to fix this error, verify that the type you're using does implement\nthe trait. Example:\n\n```\ntrait Foo {\n    fn bar(&self);\n}\n\n// we implement the trait on the i32 type\nimpl Foo for i32 {\n    fn bar(&self) {}\n}\n\nfn some_func<T: Foo>(foo: T) {\n    foo.bar(); // we can now use this method since i32 implements the\n               // Foo trait\n}\n\nfn main() {\n    some_func(5i32); // ok!\n}\n```\n\nOr in a generic context, an erroneous code example would look like:\n\n```compile_fail,E0277\nfn some_func<T>(foo: T) {\n    println!(\"{:?}\", foo); // error: the trait `core::fmt::Debug` is not\n                           //        implemented for the type `T`\n}\n\nfn main() {\n    // We now call the method with the i32 type,\n    // which *does* implement the Debug trait.\n    some_func(5i32);\n}\n```\n\nNote that the error here is in the definition of the generic function. Although\nwe only call it with a parameter that does implement `Debug`, the compiler\nstill rejects the function. It must work with all possible input types. In\norder to make this example compile, we need to restrict the generic type we're\naccepting:\n\n```\nuse std::fmt;\n\n// Restrict the input type to types that implement Debug.\nfn some_func<T: fmt::Debug>(foo: T) {\n    println!(\"{:?}\", foo);\n}\n\nfn main() {\n    // Calling the method is still fine, as i32 implements Debug.\n    some_func(5i32);\n\n    // This would fail to compile now:\n    // struct WithoutDebug;\n    // some_func(WithoutDebug);\n}\n```\n\nRust only looks at the signature of the called function, as such it must\nalready specify all requirements that will be used for every type parameter.\n"},"level":"error","spans":[{"file_name":"programs/franco_student_pay/src/lib.rs","byte_start":3778,"byte_end":3795,"line_start":101,"line_end":101,"column_start":27,"column_end":44,"is_primary":true,"text":[{"text":"    pub fn send_usdc(ctx: Context<SendUsdc>, amount: u64, reference: String) -> Result<()> {","highlight_start":27,"highlight_end":44}],"label":"unsatisfied trait bound","suggested_replacement":null,"suggestion_applicability":null,"expansion":null}],"children":[{"message":"the trait `Bumps` is not implemented for `SendUsdc<'_>`","code":null,"level":"help","spans":[{"file_name":"programs/franco_student_pay/src/lib.rs","byte_start":11924,"byte_end":11950,"line_start":342,"line_end":342,"column_start":1,"column_end":27,"is_primary":true,"text":[{"text":"pub struct SendUsdc<'info> {","highlight_start":1,"highlight_end":27}],"label":null,"suggested_replacement":null,"suggestion_applicability":null,"expansion":null}],"children":[],"rendered":null},{"message":"the following other types implement trait `Bumps`:\n  CreateNonceAccount<'info>\n  CreateNonceAccountWithSeed<'info>\n  DefaultAccountStateInitialize<'info>\n  DefaultAccountStateUpdate<'info>\n  FreezeStudent<'info>\n  GroupMemberPointerInitialize<'info>\n  GroupMemberPointerUpdate<'info>\n  GroupPointerInitialize<'info>\nand 79 others","code":null,"level":"help","spans":[],"children":[],"rendered":null},{"message":"required by a bound in `anchor_lang::context::Context`","code":null,"level":"note","spans":[{"file_name":"/home/brakoose/.cargo/registry/src/index.crates.io-1949cf8c6b5b557f/anchor-lang-0.30.1/src/context.rs","byte_start":826,"byte_end":831,"line_start":24,"line_end":24,"column_start":42,"column_end":47,"is_primary":true,"text":[{"text":"pub struct Context<'a, 'b, 'c, 'info, T: Bumps> {","highlight_start":42,"highlight_end":47}],"label":"required by this bound in `Context`","suggested_replacement":null,"suggestion_applicability":null,"expansion":null}],"children":[],"rendered":null}],"rendered":"\u001b[1m\u001b[91merror[E0277]\u001b[0m\u001b[1m: the trait bound `SendUsdc<'_>: Bumps` is not satisfied\u001b[0m\n   \u001b[1m\u001b[94m--> \u001b[0mprograms/franco_student_pay/src/lib.rs:101:27\n    \u001b[1m\u001b[94m|\u001b[0m\n\u001b[1m\u001b[94m101\u001b[0m \u001b[1m\u001b[94m|\u001b[0m     pub fn send_usdc(ctx: Context<SendUsdc>, amount: u64, reference: String) -> Result<()> {\n    \u001b[1m\u001b[94m|\u001b[0m                           \u001b[1m\u001b[91m^^^^^^^^^^^^^^^^^\u001b[0m \u001b[1m\u001b[91munsatisfied trait bound\u001b[0m\n    \u001b[1m\u001b[94m|\u001b[0m\n\u001b[1m\u001b[96mhelp\u001b[0m: the trait `Bumps` is not implemented for `SendUsdc<'_>`\n   \u001b[1m\u001b[94m--> \u001b[0mprograms/franco_student_pay/src/lib.rs:342:1\n    \u001b[1m\u001b[94m|\u001b[0m\n\u001b[1m\u001b[94m342\u001b[0m \u001b[1m\u001b[94m|\u001b[0m pub struct SendUsdc<'info> {\n    \u001b[1m\u001b[94m|\u001b[0m \u001b[1m\u001b[96m^^^^^^^^^^^^^^^^^^^^^^^^^^\u001b[0m\n    \u001b[1m\u001b[94m= \u001b[0m\u001b[1mhelp\u001b[0m: the following other types implement trait `Bumps`:\n              CreateNonceAccount<'info>\n              CreateNonceAccountWithSeed<'info>\n              DefaultAccountStateInitialize<'info>\n              DefaultAccountStateUpdate<'info>\n              FreezeStudent<'info>\n              GroupMemberPointerInitialize<'info>\n              GroupMemberPointerUpdate<'info>\n              GroupPointerInitialize<'info>\n            and 79 others\n\u001b[1m\u001b[92mnote\u001b[0m: required by a bound in `anchor_lang::context::Context`\n   \u001b[1m\u001b[94m--> \u001b[0m/home/brakoose/.cargo/registry/src/index.crates.io-1949cf8c6b5b557f/anchor-lang-0.30.1/src/context.rs:24:42\n    \u001b[1m\u001b[94m|\u001b[0m\n \u001b[1m\u001b[94m24\u001b[0m \u001b[1m\u001b[94m|\u001b[0m pub struct Context<'a, 'b, 'c, 'info, T: Bumps> {\n    \u001b[1m\u001b[94m|\u001b[0m                                          \u001b[1m\u001b[92m^^^^^\u001b[0m \u001b[1m\u001b[92mrequired by this bound in `Context`\u001b[0m\n\n"}
{"$message_type":"diagnostic","message":"the trait bound `SettleOfframp<'_>: Bumps` is not satisfied","code":{"code":"E0277","explanation":"You tried to use a type which doesn't implement some trait in a place which\nexpected that trait.\n\nErroneous code example:\n\n```compile_fail,E0277\n// here we declare the Foo trait with a bar method\ntrait Foo {\n    fn bar(&self);\n}\n\n// we now declare a function which takes an object implementing the Foo trait\nfn some_func<T: Foo>(foo: T) {\n    foo.bar();\n}\n\nfn main() {\n    // we now call the method with the i32 type, which doesn't implement\n    // the Foo trait\n    some_func(5i32); // error: the trait bound `i32 : Foo` is not satisfied\n}\n```\n\nIn order to fix this error, verify that the type you're using does implement\nthe trait. Example:\n\n```\ntrait Foo {\n    fn bar(&self);\n}\n\n// we implement the trait on the i32 type\nimpl Foo for i32 {\n    fn bar(&self) {}\n}\n\nfn some_func<T: Foo>(foo: T) {\n    foo.bar(); // we can now use this method since i32 implements the\n               // Foo trait\n}\n\nfn main() {\n    some_func(5i32); // ok!\n}\n```\n\nOr in a generic context, an erroneous code example would look like:\n\n```compile_fail,E0277\nfn some_func<T>(foo: T) {\n    println!(\"{:?}\", foo); // error: the trait `core::fmt::Debug` is not\n                           //        implemented for the type `T`\n}\n\nfn main() {\n    // We now call the method with the i32 type,\n    // which *does* implement the Debug trait.\n    some_func(5i32);\n}\n```\n\nNote that the error here is in the definition of the generic function. Although\nwe only call it with a parameter that does implement `Debug`, the compiler\nstill rejects the function. It must work with all possible input types. In\norder to make this example compile, we need to restrict the generic type we're\naccepting:\n\n```\nuse std::fmt;\n\n// Restrict the input type to types that implement Debug.\nfn some_func<T: fmt::Debug>(foo: T) {\n    println!(\"{:?}\", foo);\n}\n\nfn main() {\n    // Calling the method is still fine, as i32 implements Debug.\n    some_func(5i32);\n\n    // This would fail to compile now:\n    // struct WithoutDebug;\n    // some_func(WithoutDebug);\n}\n```\n\nRust only looks at the signature of the called function, as such it must\nalready specify all requirements that will be used for every type parameter.\n"},"level":"error","spans":[{"file_name":"programs/franco_student_pay/src/lib.rs","byte_start":6000,"byte_end":6022,"line_start":155,"line_end":155,"column_start":14,"column_end":36,"is_primary":true,"text":[{"text":"        ctx: Context<SettleOfframp>,","highlight_start":14,"highlight_end":36}],"label":"unsatisfied trait bound","suggested_replacement":null,"suggestion_applicability":null,"expansion":null}],"children":[{"message":"the trait `Bumps` is not implemented for `SettleOfframp<'_>`","code":null,"level":"help","spans":[{"file_name":"programs/franco_student_pay/src/lib.rs","byte_start":13607,"byte_end":13638,"line_start":399,"line_end":399,"column_start":1,"column_end":32,"is_primary":true,"text":[{"text":"pub struct SettleOfframp<'info> {","highlight_start":1,"highlight_end":32}],"label":null,"suggested_replacement":null,"suggestion_applicability":null,"expansion":null}],"children":[],"rendered":null},{"message":"the following other types implement trait `Bumps`:\n  CreateNonceAccount<'info>\n  CreateNonceAccountWithSeed<'info>\n  DefaultAccountStateInitialize<'info>\n  DefaultAccountStateUpdate<'info>\n  FreezeStudent<'info>\n  GroupMemberPointerInitialize<'info>\n  GroupMemberPointerUpdate<'info>\n  GroupPointerInitialize<'info>\nand 79 others","code":null,"level":"help","spans":[],"children":[],"rendered":null},{"message":"required by a bound in `anchor_lang::context::Context`","code":null,"level":"note","spans":[{"file_name":"/home/brakoose/.cargo/registry/src/index.crates.io-1949cf8c6b5b557f/anchor-lang-0.30.1/src/context.rs","byte_start":826,"byte_end":831,"line_start":24,"line_end":24,"column_start":42,"column_end":47,"is_primary":true,"text":[{"text":"pub struct Context<'a, 'b, 'c, 'info, T: Bumps> {","highlight_start":42,"highlight_end":47}],"label":"required by this bound in `Context`","suggested_replacement":null,"suggestion_applicability":null,"expansion":null}],"children":[],"rendered":null}],"rendered":"\u001b[1m\u001b[91merror[E0277]\u001b[0m\u001b[1m: the trait bound `SettleOfframp<'_>: Bumps` is not satisfied\u001b[0m\n   \u001b[1m\u001b[94m--> \u001b[0mprograms/franco_student_pay/src/lib.rs:155:14\n    \u001b[1m\u001b[94m|\u001b[0m\n\u001b[1m\u001b[94m155\u001b[0m \u001b[1m\u001b[94m|\u001b[0m         ctx: Context<SettleOfframp>,\n    \u001b[1m\u001b[94m|\u001b[0m              \u001b[1m\u001b[91m^^^^^^^^^^^^^^^^^^^^^^\u001b[0m \u001b[1m\u001b[91munsatisfied trait bound\u001b[0m\n    \u001b[1m\u001b[94m|\u001b[0m\n\u001b[1m\u001b[96mhelp\u001b[0m: the trait `Bumps` is not implemented for `SettleOfframp<'_>`\n   \u001b[1m\u001b[94m--> \u001b[0mprograms/franco_student_pay/src/lib.rs:399:1\n    \u001b[1m\u001b[94m|\u001b[0m\n\u001b[1m\u001b[94m399\u001b[0m \u001b[1m\u001b[94m|\u001b[0m pub struct SettleOfframp<'info> {\n    \u001b[1m\u001b[94m|\u001b[0m \u001b[1m\u001b[96m^^^^^^^^^^^^^^^^^^^^^^^^^^^^^^^\u001b[0m\n    \u001b[1m\u001b[94m= \u001b[0m\u001b[1mhelp\u001b[0m: the following other types implement trait `Bumps`:\n              CreateNonceAccount<'info>\n              CreateNonceAccountWithSeed<'info>\n              DefaultAccountStateInitialize<'info>\n              DefaultAccountStateUpdate<'info>\n              FreezeStudent<'info>\n              GroupMemberPointerInitialize<'info>\n              GroupMemberPointerUpdate<'info>\n              GroupPointerInitialize<'info>\n            and 79 others\n\u001b[1m\u001b[92mnote\u001b[0m: required by a bound in `anchor_lang::context::Context`\n   \u001b[1m\u001b[94m--> \u001b[0m/home/brakoose/.cargo/registry/src/index.crates.io-1949cf8c6b5b557f/anchor-lang-0.30.1/src/context.rs:24:42\n    \u001b[1m\u001b[94m|\u001b[0m\n \u001b[1m\u001b[94m24\u001b[0m \u001b[1m\u001b[94m|\u001b[0m pub struct Context<'a, 'b, 'c, 'info, T: Bumps> {\n    \u001b[1m\u001b[94m|\u001b[0m                                          \u001b[1m\u001b[92m^^^^^\u001b[0m \u001b[1m\u001b[92mrequired by this bound in `Context`\u001b[0m\n\n"}
{"$message_type":"diagnostic","message":"the trait bound `SettleOnramp<'_>: Bumps` is not satisfied","code":{"code":"E0277","explanation":"You tried to use a type which doesn't implement some trait in a place which\nexpected that trait.\n\nErroneous code example:\n\n```compile_fail,E0277\n// here we declare the Foo trait with a bar method\ntrait Foo {\n    fn bar(&self);\n}\n\n// we now declare a function which takes an object implementing the Foo trait\nfn some_func<T: Foo>(foo: T) {\n    foo.bar();\n}\n\nfn main() {\n    // we now call the method with the i32 type, which doesn't implement\n    // the Foo trait\n    some_func(5i32); // error: the trait bound `i32 : Foo` is not satisfied\n}\n```\n\nIn order to fix this error, verify that the type you're using does implement\nthe trait. Example:\n\n```\ntrait Foo {\n    fn bar(&self);\n}\n\n// we implement the trait on the i32 type\nimpl Foo for i32 {\n    fn bar(&self) {}\n}\n\nfn some_func<T: Foo>(foo: T) {\n    foo.bar(); // we can now use this method since i32 implements the\n               // Foo trait\n}\n\nfn main() {\n    some_func(5i32); // ok!\n}\n```\n\nOr in a generic context, an erroneous code example would look like:\n\n```compile_fail,E0277\nfn some_func<T>(foo: T) {\n    println!(\"{:?}\", foo); // error: the trait `core::fmt::Debug` is not\n                           //        implemented for the type `T`\n}\n\nfn main() {\n    // We now call the method with the i32 type,\n    // which *does* implement the Debug trait.\n    some_func(5i32);\n}\n```\n\nNote that the error here is in the definition of the generic function. Although\nwe only call it with a parameter that does implement `Debug`, the compiler\nstill rejects the function. It must work with all possible input types. In\norder to make this example compile, we need to restrict the generic type we're\naccepting:\n\n```\nuse std::fmt;\n\n// Restrict the input type to types that implement Debug.\nfn some_func<T: fmt::Debug>(foo: T) {\n    println!(\"{:?}\", foo);\n}\n\nfn main() {\n    // Calling the method is still fine, as i32 implements Debug.\n    some_func(5i32);\n\n    // This would fail to compile now:\n    // struct WithoutDebug;\n    // some_func(WithoutDebug);\n}\n```\n\nRust only looks at the signature of the called function, as such it must\nalready specify all requirements that will be used for every type parameter.\n"},"level":"error","spans":[{"file_name":"programs/franco_student_pay/src/lib.rs","byte_start":1670,"byte_end":1682,"line_start":47,"line_end":47,"column_start":22,"column_end":34,"is_primary":true,"text":[{"text":"        ctx: Context<SettleOnramp>,","highlight_start":22,"highlight_end":34}],"label":"unsatisfied trait bound","suggested_replacement":null,"suggestion_applicability":null,"expansion":null}],"children":[{"message":"the trait `Bumps` is not implemented for `SettleOnramp<'_>`","code":null,"level":"help","spans":[{"file_name":"programs/franco_student_pay/src/lib.rs","byte_start":10224,"byte_end":10254,"line_start":288,"line_end":288,"column_start":1,"column_end":31,"is_primary":true,"text":[{"text":"pub struct SettleOnramp<'info> {","highlight_start":1,"highlight_end":31}],"label":null,"suggested_replacement":null,"suggestion_applicability":null,"expansion":null}],"children":[],"rendered":null},{"message":"the following other types implement trait `Bumps`:\n  CreateNonceAccount<'info>\n  CreateNonceAccountWithSeed<'info>\n  DefaultAccountStateInitialize<'info>\n  DefaultAccountStateUpdate<'info>\n  FreezeStudent<'info>\n  GroupMemberPointerInitialize<'info>\n  GroupMemberPointerUpdate<'info>\n  GroupPointerInitialize<'info>\nand 79 others","code":null,"level":"help","spans":[],"children":[],"rendered":null}],"rendered":"\u001b[1m\u001b[91merror[E0277]\u001b[0m\u001b[1m: the trait bound `SettleOnramp<'_>: Bumps` is not satisfied\u001b[0m\n   \u001b[1m\u001b[94m--> \u001b[0mprograms/franco_student_pay/src/lib.rs:47:22\n    \u001b[1m\u001b[94m|\u001b[0m\n \u001b[1m\u001b[94m47\u001b[0m \u001b[1m\u001b[94m|\u001b[0m         ctx: Context<SettleOnramp>,\n    \u001b[1m\u001b[94m|\u001b[0m                      \u001b[1m\u001b[91m^^^^^^^^^^^^\u001b[0m \u001b[1m\u001b[91munsatisfied trait bound\u001b[0m\n    \u001b[1m\u001b[94m|\u001b[0m\n\u001b[1m\u001b[96mhelp\u001b[0m: the trait `Bumps` is not implemented for `SettleOnramp<'_>`\n   \u001b[1m\u001b[94m--> \u001b[0mprograms/franco_student_pay/src/lib.rs:288:1\n    \u001b[1m\u001b[94m|\u001b[0m\n\u001b[1m\u001b[94m288\u001b[0m \u001b[1m\u001b[94m|\u001b[0m pub struct SettleOnramp<'info> {\n    \u001b[1m\u001b[94m|\u001b[0m \u001b[1m\u001b[96m^^^^^^^^^^^^^^^^^^^^^^^^^^^^^^\u001b[0m\n    \u001b[1m\u001b[94m= \u001b[0m\u001b[1mhelp\u001b[0m: the following other types implement trait `Bumps`:\n              CreateNonceAccount<'info>\n              CreateNonceAccountWithSeed<'info>\n              DefaultAccountStateInitialize<'info>\n              DefaultAccountStateUpdate<'info>\n              FreezeStudent<'info>\n              GroupMemberPointerInitialize<'info>\n              GroupMemberPointerUpdate<'info>\n              GroupPointerInitialize<'info>\n            and 79 others\n\n"}
{"$message_type":"diagnostic","message":"the trait bound `SettleOnramp<'_>: Bumps` is not satisfied","code":{"code":"E0277","explanation":"You tried to use a type which doesn't implement some trait in a place which\nexpected that trait.\n\nErroneous code example:\n\n```compile_fail,E0277\n// here we declare the Foo trait with a bar method\ntrait Foo {\n    fn bar(&self);\n}\n\n// we now declare a function which takes an object implementing the Foo trait\nfn some_func<T: Foo>(foo: T) {\n    foo.bar();\n}\n\nfn main() {\n    // we now call the method with the i32 type, which doesn't implement\n    // the Foo trait\n    some_func(5i32); // error: the trait bound `i32 : Foo` is not satisfied\n}\n```\n\nIn order to fix this error, verify that the type you're using does implement\nthe trait. Example:\n\n```\ntrait Foo {\n    fn bar(&self);\n}\n\n// we implement the trait on the i32 type\nimpl Foo for i32 {\n    fn bar(&self) {}\n}\n\nfn some_func<T: Foo>(foo: T) {\n    foo.bar(); // we can now use this method since i32 implements the\n               // Foo trait\n}\n\nfn main() {\n    some_func(5i32); // ok!\n}\n```\n\nOr in a generic context, an erroneous code example would look like:\n\n```compile_fail,E0277\nfn some_func<T>(foo: T) {\n    println!(\"{:?}\", foo); // error: the trait `core::fmt::Debug` is not\n                           //        implemented for the type `T`\n}\n\nfn main() {\n    // We now call the method with the i32 type,\n    // which *does* implement the Debug trait.\n    some_func(5i32);\n}\n```\n\nNote that the error here is in the definition of the generic function. Although\nwe only call it with a parameter that does implement `Debug`, the compiler\nstill rejects the function. It must work with all possible input types. In\norder to make this example compile, we need to restrict the generic type we're\naccepting:\n\n```\nuse std::fmt;\n\n// Restrict the input type to types that implement Debug.\nfn some_func<T: fmt::Debug>(foo: T) {\n    println!(\"{:?}\", foo);\n}\n\nfn main() {\n    // Calling the method is still fine, as i32 implements Debug.\n    some_func(5i32);\n\n    // This would fail to compile now:\n    // struct WithoutDebug;\n    // some_func(WithoutDebug);\n}\n```\n\nRust only looks at the signature of the called function, as such it must\nalready specify all requirements that will be used for every type parameter.\n"},"level":"error","spans":[{"file_name":"programs/franco_student_pay/src/lib.rs","byte_start":311,"byte_end":321,"line_start":9,"line_end":9,"column_start":1,"column_end":11,"is_primary":true,"text":[{"text":"#[program]","highlight_start":1,"highlight_end":11}],"label":"unsatisfied trait bound","suggested_replacement":null,"suggestion_applicability":null,"expansion":{"span":{"file_name":"programs/franco_student_pay/src/lib.rs","byte_start":311,"byte_end":321,"line_start":9,"line_end":9,"column_start":1,"column_end":11,"is_primary":false,"text":[{"text":"#[program]","highlight_start":1,"highlight_end":11}],"label":null,"suggested_replacement":null,"suggestion_applicability":null,"expansion":null},"macro_decl_name":"#[program]","def_site_span":{"file_name":"/home/brakoose/.cargo/registry/src/index.crates.io-1949cf8c6b5b557f/anchor-attribute-program-0.30.1/src/lib.rs","byte_start":293,"byte_end":409,"line_start":12,"line_end":15,"column_start":1,"column_end":29,"is_primary":false,"text":[{"text":"pub fn program(","highlight_start":1,"highlight_end":16},{"text":"    _args: proc_macro::TokenStream,","highlight_start":1,"highlight_end":36},{"text":"    input: proc_macro::TokenStream,","highlight_start":1,"highlight_end":36},{"text":") -> proc_macro::TokenStream {","highlight_start":1,"highlight_end":29}],"label":null,"suggested_replacement":null,"suggestion_applicability":null,"expansion":null}}}],"children":[{"message":"the trait `Bumps` is not implemented for `SettleOnramp<'_>`","code":null,"level":"help","spans":[{"file_name":"programs/franco_student_pay/src/lib.rs","byte_start":10224,"byte_end":10254,"line_start":288,"line_end":288,"column_start":1,"column_end":31,"is_primary":true,"text":[{"text":"pub struct SettleOnramp<'info> {","highlight_start":1,"highlight_end":31}],"label":null,"suggested_replacement":null,"suggestion_applicability":null,"expansion":null}],"children":[],"rendered":null},{"message":"the following other types implement trait `Bumps`:\n  CreateNonceAccount<'info>\n  CreateNonceAccountWithSeed<'info>\n  DefaultAccountStateInitialize<'info>\n  DefaultAccountStateUpdate<'info>\n  FreezeStudent<'info>\n  GroupMemberPointerInitialize<'info>\n  GroupMemberPointerUpdate<'info>\n  GroupPointerInitialize<'info>\nand 79 others","code":null,"level":"help","spans":[],"children":[],"rendered":null}],"rendered":"\u001b[1m\u001b[91merror[E0277]\u001b[0m\u001b[1m: the trait bound `SettleOnramp<'_>: Bumps` is not satisfied\u001b[0m\n   \u001b[1m\u001b[94m--> \u001b[0mprograms/franco_student_pay/src/lib.rs:9:1\n    \u001b[1m\u001b[94m|\u001b[0m\n  \u001b[1m\u001b[94m9\u001b[0m \u001b[1m\u001b[94m|\u001b[0m #[program]\n    \u001b[1m\u001b[94m|\u001b[0m \u001b[1m\u001b[91m^^^^^^^^^^\u001b[0m \u001b[1m\u001b[91munsatisfied trait bound\u001b[0m\n    \u001b[1m\u001b[94m|\u001b[0m\n\u001b[1m\u001b[96mhelp\u001b[0m: the trait `Bumps` is not implemented for `SettleOnramp<'_>`\n   \u001b[1m\u001b[94m--> \u001b[0mprograms/franco_student_pay/src/lib.rs:288:1\n    \u001b[1m\u001b[94m|\u001b[0m\n\u001b[1m\u001b[94m288\u001b[0m \u001b[1m\u001b[94m|\u001b[0m pub struct SettleOnramp<'info> {\n    \u001b[1m\u001b[94m|\u001b[0m \u001b[1m\u001b[96m^^^^^^^^^^^^^^^^^^^^^^^^^^^^^^\u001b[0m\n    \u001b[1m\u001b[94m= \u001b[0m\u001b[1mhelp\u001b[0m: the following other types implement trait `Bumps`:\n              CreateNonceAccount<'info>\n              CreateNonceAccountWithSeed<'info>\n              DefaultAccountStateInitialize<'info>\n              DefaultAccountStateUpdate<'info>\n              FreezeStudent<'info>\n              GroupMemberPointerInitialize<'info>\n              GroupMemberPointerUpdate<'info>\n              GroupPointerInitialize<'info>\n            and 79 others\n    \u001b[1m\u001b[94m= \u001b[0m\u001b[1mnote\u001b[0m: this error originates in the attribute macro `program` (in Nightly builds, run with -Z macro-backtrace for more info)\n\n"}
{"$message_type":"diagnostic","message":"no function or associated item named `try_accounts` found for struct `SettleOnramp<'info>` in the current scope","code":{"code":"E0599","explanation":"This error occurs when a method is used on a type which doesn't implement it:\n\nErroneous code example:\n\n```compile_fail,E0599\nstruct Mouth;\n\nlet x = Mouth;\nx.chocolate(); // error: no method named `chocolate` found for type `Mouth`\n               //        in the current scope\n```\n\nIn this case, you need to implement the `chocolate` method to fix the error:\n\n```\nstruct Mouth;\n\nimpl Mouth {\n    fn chocolate(&self) { // We implement the `chocolate` method here.\n        println!(\"Hmmm! I love chocolate!\");\n    }\n}\n\nlet x = Mouth;\nx.chocolate(); // ok!\n```\n"},"level":"error","spans":[{"file_name":"programs/franco_student_pay/src/lib.rs","byte_start":311,"byte_end":321,"line_start":9,"line_end":9,"column_start":1,"column_end":11,"is_primary":true,"text":[{"text":"#[program]","highlight_start":1,"highlight_end":11}],"label":"function or associated item not found in `SettleOnramp<'_>`","suggested_replacement":null,"suggestion_applicability":null,"expansion":{"span":{"file_name":"programs/franco_student_pay/src/lib.rs","byte_start":311,"byte_end":321,"line_start":9,"line_end":9,"column_start":1,"column_end":11,"is_primary":false,"text":[{"text":"#[program]","highlight_start":1,"highlight_end":11}],"label":null,"suggested_replacement":null,"suggestion_applicability":null,"expansion":null},"macro_decl_name":"#[program]","def_site_span":{"file_name":"/home/brakoose/.cargo/registry/src/index.crates.io-1949cf8c6b5b557f/anchor-attribute-program-0.30.1/src/lib.rs","byte_start":293,"byte_end":409,"line_start":12,"line_end":15,"column_start":1,"column_end":29,"is_primary":false,"text":[{"text":"pub fn program(","highlight_start":1,"highlight_end":16},{"text":"    _args: proc_macro::TokenStream,","highlight_start":1,"highlight_end":36},{"text":"    input: proc_macro::TokenStream,","highlight_start":1,"highlight_end":36},{"text":") -> proc_macro::TokenStream {","highlight_start":1,"highlight_end":29}],"label":null,"suggested_replacement":null,"suggestion_applicability":null,"expansion":null}}},{"file_name":"programs/franco_student_pay/src/lib.rs","byte_start":10224,"byte_end":10254,"line_start":288,"line_end":288,"column_start":1,"column_end":31,"is_primary":false,"text":[{"text":"pub struct SettleOnramp<'info> {","highlight_start":1,"highlight_end":31}],"label":"function or associated item `try_accounts` not found for this struct","suggested_replacement":null,"suggestion_applicability":null,"expansion":null}],"children":[{"message":"items from traits can only be used if the trait is implemented and in scope","code":null,"level":"help","spans":[],"children":[],"rendered":null},{"message":"the following trait defines an item `try_accounts`, perhaps you need to implement it:\ncandidate #1: `anchor_lang::Accounts`","code":null,"level":"note","spans":[],"children":[],"rendered":null}],"rendered":"\u001b[1m\u001b[91merror[E0599]\u001b[0m\u001b[1m: no function or associated item named `try_accounts` found for struct `SettleOnramp<'info>` in the current scope\u001b[0m\n   \u001b[1m\u001b[94m--> \u001b[0mprograms/franco_student_pay/src/lib.rs:9:1\n    \u001b[1m\u001b[94m|\u001b[0m\n  \u001b[1m\u001b[94m9\u001b[0m \u001b[1m\u001b[94m|\u001b[0m #[program]\n    \u001b[1m\u001b[94m|\u001b[0m \u001b[1m\u001b[91m^^^^^^^^^^\u001b[0m \u001b[1m\u001b[91mfunction or associated item not found in `SettleOnramp<'_>`\u001b[0m\n\u001b[1m\u001b[94m...\u001b[0m\n\u001b[1m\u001b[94m288\u001b[0m \u001b[1m\u001b[94m|\u001b[0m pub struct SettleOnramp<'info> {\n    \u001b[1m\u001b[94m|\u001b[0m \u001b[1m\u001b[94m------------------------------\u001b[0m \u001b[1m\u001b[94mfunction or associated item `try_accounts` not found for this struct\u001b[0m\n    \u001b[1m\u001b[94m|\u001b[0m\n    \u001b[1m\u001b[94m= \u001b[0m\u001b[1mhelp\u001b[0m: items from traits can only be used if the trait is implemented and in scope\n    \u001b[1m\u001b[94m= \u001b[0m\u001b[1mnote\u001b[0m: the following trait defines an item `try_accounts`, perhaps you need to implement it:\n            candidate #1: `anchor_lang::Accounts`\n    \u001b[1m\u001b[94m= \u001b[0m\u001b[1mnote\u001b[0m: this error originates in the attribute macro `program` (in Nightly builds, run with -Z macro-backtrace for more info)\n\n"}
{"$message_type":"diagnostic","message":"the trait bound `SettleOnramp<'_>: anchor_lang::Accounts<'_, _>` is not satisfied","code":{"code":"E0277","explanation":"You tried to use a type which doesn't implement some trait in a place which\nexpected that trait.\n\nErroneous code example:\n\n```compile_fail,E0277\n// here we declare the Foo trait with a bar method\ntrait Foo {\n    fn bar(&self);\n}\n\n// we now declare a function which takes an object implementing the Foo trait\nfn some_func<T: Foo>(foo: T) {\n    foo.bar();\n}\n\nfn main() {\n    // we now call the method with the i32 type, which doesn't implement\n    // the Foo trait\n    some_func(5i32); // error: the trait bound `i32 : Foo` is not satisfied\n}\n```\n\nIn order to fix this error, verify that the type you're using does implement\nthe trait. Example:\n\n```\ntrait Foo {\n    fn bar(&self);\n}\n\n// we implement the trait on the i32 type\nimpl Foo for i32 {\n    fn bar(&self) {}\n}\n\nfn some_func<T: Foo>(foo: T) {\n    foo.bar(); // we can now use this method since i32 implements the\n               // Foo trait\n}\n\nfn main() {\n    some_func(5i32); // ok!\n}\n```\n\nOr in a generic context, an erroneous code example would look like:\n\n```compile_fail,E0277\nfn some_func<T>(foo: T) {\n    println!(\"{:?}\", foo); // error: the trait `core::fmt::Debug` is not\n                           //        implemented for the type `T`\n}\n\nfn main() {\n    // We now call the method with the i32 type,\n    // which *does* implement the Debug trait.\n    some_func(5i32);\n}\n```\n\nNote that the error here is in the definition of the generic function. Although\nwe only call it with a parameter that does implement `Debug`, the compiler\nstill rejects the function. It must work with all possible input types. In\norder to make this example compile, we need to restrict the generic type we're\naccepting:\n\n```\nuse std::fmt;\n\n// Restrict the input type to types that implement Debug.\nfn some_func<T: fmt::Debug>(foo: T) {\n    println!(\"{:?}\", foo);\n}\n\nfn main() {\n    // Calling the method is still fine, as i32 implements Debug.\n    some_func(5i32);\n\n    // This would fail to compile now:\n    // struct WithoutDebug;\n    // some_func(WithoutDebug);\n}\n```\n\nRust only looks at the signature of the called function, as such it must\nalready specify all requirements that will be used for every type parameter.\n"},"level":"error","spans":[{"file_name":"programs/franco_student_pay/src/lib.rs","byte_start":311,"byte_end":321,"line_start":9,"line_end":9,"column_start":1,"column_end":11,"is_primary":true,"text":[{"text":"#[program]","highlight_start":1,"highlight_end":11}],"label":"unsatisfied trait bound","suggested_replacement":null,"suggestion_applicability":null,"expansion":{"span":{"file_name":"programs/franco_student_pay/src/lib.rs","byte_start":311,"byte_end":321,"line_start":9,"line_end":9,"column_start":1,"column_end":11,"is_primary":false,"text":[{"text":"#[program]","highlight_start":1,"highlight_end":11}],"label":null,"suggested_replacement":null,"suggestion_applicability":null,"expansion":null},"macro_decl_name":"#[program]","def_site_span":{"file_name":"/home/brakoose/.cargo/registry/src/index.crates.io-1949cf8c6b5b557f/anchor-attribute-program-0.30.1/src/lib.rs","byte_start":293,"byte_end":409,"line_start":12,"line_end":15,"column_start":1,"column_end":29,"is_primary":false,"text":[{"text":"pub fn program(","highlight_start":1,"highlight_end":16},{"text":"    _args: proc_macro::TokenStream,","highlight_start":1,"highlight_end":36},{"text":"    input: proc_macro::TokenStream,","highlight_start":1,"highlight_end":36},{"text":") -> proc_macro::TokenStream {","highlight_start":1,"highlight_end":29}],"label":null,"suggested_replacement":null,"suggestion_applicability":null,"expansion":null}}}],"children":[{"message":"the trait `anchor_lang::Accounts<'_, _>` is not implemented for `SettleOnramp<'_>`","code":null,"level":"help","spans":[{"file_name":"programs/franco_student_pay/src/lib.rs","byte_start":10224,"byte_end":10254,"line_start":288,"line_end":288,"column_start":1,"column_end":31,"is_primary":true,"text":[{"text":"pub struct SettleOnramp<'info> {","highlight_start":1,"highlight_end":31}],"label":null,"suggested_replacement":null,"suggestion_applicability":null,"expansion":null}],"children":[],"rendered":null},{"message":"the following other types implement trait `anchor_lang::Accounts<'info, B>`:\n  `AccountLoader<'info, T>` implements `anchor_lang::Accounts<'info, B>`\n  `Box<T>` implements `anchor_lang::Accounts<'info, B>`\n  `CreateNonceAccount<'info>` implements `anchor_lang::Accounts<'info, CreateNonceAccountBumps>`\n  `CreateNonceAccountWithSeed<'info>` implements `anchor_lang::Accounts<'info, CreateNonceAccountWithSeedBumps>`\n  `DefaultAccountStateInitialize<'info>` implements `anchor_lang::Accounts<'info, DefaultAccountStateInitializeBumps>`\n  `DefaultAccountStateUpdate<'info>` implements `anchor_lang::Accounts<'info, DefaultAccountStateUpdateBumps>`\n  `FreezeStudent<'info>` implements `anchor_lang::Accounts<'info, FreezeStudentBumps>`\n  `GroupMemberPointerInitialize<'info>` implements `anchor_lang::Accounts<'info, GroupMemberPointerInitializeBumps>`\nand 92 others","code":null,"level":"help","spans":[],"children":[],"rendered":null},{"message":"required by a bound in `anchor_lang::context::Context::<'a, 'b, 'c, 'info, T>::new`","code":null,"level":"note","spans":[{"file_name":"/home/brakoose/.cargo/registry/src/index.crates.io-1949cf8c6b5b557f/anchor-lang-0.30.1/src/context.rs","byte_start":1981,"byte_end":1984,"line_start":57,"line_end":57,"column_start":12,"column_end":15,"is_primary":false,"text":[{"text":"    pub fn new(","highlight_start":12,"highlight_end":15}],"label":"required by a bound in this associated function","suggested_replacement":null,"suggestion_applicability":null,"expansion":null},{"file_name":"/home/brakoose/.cargo/registry/src/index.crates.io-1949cf8c6b5b557f/anchor-lang-0.30.1/src/context.rs","byte_start":1941,"byte_end":1966,"line_start":55,"line_end":55,"column_start":16,"column_end":41,"is_primary":true,"text":[{"text":"    T: Bumps + Accounts<'info, T::Bumps>,","highlight_start":16,"highlight_end":41}],"label":"required by this bound in `Context::<'a, 'b, 'c, 'info, T>::new`","suggested_replacement":null,"suggestion_applicability":null,"expansion":null}],"children":[],"rendered":null}],"rendered":"\u001b[1m\u001b[91merror[E0277]\u001b[0m\u001b[1m: the trait bound `SettleOnramp<'_>: anchor_lang::Accounts<'_, _>` is not satisfied\u001b[0m\n   \u001b[1m\u001b[94m--> \u001b[0mprograms/franco_student_pay/src/lib.rs:9:1\n    \u001b[1m\u001b[94m|\u001b[0m\n  \u001b[1m\u001b[94m9\u001b[0m \u001b[1m\u001b[94m|\u001b[0m #[program]\n    \u001b[1m\u001b[94m|\u001b[0m \u001b[1m\u001b[91m^^^^^^^^^^\u001b[0m \u001b[1m\u001b[91munsatisfied trait bound\u001b[0m\n    \u001b[1m\u001b[94m|\u001b[0m\n\u001b[1m\u001b[96mhelp\u001b[0m: the trait `anchor_lang::Accounts<'_, _>` is not implemented for `SettleOnramp<'_>`\n   \u001b[1m\u001b[94m--> \u001b[0mprograms/franco_student_pay/src/lib.rs:288:1\n    \u001b[1m\u001b[94m|\u001b[0m\n\u001b[1m\u001b[94m288\u001b[0m \u001b[1m\u001b[94m|\u001b[0m pub struct SettleOnramp<'info> {\n    \u001b[1m\u001b[94m|\u001b[0m \u001b[1m\u001b[96m^^^^^^^^^^^^^^^^^^^^^^^^^^^^^^\u001b[0m\n    \u001b[1m\u001b[94m= \u001b[0m\u001b[1mhelp\u001b[0m: the following other types implement trait `anchor_lang::Accounts<'info, B>`:\n              `AccountLoader<'info, T>` implements `anchor_lang::Accounts<'info, B>`\n              `Box<T>` implements `anchor_lang::Accounts<'info, B>`\n              `CreateNonceAccount<'info>` implements `anchor_lang::Accounts<'info, CreateNonceAccountBumps>`\n              `CreateNonceAccountWithSeed<'info>` implements `anchor_lang::Accounts<'info, CreateNonceAccountWithSeedBumps>`\n              `DefaultAccountStateInitialize<'info>` implements `anchor_lang::Accounts<'info, DefaultAccountStateInitializeBumps>`\n              `DefaultAccountStateUpdate<'info>` implements `anchor_lang::Accounts<'info, DefaultAccountStateUpdateBumps>`\n              `FreezeStudent<'info>` implements `anchor_lang::Accounts<'info, FreezeStudentBumps>`\n              `GroupMemberPointerInitialize<'info>` implements `anchor_lang::Accounts<'info, GroupMemberPointerInitializeBumps>`\n            and 92 others\n\u001b[1m\u001b[92mnote\u001b[0m: required by a bound in `anchor_lang::context::Context::<'a, 'b, 'c, 'info, T>::new`\n   \u001b[1m\u001b[94m--> \u001b[0m/home/brakoose/.cargo/registry/src/index.crates.io-1949cf8c6b5b557f/anchor-lang-0.30.1/src/context.rs:55:16\n    \u001b[1m\u001b[94m|\u001b[0m\n \u001b[1m\u001b[94m55\u001b[0m \u001b[1m\u001b[94m|\u001b[0m     T: Bumps + Accounts<'info, T::Bumps>,\n    \u001b[1m\u001b[94m|\u001b[0m                \u001b[1m\u001b[92m^^^^^^^^^^^^^^^^^^^^^^^^^\u001b[0m \u001b[1m\u001b[92mrequired by this bound in `Context::<'a, 'b, 'c, 'info, T>::new`\u001b[0m\n \u001b[1m\u001b[94m56\u001b[0m \u001b[1m\u001b[94m|\u001b[0m {\n \u001b[1m\u001b[94m57\u001b[0m \u001b[1m\u001b[94m|\u001b[0m     pub fn new(\n    \u001b[1m\u001b[94m|\u001b[0m            \u001b[1m\u001b[94m---\u001b[0m \u001b[1m\u001b[94mrequired by a bound in this associated function\u001b[0m\n    \u001b[1m\u001b[94m= \u001b[0m\u001b[1mnote\u001b[0m: this error originates in the attribute macro `program` (in Nightly builds, run with -Z macro-backtrace for more info)\n\n"}
{"$message_type":"diagnostic","message":"the trait bound `SendUsdc<'_>: Bumps` is not satisfied","code":{"code":"E0277","explanation":"You tried to use a type which doesn't implement some trait in a place which\nexpected that trait.\n\nErroneous code example:\n\n```compile_fail,E0277\n// here we declare the Foo trait with a bar method\ntrait Foo {\n    fn bar(&self);\n}\n\n// we now declare a function which takes an object implementing the Foo trait\nfn some_func<T: Foo>(foo: T) {\n    foo.bar();\n}\n\nfn main() {\n    // we now call the method with the i32 type, which doesn't implement\n    // the Foo trait\n    some_func(5i32); // error: the trait bound `i32 : Foo` is not satisfied\n}\n```\n\nIn order to fix this error, verify that the type you're using does implement\nthe trait. Example:\n\n```\ntrait Foo {\n    fn bar(&self);\n}\n\n// we implement the trait on the i32 type\nimpl Foo for i32 {\n    fn bar(&self) {}\n}\n\nfn some_func<T: Foo>(foo: T) {\n    foo.bar(); // we can now use this method since i32 implements the\n               // Foo trait\n}\n\nfn main() {\n    some_func(5i32); // ok!\n}\n```\n\nOr in a generic context, an erroneous code example would look like:\n\n```compile_fail,E0277\nfn some_func<T>(foo: T) {\n    println!(\"{:?}\", foo); // error: the trait `core::fmt::Debug` is not\n                           //        implemented for the type `T`\n}\n\nfn main() {\n    // We now call the method with the i32 type,\n    // which *does* implement the Debug trait.\n    some_func(5i32);\n}\n```\n\nNote that the error here is in the definition of the generic function. Although\nwe only call it with a parameter that does implement `Debug`, the compiler\nstill rejects the function. It must work with all possible input types. In\norder to make this example compile, we need to restrict the generic type we're\naccepting:\n\n```\nuse std::fmt;\n\n// Restrict the input type to types that implement Debug.\nfn some_func<T: fmt::Debug>(foo: T) {\n    println!(\"{:?}\", foo);\n}\n\nfn main() {\n    // Calling the method is still fine, as i32 implements Debug.\n    some_func(5i32);\n\n    // This would fail to compile now:\n    // struct WithoutDebug;\n    // some_func(WithoutDebug);\n}\n```\n\nRust only looks at the signature of the called function, as such it must\nalready specify all requirements that will be used for every type parameter.\n"},"level":"error","spans":[{"file_name":"programs/franco_student_pay/src/lib.rs","byte_start":3786,"byte_end":3794,"line_start":101,"line_end":101,"column_start":35,"column_end":43,"is_primary":true,"text":[{"text":"    pub fn send_usdc(ctx: Context<SendUsdc>, amount: u64, reference: String) -> Result<()> {","highlight_start":35,"highlight_end":43}],"label":"unsatisfied trait bound","suggested_replacement":null,"suggestion_applicability":null,"expansion":null}],"children":[{"message":"the trait `Bumps` is not implemented for `SendUsdc<'_>`","code":null,"level":"help","spans":[{"file_name":"programs/franco_student_pay/src/lib.rs","byte_start":11924,"byte_end":11950,"line_start":342,"line_end":342,"column_start":1,"column_end":27,"is_primary":true,"text":[{"text":"pub struct SendUsdc<'info> {","highlight_start":1,"highlight_end":27}],"label":null,"suggested_replacement":null,"suggestion_applicability":null,"expansion":null}],"children":[],"rendered":null},{"message":"the following other types implement trait `Bumps`:\n  CreateNonceAccount<'info>\n  CreateNonceAccountWithSeed<'info>\n  DefaultAccountStateInitialize<'info>\n  DefaultAccountStateUpdate<'info>\n  FreezeStudent<'info>\n  GroupMemberPointerInitialize<'info>\n  GroupMemberPointerUpdate<'info>\n  GroupPointerInitialize<'info>\nand 79 others","code":null,"level":"help","spans":[],"children":[],"rendered":null}],"rendered":"\u001b[1m\u001b[91merror[E0277]\u001b[0m\u001b[1m: the trait bound `SendUsdc<'_>: Bumps` is not satisfied\u001b[0m\n   \u001b[1m\u001b[94m--> \u001b[0mprograms/franco_student_pay/src/lib.rs:101:35\n    \u001b[1m\u001b[94m|\u001b[0m\n\u001b[1m\u001b[94m101\u001b[0m \u001b[1m\u001b[94m|\u001b[0m     pub fn send_usdc(ctx: Context<SendUsdc>, amount: u64, reference: String) -> Result<()> {\n    \u001b[1m\u001b[94m|\u001b[0m                                   \u001b[1m\u001b[91m^^^^^^^^\u001b[0m \u001b[1m\u001b[91munsatisfied trait bound\u001b[0m\n    \u001b[1m\u001b[94m|\u001b[0m\n\u001b[1m\u001b[96mhelp\u001b[0m: the trait `Bumps` is not implemented for `SendUsdc<'_>`\n   \u001b[1m\u001b[94m--> \u001b[0mprograms/franco_student_pay/src/lib.rs:342:1\n    \u001b[1m\u001b[94m|\u001b[0m\n\u001b[1m\u001b[94m342\u001b[0m \u001b[1m\u001b[94m|\u001b[0m pub struct SendUsdc<'info> {\n    \u001b[1m\u001b[94m|\u001b[0m \u001b[1m\u001b[96m^^^^^^^^^^^^^^^^^^^^^^^^^^\u001b[0m\n    \u001b[1m\u001b[94m= \u001b[0m\u001b[1mhelp\u001b[0m: the following other types implement trait `Bumps`:\n              CreateNonceAccount<'info>\n              CreateNonceAccountWithSeed<'info>\n              DefaultAccountStateInitialize<'info>\n              DefaultAccountStateUpdate<'info>\n              FreezeStudent<'info>\n              GroupMemberPointerInitialize<'info>\n              GroupMemberPointerUpdate<'info>\n              GroupPointerInitialize<'info>\n            and 79 others\n\n"}
{"$message_type":"diagnostic","message":"the trait bound `SendUsdc<'_>: Bumps` is not satisfied","code":{"code":"E0277","explanation":"You tried to use a type which doesn't implement some trait in a place which\nexpected that trait.\n\nErroneous code example:\n\n```compile_fail,E0277\n// here we declare the Foo trait with a bar method\ntrait Foo {\n    fn bar(&self);\n}\n\n// we now declare a function which takes an object implementing the Foo trait\nfn some_func<T: Foo>(foo: T) {\n    foo.bar();\n}\n\nfn main() {\n    // we now call the method with the i32 type, which doesn't implement\n    // the Foo trait\n    some_func(5i32); // error: the trait bound `i32 : Foo` is not satisfied\n}\n```\n\nIn order to fix this error, verify that the type you're using does implement\nthe trait. Example:\n\n```\ntrait Foo {\n    fn bar(&self);\n}\n\n// we implement the trait on the i32 type\nimpl Foo for i32 {\n    fn bar(&self) {}\n}\n\nfn some_func<T: Foo>(foo: T) {\n    foo.bar(); // we can now use this method since i32 implements the\n               // Foo trait\n}\n\nfn main() {\n    some_func(5i32); // ok!\n}\n```\n\nOr in a generic context, an erroneous code example would look like:\n\n```compile_fail,E0277\nfn some_func<T>(foo: T) {\n    println!(\"{:?}\", foo); // error: the trait `core::fmt::Debug` is not\n                           //        implemented for the type `T`\n}\n\nfn main() {\n    // We now call the method with the i32 type,\n    // which *does* implement the Debug trait.\n    some_func(5i32);\n}\n```\n\nNote that the error here is in the definition of the generic function. Although\nwe only call it with a parameter that does implement `Debug`, the compiler\nstill rejects the function. It must work with all possible input types. In\norder to make this example compile, we need to restrict the generic type we're\naccepting:\n\n```\nuse std::fmt;\n\n// Restrict the input type to types that implement Debug.\nfn some_func<T: fmt::Debug>(foo: T) {\n    println!(\"{:?}\", foo);\n}\n\nfn main() {\n    // Calling the method is still fine, as i32 implements Debug.\n    some_func(5i32);\n\n    // This would fail to compile now:\n    // struct WithoutDebug;\n    // some_func(WithoutDebug);\n}\n```\n\nRust only looks at the signature of the called function, as such it must\nalready specify all requirements that will be used for every type parameter.\n"},"level":"error","spans":[{"file_name":"programs/franco_student_pay/src/lib.rs","byte_start":311,"byte_end":321,"line_start":9,"line_end":9,"column_start":1,"column_end":11,"is_primary":true,"text":[{"text":"#[program]","highlight_start":1,"highlight_end":11}],"label":"unsatisfied trait bound","suggested_replacement":null,"suggestion_applicability":null,"expansion":{"span":{"file_name":"programs/franco_student_pay/src/lib.rs","byte_start":311,"byte_end":321,"line_start":9,"line_end":9,"column_start":1,"column_end":11,"is_primary":false,"text":[{"text":"#[program]","highlight_start":1,"highlight_end":11}],"label":null,"suggested_replacement":null,"suggestion_applicability":null,"expansion":null},"macro_decl_name":"#[program]","def_site_span":{"file_name":"/home/brakoose/.cargo/registry/src/index.crates.io-1949cf8c6b5b557f/anchor-attribute-program-0.30.1/src/lib.rs","byte_start":293,"byte_end":409,"line_start":12,"line_end":15,"column_start":1,"column_end":29,"is_primary":false,"text":[{"text":"pub fn program(","highlight_start":1,"highlight_end":16},{"text":"    _args: proc_macro::TokenStream,","highlight_start":1,"highlight_end":36},{"text":"    input: proc_macro::TokenStream,","highlight_start":1,"highlight_end":36},{"text":") -> proc_macro::TokenStream {","highlight_start":1,"highlight_end":29}],"label":null,"suggested_replacement":null,"suggestion_applicability":null,"expansion":null}}}],"children":[{"message":"the trait `Bumps` is not implemented for `SendUsdc<'_>`","code":null,"level":"help","spans":[{"file_name":"programs/franco_student_pay/src/lib.rs","byte_start":11924,"byte_end":11950,"line_start":342,"line_end":342,"column_start":1,"column_end":27,"is_primary":true,"text":[{"text":"pub struct SendUsdc<'info> {","highlight_start":1,"highlight_end":27}],"label":null,"suggested_replacement":null,"suggestion_applicability":null,"expansion":null}],"children":[],"rendered":null},{"message":"the following other types implement trait `Bumps`:\n  CreateNonceAccount<'info>\n  CreateNonceAccountWithSeed<'info>\n  DefaultAccountStateInitialize<'info>\n  DefaultAccountStateUpdate<'info>\n  FreezeStudent<'info>\n  GroupMemberPointerInitialize<'info>\n  GroupMemberPointerUpdate<'info>\n  GroupPointerInitialize<'info>\nand 79 others","code":null,"level":"help","spans":[],"children":[],"rendered":null}],"rendered":"\u001b[1m\u001b[91merror[E0277]\u001b[0m\u001b[1m: the trait bound `SendUsdc<'_>: Bumps` is not satisfied\u001b[0m\n   \u001b[1m\u001b[94m--> \u001b[0mprograms/franco_student_pay/src/lib.rs:9:1\n    \u001b[1m\u001b[94m|\u001b[0m\n  \u001b[1m\u001b[94m9\u001b[0m \u001b[1m\u001b[94m|\u001b[0m #[program]\n    \u001b[1m\u001b[94m|\u001b[0m \u001b[1m\u001b[91m^^^^^^^^^^\u001b[0m \u001b[1m\u001b[91munsatisfied trait bound\u001b[0m\n    \u001b[1m\u001b[94m|\u001b[0m\n\u001b[1m\u001b[96mhelp\u001b[0m: the trait `Bumps` is not implemented for `SendUsdc<'_>`\n   \u001b[1m\u001b[94m--> \u001b[0mprograms/franco_student_pay/src/lib.rs:342:1\n    \u001b[1m\u001b[94m|\u001b[0m\n\u001b[1m\u001b[94m342\u001b[0m \u001b[1m\u001b[94m|\u001b[0m pub struct SendUsdc<'info> {\n    \u001b[1m\u001b[94m|\u001b[0m \u001b[1m\u001b[96m^^^^^^^^^^^^^^^^^^^^^^^^^^\u001b[0m\n    \u001b[1m\u001b[94m= \u001b[0m\u001b[1mhelp\u001b[0m: the following other types implement trait `Bumps`:\n              CreateNonceAccount<'info>\n              CreateNonceAccountWithSeed<'info>\n              DefaultAccountStateInitialize<'info>\n              DefaultAccountStateUpdate<'info>\n              FreezeStudent<'info>\n              GroupMemberPointerInitialize<'info>\n              GroupMemberPointerUpdate<'info>\n              GroupPointerInitialize<'info>\n            and 79 others\n    \u001b[1m\u001b[94m= \u001b[0m\u001b[1mnote\u001b[0m: this error originates in the attribute macro `program` (in Nightly builds, run with -Z macro-backtrace for more info)\n\n"}
{"$message_type":"diagnostic","message":"no function or associated item named `try_accounts` found for struct `SendUsdc<'info>` in the current scope","code":{"code":"E0599","explanation":"This error occurs when a method is used on a type which doesn't implement it:\n\nErroneous code example:\n\n```compile_fail,E0599\nstruct Mouth;\n\nlet x = Mouth;\nx.chocolate(); // error: no method named `chocolate` found for type `Mouth`\n               //        in the current scope\n```\n\nIn this case, you need to implement the `chocolate` method to fix the error:\n\n```\nstruct Mouth;\n\nimpl Mouth {\n    fn chocolate(&self) { // We implement the `chocolate` method here.\n        println!(\"Hmmm! I love chocolate!\");\n    }\n}\n\nlet x = Mouth;\nx.chocolate(); // ok!\n```\n"},"level":"error","spans":[{"file_name":"programs/franco_student_pay/src/lib.rs","byte_start":311,"byte_end":321,"line_start":9,"line_end":9,"column_start":1,"column_end":11,"is_primary":true,"text":[{"text":"#[program]","highlight_start":1,"highlight_end":11}],"label":"function or associated item not found in `SendUsdc<'_>`","suggested_replacement":null,"suggestion_applicability":null,"expansion":{"span":{"file_name":"programs/franco_student_pay/src/lib.rs","byte_start":311,"byte_end":321,"line_start":9,"line_end":9,"column_start":1,"column_end":11,"is_primary":false,"text":[{"text":"#[program]","highlight_start":1,"highlight_end":11}],"label":null,"suggested_replacement":null,"suggestion_applicability":null,"expansion":null},"macro_decl_name":"#[program]","def_site_span":{"file_name":"/home/brakoose/.cargo/registry/src/index.crates.io-1949cf8c6b5b557f/anchor-attribute-program-0.30.1/src/lib.rs","byte_start":293,"byte_end":409,"line_start":12,"line_end":15,"column_start":1,"column_end":29,"is_primary":false,"text":[{"text":"pub fn program(","highlight_start":1,"highlight_end":16},{"text":"    _args: proc_macro::TokenStream,","highlight_start":1,"highlight_end":36},{"text":"    input: proc_macro::TokenStream,","highlight_start":1,"highlight_end":36},{"text":") -> proc_macro::TokenStream {","highlight_start":1,"highlight_end":29}],"label":null,"suggested_replacement":null,"suggestion_applicability":null,"expansion":null}}},{"file_name":"programs/franco_student_pay/src/lib.rs","byte_start":11924,"byte_end":11950,"line_start":342,"line_end":342,"column_start":1,"column_end":27,"is_primary":false,"text":[{"text":"pub struct SendUsdc<'info> {","highlight_start":1,"highlight_end":27}],"label":"function or associated item `try_accounts` not found for this struct","suggested_replacement":null,"suggestion_applicability":null,"expansion":null}],"children":[{"message":"items from traits can only be used if the trait is implemented and in scope","code":null,"level":"help","spans":[],"children":[],"rendered":null},{"message":"the following trait defines an item `try_accounts`, perhaps you need to implement it:\ncandidate #1: `anchor_lang::Accounts`","code":null,"level":"note","spans":[],"children":[],"rendered":null}],"rendered":"\u001b[1m\u001b[91merror[E0599]\u001b[0m\u001b[1m: no function or associated item named `try_accounts` found for struct `SendUsdc<'info>` in the current scope\u001b[0m\n   \u001b[1m\u001b[94m--> \u001b[0mprograms/franco_student_pay/src/lib.rs:9:1\n    \u001b[1m\u001b[94m|\u001b[0m\n  \u001b[1m\u001b[94m9\u001b[0m \u001b[1m\u001b[94m|\u001b[0m #[program]\n    \u001b[1m\u001b[94m|\u001b[0m \u001b[1m\u001b[91m^^^^^^^^^^\u001b[0m \u001b[1m\u001b[91mfunction or associated item not found in `SendUsdc<'_>`\u001b[0m\n\u001b[1m\u001b[94m...\u001b[0m\n\u001b[1m\u001b[94m342\u001b[0m \u001b[1m\u001b[94m|\u001b[0m pub struct SendUsdc<'info> {\n    \u001b[1m\u001b[94m|\u001b[0m \u001b[1m\u001b[94m--------------------------\u001b[0m \u001b[1m\u001b[94mfunction or associated item `try_accounts` not found for this struct\u001b[0m\n    \u001b[1m\u001b[94m|\u001b[0m\n    \u001b[1m\u001b[94m= \u001b[0m\u001b[1mhelp\u001b[0m: items from traits can only be used if the trait is implemented and in scope\n    \u001b[1m\u001b[94m= \u001b[0m\u001b[1mnote\u001b[0m: the following trait defines an item `try_accounts`, perhaps you need to implement it:\n            candidate #1: `anchor_lang::Accounts`\n    \u001b[1m\u001b[94m= \u001b[0m\u001b[1mnote\u001b[0m: this error originates in the attribute macro `program` (in Nightly builds, run with -Z macro-backtrace for more info)\n\n"}
{"$message_type":"diagnostic","message":"the trait bound `SendUsdc<'_>: anchor_lang::Accounts<'_, _>` is not satisfied","code":{"code":"E0277","explanation":"You tried to use a type which doesn't implement some trait in a place which\nexpected that trait.\n\nErroneous code example:\n\n```compile_fail,E0277\n// here we declare the Foo trait with a bar method\ntrait Foo {\n    fn bar(&self);\n}\n\n// we now declare a function which takes an object implementing the Foo trait\nfn some_func<T: Foo>(foo: T) {\n    foo.bar();\n}\n\nfn main() {\n    // we now call the method with the i32 type, which doesn't implement\n    // the Foo trait\n    some_func(5i32); // error: the trait bound `i32 : Foo` is not satisfied\n}\n```\n\nIn order to fix this error, verify that the type you're using does implement\nthe trait. Example:\n\n```\ntrait Foo {\n    fn bar(&self);\n}\n\n// we implement the trait on the i32 type\nimpl Foo for i32 {\n    fn bar(&self) {}\n}\n\nfn some_func<T: Foo>(foo: T) {\n    foo.bar(); // we can now use this method since i32 implements the\n               // Foo trait\n}\n\nfn main() {\n    some_func(5i32); // ok!\n}\n```\n\nOr in a generic context, an erroneous code example would look like:\n\n```compile_fail,E0277\nfn some_func<T>(foo: T) {\n    println!(\"{:?}\", foo); // error: the trait `core::fmt::Debug` is not\n                           //        implemented for the type `T`\n}\n\nfn main() {\n    // We now call the method with the i32 type,\n    // which *does* implement the Debug trait.\n    some_func(5i32);\n}\n```\n\nNote that the error here is in the definition of the generic function. Although\nwe only call it with a parameter that does implement `Debug`, the compiler\nstill rejects the function. It must work with all possible input types. In\norder to make this example compile, we need to restrict the generic type we're\naccepting:\n\n```\nuse std::fmt;\n\n// Restrict the input type to types that implement Debug.\nfn some_func<T: fmt::Debug>(foo: T) {\n    println!(\"{:?}\", foo);\n}\n\nfn main() {\n    // Calling the method is still fine, as i32 implements Debug.\n    some_func(5i32);\n\n    // This would fail to compile now:\n    // struct WithoutDebug;\n    // some_func(WithoutDebug);\n}\n```\n\nRust only looks at the signature of the called function, as such it must\nalready specify all requirements that will be used for every type parameter.\n"},"level":"error","spans":[{"file_name":"programs/franco_student_pay/src/lib.rs","byte_start":311,"byte_end":321,"line_start":9,"line_end":9,"column_start":1,"column_end":11,"is_primary":true,"text":[{"text":"#[program]","highlight_start":1,"highlight_end":11}],"label":"unsatisfied trait bound","suggested_replacement":null,"suggestion_applicability":null,"expansion":{"span":{"file_name":"programs/franco_student_pay/src/lib.rs","byte_start":311,"byte_end":321,"line_start":9,"line_end":9,"column_start":1,"column_end":11,"is_primary":false,"text":[{"text":"#[program]","highlight_start":1,"highlight_end":11}],"label":null,"suggested_replacement":null,"suggestion_applicability":null,"expansion":null},"macro_decl_name":"#[program]","def_site_span":{"file_name":"/home/brakoose/.cargo/registry/src/index.crates.io-1949cf8c6b5b557f/anchor-attribute-program-0.30.1/src/lib.rs","byte_start":293,"byte_end":409,"line_start":12,"line_end":15,"column_start":1,"column_end":29,"is_primary":false,"text":[{"text":"pub fn program(","highlight_start":1,"highlight_end":16},{"text":"    _args: proc_macro::TokenStream,","highlight_start":1,"highlight_end":36},{"text":"    input: proc_macro::TokenStream,","highlight_start":1,"highlight_end":36},{"text":") -> proc_macro::TokenStream {","highlight_start":1,"highlight_end":29}],"label":null,"suggested_replacement":null,"suggestion_applicability":null,"expansion":null}}}],"children":[{"message":"the trait `anchor_lang::Accounts<'_, _>` is not implemented for `SendUsdc<'_>`","code":null,"level":"help","spans":[{"file_name":"programs/franco_student_pay/src/lib.rs","byte_start":11924,"byte_end":11950,"line_start":342,"line_end":342,"column_start":1,"column_end":27,"is_primary":true,"text":[{"text":"pub struct SendUsdc<'info> {","highlight_start":1,"highlight_end":27}],"label":null,"suggested_replacement":null,"suggestion_applicability":null,"expansion":null}],"children":[],"rendered":null},{"message":"the following other types implement trait `anchor_lang::Accounts<'info, B>`:\n  `AccountLoader<'info, T>` implements `anchor_lang::Accounts<'info, B>`\n  `Box<T>` implements `anchor_lang::Accounts<'info, B>`\n  `CreateNonceAccount<'info>` implements `anchor_lang::Accounts<'info, CreateNonceAccountBumps>`\n  `CreateNonceAccountWithSeed<'info>` implements `anchor_lang::Accounts<'info, CreateNonceAccountWithSeedBumps>`\n  `DefaultAccountStateInitialize<'info>` implements `anchor_lang::Accounts<'info, DefaultAccountStateInitializeBumps>`\n  `DefaultAccountStateUpdate<'info>` implements `anchor_lang::Accounts<'info, DefaultAccountStateUpdateBumps>`\n  `FreezeStudent<'info>` implements `anchor_lang::Accounts<'info, FreezeStudentBumps>`\n  `GroupMemberPointerInitialize<'info>` implements `anchor_lang::Accounts<'info, GroupMemberPointerInitializeBumps>`\nand 92 others","code":null,"level":"help","spans":[],"children":[],"rendered":null},{"message":"required by a bound in `anchor_lang::context::Context::<'a, 'b, 'c, 'info, T>::new`","code":null,"level":"note","spans":[{"file_name":"/home/brakoose/.cargo/registry/src/index.crates.io-1949cf8c6b5b557f/anchor-lang-0.30.1/src/context.rs","byte_start":1981,"byte_end":1984,"line_start":57,"line_end":57,"column_start":12,"column_end":15,"is_primary":false,"text":[{"text":"    pub fn new(","highlight_start":12,"highlight_end":15}],"label":"required by a bound in this associated function","suggested_replacement":null,"suggestion_applicability":null,"expansion":null},{"file_name":"/home/brakoose/.cargo/registry/src/index.crates.io-1949cf8c6b5b557f/anchor-lang-0.30.1/src/context.rs","byte_start":1941,"byte_end":1966,"line_start":55,"line_end":55,"column_start":16,"column_end":41,"is_primary":true,"text":[{"text":"    T: Bumps + Accounts<'info, T::Bumps>,","highlight_start":16,"highlight_end":41}],"label":"required by this bound in `Context::<'a, 'b, 'c, 'info, T>::new`","suggested_replacement":null,"suggestion_applicability":null,"expansion":null}],"children":[],"rendered":null}],"rendered":"\u001b[1m\u001b[91merror[E0277]\u001b[0m\u001b[1m: the trait bound `SendUsdc<'_>: anchor_lang::Accounts<'_, _>` is not satisfied\u001b[0m\n   \u001b[1m\u001b[94m--> \u001b[0mprograms/franco_student_pay/src/lib.rs:9:1\n    \u001b[1m\u001b[94m|\u001b[0m\n  \u001b[1m\u001b[94m9\u001b[0m \u001b[1m\u001b[94m|\u001b[0m #[program]\n    \u001b[1m\u001b[94m|\u001b[0m \u001b[1m\u001b[91m^^^^^^^^^^\u001b[0m \u001b[1m\u001b[91munsatisfied trait bound\u001b[0m\n    \u001b[1m\u001b[94m|\u001b[0m\n\u001b[1m\u001b[96mhelp\u001b[0m: the trait `anchor_lang::Accounts<'_, _>` is not implemented for `SendUsdc<'_>`\n   \u001b[1m\u001b[94m--> \u001b[0mprograms/franco_student_pay/src/lib.rs:342:1\n    \u001b[1m\u001b[94m|\u001b[0m\n\u001b[1m\u001b[94m342\u001b[0m \u001b[1m\u001b[94m|\u001b[0m pub struct SendUsdc<'info> {\n    \u001b[1m\u001b[94m|\u001b[0m \u001b[1m\u001b[96m^^^^^^^^^^^^^^^^^^^^^^^^^^\u001b[0m\n    \u001b[1m\u001b[94m= \u001b[0m\u001b[1mhelp\u001b[0m: the following other types implement trait `anchor_lang::Accounts<'info, B>`:\n              `AccountLoader<'info, T>` implements `anchor_lang::Accounts<'info, B>`\n              `Box<T>` implements `anchor_lang::Accounts<'info, B>`\n              `CreateNonceAccount<'info>` implements `anchor_lang::Accounts<'info, CreateNonceAccountBumps>`\n              `CreateNonceAccountWithSeed<'info>` implements `anchor_lang::Accounts<'info, CreateNonceAccountWithSeedBumps>`\n              `DefaultAccountStateInitialize<'info>` implements `anchor_lang::Accounts<'info, DefaultAccountStateInitializeBumps>`\n              `DefaultAccountStateUpdate<'info>` implements `anchor_lang::Accounts<'info, DefaultAccountStateUpdateBumps>`\n              `FreezeStudent<'info>` implements `anchor_lang::Accounts<'info, FreezeStudentBumps>`\n              `GroupMemberPointerInitialize<'info>` implements `anchor_lang::Accounts<'info, GroupMemberPointerInitializeBumps>`\n            and 92 others\n\u001b[1m\u001b[92mnote\u001b[0m: required by a bound in `anchor_lang::context::Context::<'a, 'b, 'c, 'info, T>::new`\n   \u001b[1m\u001b[94m--> \u001b[0m/home/brakoose/.cargo/registry/src/index.crates.io-1949cf8c6b5b557f/anchor-lang-0.30.1/src/context.rs:55:16\n    \u001b[1m\u001b[94m|\u001b[0m\n \u001b[1m\u001b[94m55\u001b[0m \u001b[1m\u001b[94m|\u001b[0m     T: Bumps + Accounts<'info, T::Bumps>,\n    \u001b[1m\u001b[94m|\u001b[0m                \u001b[1m\u001b[92m^^^^^^^^^^^^^^^^^^^^^^^^^\u001b[0m \u001b[1m\u001b[92mrequired by this bound in `Context::<'a, 'b, 'c, 'info, T>::new`\u001b[0m\n \u001b[1m\u001b[94m56\u001b[0m \u001b[1m\u001b[94m|\u001b[0m {\n \u001b[1m\u001b[94m57\u001b[0m \u001b[1m\u001b[94m|\u001b[0m     pub fn new(\n    \u001b[1m\u001b[94m|\u001b[0m            \u001b[1m\u001b[94m---\u001b[0m \u001b[1m\u001b[94mrequired by a bound in this associated function\u001b[0m\n    \u001b[1m\u001b[94m= \u001b[0m\u001b[1mnote\u001b[0m: this error originates in the attribute macro `program` (in Nightly builds, run with -Z macro-backtrace for more info)\n\n"}
{"$message_type":"diagnostic","message":"the trait bound `SettleOfframp<'_>: Bumps` is not satisfied","code":{"code":"E0277","explanation":"You tried to use a type which doesn't implement some trait in a place which\nexpected that trait.\n\nErroneous code example:\n\n```compile_fail,E0277\n// here we declare the Foo trait with a bar method\ntrait Foo {\n    fn bar(&self);\n}\n\n// we now declare a function which takes an object implementing the Foo trait\nfn some_func<T: Foo>(foo: T) {\n    foo.bar();\n}\n\nfn main() {\n    // we now call the method with the i32 type, which doesn't implement\n    // the Foo trait\n    some_func(5i32); // error: the trait bound `i32 : Foo` is not satisfied\n}\n```\n\nIn order to fix this error, verify that the type you're using does implement\nthe trait. Example:\n\n```\ntrait Foo {\n    fn bar(&self);\n}\n\n// we implement the trait on the i32 type\nimpl Foo for i32 {\n    fn bar(&self) {}\n}\n\nfn some_func<T: Foo>(foo: T) {\n    foo.bar(); // we can now use this method since i32 implements the\n               // Foo trait\n}\n\nfn main() {\n    some_func(5i32); // ok!\n}\n```\n\nOr in a generic context, an erroneous code example would look like:\n\n```compile_fail,E0277\nfn some_func<T>(foo: T) {\n    println!(\"{:?}\", foo); // error: the trait `core::fmt::Debug` is not\n                           //        implemented for the type `T`\n}\n\nfn main() {\n    // We now call the method with the i32 type,\n    // which *does* implement the Debug trait.\n    some_func(5i32);\n}\n```\n\nNote that the error here is in the definition of the generic function. Although\nwe only call it with a parameter that does implement `Debug`, the compiler\nstill rejects the function. It must work with all possible input types. In\norder to make this example compile, we need to restrict the generic type we're\naccepting:\n\n```\nuse std::fmt;\n\n// Restrict the input type to types that implement Debug.\nfn some_func<T: fmt::Debug>(foo: T) {\n    println!(\"{:?}\", foo);\n}\n\nfn main() {\n    // Calling the method is still fine, as i32 implements Debug.\n    some_func(5i32);\n\n    // This would fail to compile now:\n    // struct WithoutDebug;\n    // some_func(WithoutDebug);\n}\n```\n\nRust only looks at the signature of the called function, as such it must\nalready specify all requirements that will be used for every type parameter.\n"},"level":"error","spans":[{"file_name":"programs/franco_student_pay/src/lib.rs","byte_start":6008,"byte_end":6021,"line_start":155,"line_end":155,"column_start":22,"column_end":35,"is_primary":true,"text":[{"text":"        ctx: Context<SettleOfframp>,","highlight_start":22,"highlight_end":35}],"label":"unsatisfied trait bound","suggested_replacement":null,"suggestion_applicability":null,"expansion":null}],"children":[{"message":"the trait `Bumps` is not implemented for `SettleOfframp<'_>`","code":null,"level":"help","spans":[{"file_name":"programs/franco_student_pay/src/lib.rs","byte_start":13607,"byte_end":13638,"line_start":399,"line_end":399,"column_start":1,"column_end":32,"is_primary":true,"text":[{"text":"pub struct SettleOfframp<'info> {","highlight_start":1,"highlight_end":32}],"label":null,"suggested_replacement":null,"suggestion_applicability":null,"expansion":null}],"children":[],"rendered":null},{"message":"the following other types implement trait `Bumps`:\n  CreateNonceAccount<'info>\n  CreateNonceAccountWithSeed<'info>\n  DefaultAccountStateInitialize<'info>\n  DefaultAccountStateUpdate<'info>\n  FreezeStudent<'info>\n  GroupMemberPointerInitialize<'info>\n  GroupMemberPointerUpdate<'info>\n  GroupPointerInitialize<'info>\nand 79 others","code":null,"level":"help","spans":[],"children":[],"rendered":null}],"rendered":"\u001b[1m\u001b[91merror[E0277]\u001b[0m\u001b[1m: the trait bound `SettleOfframp<'_>: Bumps` is not satisfied\u001b[0m\n   \u001b[1m\u001b[94m--> \u001b[0mprograms/franco_student_pay/src/lib.rs:155:22\n    \u001b[1m\u001b[94m|\u001b[0m\n\u001b[1m\u001b[94m155\u001b[0m \u001b[1m\u001b[94m|\u001b[0m         ctx: Context<SettleOfframp>,\n    \u001b[1m\u001b[94m|\u001b[0m                      \u001b[1m\u001b[91m^^^^^^^^^^^^^\u001b[0m \u001b[1m\u001b[91munsatisfied trait bound\u001b[0m\n    \u001b[1m\u001b[94m|\u001b[0m\n\u001b[1m\u001b[96mhelp\u001b[0m: the trait `Bumps` is not implemented for `SettleOfframp<'_>`\n   \u001b[1m\u001b[94m--> \u001b[0mprograms/franco_student_pay/src/lib.rs:399:1\n    \u001b[1m\u001b[94m|\u001b[0m\n\u001b[1m\u001b[94m399\u001b[0m \u001b[1m\u001b[94m|\u001b[0m pub struct SettleOfframp<'info> {\n    \u001b[1m\u001b[94m|\u001b[0m \u001b[1m\u001b[96m^^^^^^^^^^^^^^^^^^^^^^^^^^^^^^^\u001b[0m\n    \u001b[1m\u001b[94m= \u001b[0m\u001b[1mhelp\u001b[0m: the following other types implement trait `Bumps`:\n              CreateNonceAccount<'info>\n              CreateNonceAccountWithSeed<'info>\n              DefaultAccountStateInitialize<'info>\n              DefaultAccountStateUpdate<'info>\n              FreezeStudent<'info>\n              GroupMemberPointerInitialize<'info>\n              GroupMemberPointerUpdate<'info>\n              GroupPointerInitialize<'info>\n            and 79 others\n\n"}
{"$message_type":"diagnostic","message":"the trait bound `SettleOfframp<'_>: Bumps` is not satisfied","code":{"code":"E0277","explanation":"You tried to use a type which doesn't implement some trait in a place which\nexpected that trait.\n\nErroneous code example:\n\n```compile_fail,E0277\n// here we declare the Foo trait with a bar method\ntrait Foo {\n    fn bar(&self);\n}\n\n// we now declare a function which takes an object implementing the Foo trait\nfn some_func<T: Foo>(foo: T) {\n    foo.bar();\n}\n\nfn main() {\n    // we now call the method with the i32 type, which doesn't implement\n    // the Foo trait\n    some_func(5i32); // error: the trait bound `i32 : Foo` is not satisfied\n}\n```\n\nIn order to fix this error, verify that the type you're using does implement\nthe trait. Example:\n\n```\ntrait Foo {\n    fn bar(&self);\n}\n\n// we implement the trait on the i32 type\nimpl Foo for i32 {\n    fn bar(&self) {}\n}\n\nfn some_func<T: Foo>(foo: T) {\n    foo.bar(); // we can now use this method since i32 implements the\n               // Foo trait\n}\n\nfn main() {\n    some_func(5i32); // ok!\n}\n```\n\nOr in a generic context, an erroneous code example would look like:\n\n```compile_fail,E0277\nfn some_func<T>(foo: T) {\n    println!(\"{:?}\", foo); // error: the trait `core::fmt::Debug` is not\n                           //        implemented for the type `T`\n}\n\nfn main() {\n    // We now call the method with the i32 type,\n    // which *does* implement the Debug trait.\n    some_func(5i32);\n}\n```\n\nNote that the error here is in the definition of the generic function. Although\nwe only call it with a parameter that does implement `Debug`, the compiler\nstill rejects the function. It must work with all possible input types. In\norder to make this example compile, we need to restrict the generic type we're\naccepting:\n\n```\nuse std::fmt;\n\n// Restrict the input type to types that implement Debug.\nfn some_func<T: fmt::Debug>(foo: T) {\n    println!(\"{:?}\", foo);\n}\n\nfn main() {\n    // Calling the method is still fine, as i32 implements Debug.\n    some_func(5i32);\n\n    // This would fail to compile now:\n    // struct WithoutDebug;\n    // some_func(WithoutDebug);\n}\n```\n\nRust only looks at the signature of the called function, as such it must\nalready specify all requirements that will be used for every type parameter.\n"},"level":"error","spans":[{"file_name":"programs/franco_student_pay/src/lib.rs","byte_start":311,"byte_end":321,"line_start":9,"line_end":9,"column_start":1,"column_end":11,"is_primary":true,"text":[{"text":"#[program]","highlight_start":1,"highlight_end":11}],"label":"unsatisfied trait bound","suggested_replacement":null,"suggestion_applicability":null,"expansion":{"span":{"file_name":"programs/franco_student_pay/src/lib.rs","byte_start":311,"byte_end":321,"line_start":9,"line_end":9,"column_start":1,"column_end":11,"is_primary":false,"text":[{"text":"#[program]","highlight_start":1,"highlight_end":11}],"label":null,"suggested_replacement":null,"suggestion_applicability":null,"expansion":null},"macro_decl_name":"#[program]","def_site_span":{"file_name":"/home/brakoose/.cargo/registry/src/index.crates.io-1949cf8c6b5b557f/anchor-attribute-program-0.30.1/src/lib.rs","byte_start":293,"byte_end":409,"line_start":12,"line_end":15,"column_start":1,"column_end":29,"is_primary":false,"text":[{"text":"pub fn program(","highlight_start":1,"highlight_end":16},{"text":"    _args: proc_macro::TokenStream,","highlight_start":1,"highlight_end":36},{"text":"    input: proc_macro::TokenStream,","highlight_start":1,"highlight_end":36},{"text":") -> proc_macro::TokenStream {","highlight_start":1,"highlight_end":29}],"label":null,"suggested_replacement":null,"suggestion_applicability":null,"expansion":null}}}],"children":[{"message":"the trait `Bumps` is not implemented for `SettleOfframp<'_>`","code":null,"level":"help","spans":[{"file_name":"programs/franco_student_pay/src/lib.rs","byte_start":13607,"byte_end":13638,"line_start":399,"line_end":399,"column_start":1,"column_end":32,"is_primary":true,"text":[{"text":"pub struct SettleOfframp<'info> {","highlight_start":1,"highlight_end":32}],"label":null,"suggested_replacement":null,"suggestion_applicability":null,"expansion":null}],"children":[],"rendered":null},{"message":"the following other types implement trait `Bumps`:\n  CreateNonceAccount<'info>\n  CreateNonceAccountWithSeed<'info>\n  DefaultAccountStateInitialize<'info>\n  DefaultAccountStateUpdate<'info>\n  FreezeStudent<'info>\n  GroupMemberPointerInitialize<'info>\n  GroupMemberPointerUpdate<'info>\n  GroupPointerInitialize<'info>\nand 79 others","code":null,"level":"help","spans":[],"children":[],"rendered":null}],"rendered":"\u001b[1m\u001b[91merror[E0277]\u001b[0m\u001b[1m: the trait bound `SettleOfframp<'_>: Bumps` is not satisfied\u001b[0m\n   \u001b[1m\u001b[94m--> \u001b[0mprograms/franco_student_pay/src/lib.rs:9:1\n    \u001b[1m\u001b[94m|\u001b[0m\n  \u001b[1m\u001b[94m9\u001b[0m \u001b[1m\u001b[94m|\u001b[0m #[program]\n    \u001b[1m\u001b[94m|\u001b[0m \u001b[1m\u001b[91m^^^^^^^^^^\u001b[0m \u001b[1m\u001b[91munsatisfied trait bound\u001b[0m\n    \u001b[1m\u001b[94m|\u001b[0m\n\u001b[1m\u001b[96mhelp\u001b[0m: the trait `Bumps` is not implemented for `SettleOfframp<'_>`\n   \u001b[1m\u001b[94m--> \u001b[0mprograms/franco_student_pay/src/lib.rs:399:1\n    \u001b[1m\u001b[94m|\u001b[0m\n\u001b[1m\u001b[94m399\u001b[0m \u001b[1m\u001b[94m|\u001b[0m pub struct SettleOfframp<'info> {\n    \u001b[1m\u001b[94m|\u001b[0m \u001b[1m\u001b[96m^^^^^^^^^^^^^^^^^^^^^^^^^^^^^^^\u001b[0m\n    \u001b[1m\u001b[94m= \u001b[0m\u001b[1mhelp\u001b[0m: the following other types implement trait `Bumps`:\n              CreateNonceAccount<'info>\n              CreateNonceAccountWithSeed<'info>\n              DefaultAccountStateInitialize<'info>\n              DefaultAccountStateUpdate<'info>\n              FreezeStudent<'info>\n              GroupMemberPointerInitialize<'info>\n              GroupMemberPointerUpdate<'info>\n              GroupPointerInitialize<'info>\n            and 79 others\n    \u001b[1m\u001b[94m= \u001b[0m\u001b[1mnote\u001b[0m: this error originates in the attribute macro `program` (in Nightly builds, run with -Z macro-backtrace for more info)\n\n"}
{"$message_type":"diagnostic","message":"no function or associated item named `try_accounts` found for struct `SettleOfframp<'info>` in the current scope","code":{"code":"E0599","explanation":"This error occurs when a method is used on a type which doesn't implement it:\n\nErroneous code example:\n\n```compile_fail,E0599\nstruct Mouth;\n\nlet x = Mouth;\nx.chocolate(); // error: no method named `chocolate` found for type `Mouth`\n               //        in the current scope\n```\n\nIn this case, you need to implement the `chocolate` method to fix the error:\n\n```\nstruct Mouth;\n\nimpl Mouth {\n    fn chocolate(&self) { // We implement the `chocolate` method here.\n        println!(\"Hmmm! I love chocolate!\");\n    }\n}\n\nlet x = Mouth;\nx.chocolate(); // ok!\n```\n"},"level":"error","spans":[{"file_name":"programs/franco_student_pay/src/lib.rs","byte_start":311,"byte_end":321,"line_start":9,"line_end":9,"column_start":1,"column_end":11,"is_primary":true,"text":[{"text":"#[program]","highlight_start":1,"highlight_end":11}],"label":"function or associated item not found in `SettleOfframp<'_>`","suggested_replacement":null,"suggestion_applicability":null,"expansion":{"span":{"file_name":"programs/franco_student_pay/src/lib.rs","byte_start":311,"byte_end":321,"line_start":9,"line_end":9,"column_start":1,"column_end":11,"is_primary":false,"text":[{"text":"#[program]","highlight_start":1,"highlight_end":11}],"label":null,"suggested_replacement":null,"suggestion_applicability":null,"expansion":null},"macro_decl_name":"#[program]","def_site_span":{"file_name":"/home/brakoose/.cargo/registry/src/index.crates.io-1949cf8c6b5b557f/anchor-attribute-program-0.30.1/src/lib.rs","byte_start":293,"byte_end":409,"line_start":12,"line_end":15,"column_start":1,"column_end":29,"is_primary":false,"text":[{"text":"pub fn program(","highlight_start":1,"highlight_end":16},{"text":"    _args: proc_macro::TokenStream,","highlight_start":1,"highlight_end":36},{"text":"    input: proc_macro::TokenStream,","highlight_start":1,"highlight_end":36},{"text":") -> proc_macro::TokenStream {","highlight_start":1,"highlight_end":29}],"label":null,"suggested_replacement":null,"suggestion_applicability":null,"expansion":null}}},{"file_name":"programs/franco_student_pay/src/lib.rs","byte_start":13607,"byte_end":13638,"line_start":399,"line_end":399,"column_start":1,"column_end":32,"is_primary":false,"text":[{"text":"pub struct SettleOfframp<'info> {","highlight_start":1,"highlight_end":32}],"label":"function or associated item `try_accounts` not found for this struct","suggested_replacement":null,"suggestion_applicability":null,"expansion":null}],"children":[{"message":"items from traits can only be used if the trait is implemented and in scope","code":null,"level":"help","spans":[],"children":[],"rendered":null},{"message":"the following trait defines an item `try_accounts`, perhaps you need to implement it:\ncandidate #1: `anchor_lang::Accounts`","code":null,"level":"note","spans":[],"children":[],"rendered":null}],"rendered":"\u001b[1m\u001b[91merror[E0599]\u001b[0m\u001b[1m: no function or associated item named `try_accounts` found for struct `SettleOfframp<'info>` in the current scope\u001b[0m\n   \u001b[1m\u001b[94m--> \u001b[0mprograms/franco_student_pay/src/lib.rs:9:1\n    \u001b[1m\u001b[94m|\u001b[0m\n  \u001b[1m\u001b[94m9\u001b[0m \u001b[1m\u001b[94m|\u001b[0m #[program]\n    \u001b[1m\u001b[94m|\u001b[0m \u001b[1m\u001b[91m^^^^^^^^^^\u001b[0m \u001b[1m\u001b[91mfunction or associated item not found in `SettleOfframp<'_>`\u001b[0m\n\u001b[1m\u001b[94m...\u001b[0m\n\u001b[1m\u001b[94m399\u001b[0m \u001b[1m\u001b[94m|\u001b[0m pub struct SettleOfframp<'info> {\n    \u001b[1m\u001b[94m|\u001b[0m \u001b[1m\u001b[94m-------------------------------\u001b[0m \u001b[1m\u001b[94mfunction or associated item `try_accounts` not found for this struct\u001b[0m\n    \u001b[1m\u001b[94m|\u001b[0m\n    \u001b[1m\u001b[94m= \u001b[0m\u001b[1mhelp\u001b[0m: items from traits can only be used if the trait is implemented and in scope\n    \u001b[1m\u001b[94m= \u001b[0m\u001b[1mnote\u001b[0m: the following trait defines an item `try_accounts`, perhaps you need to implement it:\n            candidate #1: `anchor_lang::Accounts`\n    \u001b[1m\u001b[94m= \u001b[0m\u001b[1mnote\u001b[0m: this error originates in the attribute macro `program` (in Nightly builds, run with -Z macro-backtrace for more info)\n\n"}
{"$message_type":"diagnostic","message":"the trait bound `SettleOfframp<'_>: anchor_lang::Accounts<'_, _>` is not satisfied","code":{"code":"E0277","explanation":"You tried to use a type which doesn't implement some trait in a place which\nexpected that trait.\n\nErroneous code example:\n\n```compile_fail,E0277\n// here we declare the Foo trait with a bar method\ntrait Foo {\n    fn bar(&self);\n}\n\n// we now declare a function which takes an object implementing the Foo trait\nfn some_func<T: Foo>(foo: T) {\n    foo.bar();\n}\n\nfn main() {\n    // we now call the method with the i32 type, which doesn't implement\n    // the Foo trait\n    some_func(5i32); // error: the trait bound `i32 : Foo` is not satisfied\n}\n```\n\nIn order to fix this error, verify that the type you're using does implement\nthe trait. Example:\n\n```\ntrait Foo {\n    fn bar(&self);\n}\n\n// we implement the trait on the i32 type\nimpl Foo for i32 {\n    fn bar(&self) {}\n}\n\nfn some_func<T: Foo>(foo: T) {\n    foo.bar(); // we can now use this method since i32 implements the\n               // Foo trait\n}\n\nfn main() {\n    some_func(5i32); // ok!\n}\n```\n\nOr in a generic context, an erroneous code example would look like:\n\n```compile_fail,E0277\nfn some_func<T>(foo: T) {\n    println!(\"{:?}\", foo); // error: the trait `core::fmt::Debug` is not\n                           //        implemented for the type `T`\n}\n\nfn main() {\n    // We now call the method with the i32 type,\n    // which *does* implement the Debug trait.\n    some_func(5i32);\n}\n```\n\nNote that the error here is in the definition of the generic function. Although\nwe only call it with a parameter that does implement `Debug`, the compiler\nstill rejects the function. It must work with all possible input types. In\norder to make this example compile, we need to restrict the generic type we're\naccepting:\n\n```\nuse std::fmt;\n\n// Restrict the input type to types that implement Debug.\nfn some_func<T: fmt::Debug>(foo: T) {\n    println!(\"{:?}\", foo);\n}\n\nfn main() {\n    // Calling the method is still fine, as i32 implements Debug.\n    some_func(5i32);\n\n    // This would fail to compile now:\n    // struct WithoutDebug;\n    // some_func(WithoutDebug);\n}\n```\n\nRust only looks at the signature of the called function, as such it must\nalready specify all requirements that will be used for every type parameter.\n"},"level":"error","spans":[{"file_name":"programs/franco_student_pay/src/lib.rs","byte_start":311,"byte_end":321,"line_start":9,"line_end":9,"column_start":1,"column_end":11,"is_primary":true,"text":[{"text":"#[program]","highlight_start":1,"highlight_end":11}],"label":"unsatisfied trait bound","suggested_replacement":null,"suggestion_applicability":null,"expansion":{"span":{"file_name":"programs/franco_student_pay/src/lib.rs","byte_start":311,"byte_end":321,"line_start":9,"line_end":9,"column_start":1,"column_end":11,"is_primary":false,"text":[{"text":"#[program]","highlight_start":1,"highlight_end":11}],"label":null,"suggested_replacement":null,"suggestion_applicability":null,"expansion":null},"macro_decl_name":"#[program]","def_site_span":{"file_name":"/home/brakoose/.cargo/registry/src/index.crates.io-1949cf8c6b5b557f/anchor-attribute-program-0.30.1/src/lib.rs","byte_start":293,"byte_end":409,"line_start":12,"line_end":15,"column_start":1,"column_end":29,"is_primary":false,"text":[{"text":"pub fn program(","highlight_start":1,"highlight_end":16},{"text":"    _args: proc_macro::TokenStream,","highlight_start":1,"highlight_end":36},{"text":"    input: proc_macro::TokenStream,","highlight_start":1,"highlight_end":36},{"text":") -> proc_macro::TokenStream {","highlight_start":1,"highlight_end":29}],"label":null,"suggested_replacement":null,"suggestion_applicability":null,"expansion":null}}}],"children":[{"message":"the trait `anchor_lang::Accounts<'_, _>` is not implemented for `SettleOfframp<'_>`","code":null,"level":"help","spans":[{"file_name":"programs/franco_student_pay/src/lib.rs","byte_start":13607,"byte_end":13638,"line_start":399,"line_end":399,"column_start":1,"column_end":32,"is_primary":true,"text":[{"text":"pub struct SettleOfframp<'info> {","highlight_start":1,"highlight_end":32}],"label":null,"suggested_replacement":null,"suggestion_applicability":null,"expansion":null}],"children":[],"rendered":null},{"message":"the following other types implement trait `anchor_lang::Accounts<'info, B>`:\n  `AccountLoader<'info, T>` implements `anchor_lang::Accounts<'info, B>`\n  `Box<T>` implements `anchor_lang::Accounts<'info, B>`\n  `CreateNonceAccount<'info>` implements `anchor_lang::Accounts<'info, CreateNonceAccountBumps>`\n  `CreateNonceAccountWithSeed<'info>` implements `anchor_lang::Accounts<'info, CreateNonceAccountWithSeedBumps>`\n  `DefaultAccountStateInitialize<'info>` implements `anchor_lang::Accounts<'info, DefaultAccountStateInitializeBumps>`\n  `DefaultAccountStateUpdate<'info>` implements `anchor_lang::Accounts<'info, DefaultAccountStateUpdateBumps>`\n  `FreezeStudent<'info>` implements `anchor_lang::Accounts<'info, FreezeStudentBumps>`\n  `GroupMemberPointerInitialize<'info>` implements `anchor_lang::Accounts<'info, GroupMemberPointerInitializeBumps>`\nand 92 others","code":null,"level":"help","spans":[],"children":[],"rendered":null},{"message":"required by a bound in `anchor_lang::context::Context::<'a, 'b, 'c, 'info, T>::new`","code":null,"level":"note","spans":[{"file_name":"/home/brakoose/.cargo/registry/src/index.crates.io-1949cf8c6b5b557f/anchor-lang-0.30.1/src/context.rs","byte_start":1981,"byte_end":1984,"line_start":57,"line_end":57,"column_start":12,"column_end":15,"is_primary":false,"text":[{"text":"    pub fn new(","highlight_start":12,"highlight_end":15}],"label":"required by a bound in this associated function","suggested_replacement":null,"suggestion_applicability":null,"expansion":null},{"file_name":"/home/brakoose/.cargo/registry/src/index.crates.io-1949cf8c6b5b557f/anchor-lang-0.30.1/src/context.rs","byte_start":1941,"byte_end":1966,"line_start":55,"line_end":55,"column_start":16,"column_end":41,"is_primary":true,"text":[{"text":"    T: Bumps + Accounts<'info, T::Bumps>,","highlight_start":16,"highlight_end":41}],"label":"required by this bound in `Context::<'a, 'b, 'c, 'info, T>::new`","suggested_replacement":null,"suggestion_applicability":null,"expansion":null}],"children":[],"rendered":null}],"rendered":"\u001b[1m\u001b[91merror[E0277]\u001b[0m\u001b[1m: the trait bound `SettleOfframp<'_>: anchor_lang::Accounts<'_, _>` is not satisfied\u001b[0m\n   \u001b[1m\u001b[94m--> \u001b[0mprograms/franco_student_pay/src/lib.rs:9:1\n    \u001b[1m\u001b[94m|\u001b[0m\n  \u001b[1m\u001b[94m9\u001b[0m \u001b[1m\u001b[94m|\u001b[0m #[program]\n    \u001b[1m\u001b[94m|\u001b[0m \u001b[1m\u001b[91m^^^^^^^^^^\u001b[0m \u001b[1m\u001b[91munsatisfied trait bound\u001b[0m\n    \u001b[1m\u001b[94m|\u001b[0m\n\u001b[1m\u001b[96mhelp\u001b[0m: the trait `anchor_lang::Accounts<'_, _>` is not implemented for `SettleOfframp<'_>`\n   \u001b[1m\u001b[94m--> \u001b[0mprograms/franco_student_pay/src/lib.rs:399:1\n    \u001b[1m\u001b[94m|\u001b[0m\n\u001b[1m\u001b[94m399\u001b[0m \u001b[1m\u001b[94m|\u001b[0m pub struct SettleOfframp<'info> {\n    \u001b[1m\u001b[94m|\u001b[0m \u001b[1m\u001b[96m^^^^^^^^^^^^^^^^^^^^^^^^^^^^^^^\u001b[0m\n    \u001b[1m\u001b[94m= \u001b[0m\u001b[1mhelp\u001b[0m: the following other types implement trait `anchor_lang::Accounts<'info, B>`:\n              `AccountLoader<'info, T>` implements `anchor_lang::Accounts<'info, B>`\n              `Box<T>` implements `anchor_lang::Accounts<'info, B>`\n              `CreateNonceAccount<'info>` implements `anchor_lang::Accounts<'info, CreateNonceAccountBumps>`\n              `CreateNonceAccountWithSeed<'info>` implements `anchor_lang::Accounts<'info, CreateNonceAccountWithSeedBumps>`\n              `DefaultAccountStateInitialize<'info>` implements `anchor_lang::Accounts<'info, DefaultAccountStateInitializeBumps>`\n              `DefaultAccountStateUpdate<'info>` implements `anchor_lang::Accounts<'info, DefaultAccountStateUpdateBumps>`\n              `FreezeStudent<'info>` implements `anchor_lang::Accounts<'info, FreezeStudentBumps>`\n              `GroupMemberPointerInitialize<'info>` implements `anchor_lang::Accounts<'info, GroupMemberPointerInitializeBumps>`\n            and 92 others\n\u001b[1m\u001b[92mnote\u001b[0m: required by a bound in `anchor_lang::context::Context::<'a, 'b, 'c, 'info, T>::new`\n   \u001b[1m\u001b[94m--> \u001b[0m/home/brakoose/.cargo/registry/src/index.crates.io-1949cf8c6b5b557f/anchor-lang-0.30.1/src/context.rs:55:16\n    \u001b[1m\u001b[94m|\u001b[0m\n \u001b[1m\u001b[94m55\u001b[0m \u001b[1m\u001b[94m|\u001b[0m     T: Bumps + Accounts<'info, T::Bumps>,\n    \u001b[1m\u001b[94m|\u001b[0m                \u001b[1m\u001b[92m^^^^^^^^^^^^^^^^^^^^^^^^^\u001b[0m \u001b[1m\u001b[92mrequired by this bound in `Context::<'a, 'b, 'c, 'info, T>::new`\u001b[0m\n \u001b[1m\u001b[94m56\u001b[0m \u001b[1m\u001b[94m|\u001b[0m {\n \u001b[1m\u001b[94m57\u001b[0m \u001b[1m\u001b[94m|\u001b[0m     pub fn new(\n    \u001b[1m\u001b[94m|\u001b[0m            \u001b[1m\u001b[94m---\u001b[0m \u001b[1m\u001b[94mrequired by a bound in this associated function\u001b[0m\n    \u001b[1m\u001b[94m= \u001b[0m\u001b[1mnote\u001b[0m: this error originates in the attribute macro `program` (in Nightly builds, run with -Z macro-backtrace for more info)\n\n"}
{"$message_type":"diagnostic","message":"no method named `get` found for struct `InitializeTreasuryBumps` in the current scope","code":{"code":"E0599","explanation":"This error occurs when a method is used on a type which doesn't implement it:\n\nErroneous code example:\n\n```compile_fail,E0599\nstruct Mouth;\n\nlet x = Mouth;\nx.chocolate(); // error: no method named `chocolate` found for type `Mouth`\n               //        in the current scope\n```\n\nIn this case, you need to implement the `chocolate` method to fix the error:\n\n```\nstruct Mouth;\n\nimpl Mouth {\n    fn chocolate(&self) { // We implement the `chocolate` method here.\n        println!(\"Hmmm! I love chocolate!\");\n    }\n}\n\nlet x = Mouth;\nx.chocolate(); // ok!\n```\n"},"level":"error","spans":[{"file_name":"programs/franco_student_pay/src/lib.rs","byte_start":856,"byte_end":859,"line_start":21,"line_end":21,"column_start":36,"column_end":39,"is_primary":true,"text":[{"text":"        treasury.bump = *ctx.bumps.get(\"treasury\").ok_or(FrancoError::MissingBump)?;","highlight_start":36,"highlight_end":39}],"label":"this is an associated function, not a method","suggested_replacement":null,"suggestion_applicability":null,"expansion":null},{"file_name":"programs/franco_student_pay/src/lib.rs","byte_start":9003,"byte_end":9011,"line_start":239,"line_end":239,"column_start":10,"column_end":18,"is_primary":false,"text":[{"text":"#[derive(Accounts)]","highlight_start":10,"highlight_end":18}],"label":"method `get` not found for this struct","suggested_replacement":null,"suggestion_applicability":null,"expansion":{"span":{"file_name":"programs/franco_student_pay/src/lib.rs","byte_start":9003,"byte_end":9011,"line_start":239,"line_end":239,"column_start":10,"column_end":18,"is_primary":false,"text":[{"text":"#[derive(Accounts)]","highlight_start":10,"highlight_end":18}],"label":null,"suggested_replacement":null,"suggestion_applicability":null,"expansion":null},"macro_decl_name":"#[derive(Accounts)]","def_site_span":{"file_name":"/home/brakoose/.cargo/registry/src/index.crates.io-1949cf8c6b5b557f/anchor-derive-accounts-0.30.1/src/lib.rs","byte_start":29061,"byte_end":29117,"line_start":631,"line_end":631,"column_start":1,"column_end":57,"is_primary":false,"text":[{"text":"pub fn derive_accounts(item: TokenStream) -> TokenStream {","highlight_start":1,"highlight_end":57}],"label":null,"suggested_replacement":null,"suggestion_applicability":null,"expansion":null}}}],"children":[{"message":"found the following associated functions; to be used as methods, functions must have a `self` parameter","code":null,"level":"note","spans":[],"children":[],"rendered":null},{"message":"the candidate is defined in the trait `anchor_lang::prelude::SolanaSysvar`","code":null,"level":"note","spans":[{"file_name":"/home/brakoose/.cargo/registry/src/index.crates.io-1949cf8c6b5b557f/solana-program-1.18.26/src/sysvar/mod.rs","byte_start":6984,"byte_end":7022,"line_start":214,"line_end":214,"column_start":5,"column_end":43,"is_primary":true,"text":[{"text":"    fn get() -> Result<Self, ProgramError> {","highlight_start":5,"highlight_end":43}],"label":null,"suggested_replacement":null,"suggestion_applicability":null,"expansion":null}],"children":[],"rendered":null},{"message":"items from traits can only be used if the trait is implemented and in scope","code":null,"level":"help","spans":[],"children":[],"rendered":null},{"message":"the following traits define an item `get`, perhaps you need to implement one of them:\ncandidate #1: `SliceIndex`\ncandidate #2: `ZeroCopyAccessor`\ncandidate #3: `anchor_lang::solana_program::account_info::Account`","code":null,"level":"note","spans":[],"children":[],"rendered":null},{"message":"use associated function syntax instead","code":null,"level":"help","spans":[{"file_name":"programs/franco_student_pay/src/lib.rs","byte_start":846,"byte_end":871,"line_start":21,"line_end":21,"column_start":26,"column_end":51,"is_primary":true,"text":[{"text":"        treasury.bump = *ctx.bumps.get(\"treasury\").ok_or(FrancoError::MissingBump)?;","highlight_start":26,"highlight_end":51}],"label":null,"suggested_replacement":"InitializeTreasuryBumps::get(\"treasury\")","suggestion_applicability":"MachineApplicable","expansion":null}],"children":[],"rendered":null}],"rendered":"\u001b[1m\u001b[91merror[E0599]\u001b[0m\u001b[1m: no method named `get` found for struct `InitializeTreasuryBumps` in the current scope\u001b[0m\n   \u001b[1m\u001b[94m--> \u001b[0mprograms/franco_student_pay/src/lib.rs:21:36\n    \u001b[1m\u001b[94m|\u001b[0m\n \u001b[1m\u001b[94m21\u001b[0m \u001b[1m\u001b[94m|\u001b[0m         treasury.bump = *ctx.bumps.get(\"treasury\").ok_or(FrancoError::MissingBump)?;\n    \u001b[1m\u001b[94m|\u001b[0m                          \u001b[1m\u001b[94m----------\u001b[0m\u001b[1m\u001b[91m^^^\u001b[0m\u001b[1m\u001b[94m------------\u001b[0m\n    \u001b[1m\u001b[94m|\u001b[0m                          \u001b[1m\u001b[94m|\u001b[0m         \u001b[1m\u001b[91m|\u001b[0m\n    \u001b[1m\u001b[94m|\u001b[0m                          \u001b[1m\u001b[94m|\u001b[0m         \u001b[1m\u001b[91mthis is an associated function, not a method\u001b[0m\n    \u001b[1m\u001b[94m|\u001b[0m                          \u001b[1m\u001b[94mhelp: use associated function syntax instead: `InitializeTreasuryBumps::get(\"treasury\")`\u001b[0m\n\u001b[1m\u001b[94m...\u001b[0m\n\u001b[1m\u001b[94m239\u001b[0m \u001b[1m\u001b[94m|\u001b[0m #[derive(Accounts)]\n    \u001b[1m\u001b[94m|\u001b[0m          \u001b[1m\u001b[94m--------\u001b[0m \u001b[1m\u001b[94mmethod `get` not found for this struct\u001b[0m\n    \u001b[1m\u001b[94m|\u001b[0m\n    \u001b[1m\u001b[94m= \u001b[0m\u001b[1mnote\u001b[0m: found the following associated functions; to be used as methods, functions must have a `self` parameter\n\u001b[1m\u001b[92mnote\u001b[0m: the candidate is defined in the trait `anchor_lang::prelude::SolanaSysvar`\n   \u001b[1m\u001b[94m--> \u001b[0m/home/brakoose/.cargo/registry/src/index.crates.io-1949cf8c6b5b557f/solana-program-1.18.26/src/sysvar/mod.rs:214:5\n    \u001b[1m\u001b[94m|\u001b[0m\n\u001b[1m\u001b[94m214\u001b[0m \u001b[1m\u001b[94m|\u001b[0m     fn get() -> Result<Self, ProgramError> {\n    \u001b[1m\u001b[94m|\u001b[0m     \u001b[1m\u001b[92m^^^^^^^^^^^^^^^^^^^^^^^^^^^^^^^^^^^^^^\u001b[0m\n    \u001b[1m\u001b[94m= \u001b[0m\u001b[1mhelp\u001b[0m: items from traits can only be used if the trait is implemented and in scope\n    \u001b[1m\u001b[94m= \u001b[0m\u001b[1mnote\u001b[0m: the following traits define an item `get`, perhaps you need to implement one of them:\n            candidate #1: `SliceIndex`\n            candidate #2: `ZeroCopyAccessor`\n            candidate #3: `anchor_lang::solana_program::account_info::Account`\n\n"}
{"$message_type":"diagnostic","message":"no method named `get` found for struct `RegisterStudentBumps` in the current scope","code":{"code":"E0599","explanation":"This error occurs when a method is used on a type which doesn't implement it:\n\nErroneous code example:\n\n```compile_fail,E0599\nstruct Mouth;\n\nlet x = Mouth;\nx.chocolate(); // error: no method named `chocolate` found for type `Mouth`\n               //        in the current scope\n```\n\nIn this case, you need to implement the `chocolate` method to fix the error:\n\n```\nstruct Mouth;\n\nimpl Mouth {\n    fn chocolate(&self) { // We implement the `chocolate` method here.\n        println!(\"Hmmm! I love chocolate!\");\n    }\n}\n\nlet x = Mouth;\nx.chocolate(); // ok!\n```\n"},"level":"error","spans":[{"file_name":"programs/franco_student_pay/src/lib.rs","byte_start":1371,"byte_end":1374,"line_start":35,"line_end":35,"column_start":35,"column_end":38,"is_primary":true,"text":[{"text":"        student.bump = *ctx.bumps.get(\"student\").ok_or(FrancoError::MissingBump)?;","highlight_start":35,"highlight_end":38}],"label":"this is an associated function, not a method","suggested_replacement":null,"suggestion_applicability":null,"expansion":null},{"file_name":"programs/franco_student_pay/src/lib.rs","byte_start":9781,"byte_end":9789,"line_start":269,"line_end":269,"column_start":10,"column_end":18,"is_primary":false,"text":[{"text":"#[derive(Accounts)]","highlight_start":10,"highlight_end":18}],"label":"method `get` not found for this struct","suggested_replacement":null,"suggestion_applicability":null,"expansion":{"span":{"file_name":"programs/franco_student_pay/src/lib.rs","byte_start":9781,"byte_end":9789,"line_start":269,"line_end":269,"column_start":10,"column_end":18,"is_primary":false,"text":[{"text":"#[derive(Accounts)]","highlight_start":10,"highlight_end":18}],"label":null,"suggested_replacement":null,"suggestion_applicability":null,"expansion":null},"macro_decl_name":"#[derive(Accounts)]","def_site_span":{"file_name":"/home/brakoose/.cargo/registry/src/index.crates.io-1949cf8c6b5b557f/anchor-derive-accounts-0.30.1/src/lib.rs","byte_start":29061,"byte_end":29117,"line_start":631,"line_end":631,"column_start":1,"column_end":57,"is_primary":false,"text":[{"text":"pub fn derive_accounts(item: TokenStream) -> TokenStream {","highlight_start":1,"highlight_end":57}],"label":null,"suggested_replacement":null,"suggestion_applicability":null,"expansion":null}}}],"children":[{"message":"found the following associated functions; to be used as methods, functions must have a `self` parameter","code":null,"level":"note","spans":[],"children":[],"rendered":null},{"message":"the candidate is defined in the trait `anchor_lang::prelude::SolanaSysvar`","code":null,"level":"note","spans":[{"file_name":"/home/brakoose/.cargo/registry/src/index.crates.io-1949cf8c6b5b557f/solana-program-1.18.26/src/sysvar/mod.rs","byte_start":6984,"byte_end":7022,"line_start":214,"line_end":214,"column_start":5,"column_end":43,"is_primary":true,"text":[{"text":"    fn get() -> Result<Self, ProgramError> {","highlight_start":5,"highlight_end":43}],"label":null,"suggested_replacement":null,"suggestion_applicability":null,"expansion":null}],"children":[],"rendered":null},{"message":"items from traits can only be used if the trait is implemented and in scope","code":null,"level":"help","spans":[],"children":[],"rendered":null},{"message":"the following traits define an item `get`, perhaps you need to implement one of them:\ncandidate #1: `SliceIndex`\ncandidate #2: `ZeroCopyAccessor`\ncandidate #3: `anchor_lang::solana_program::account_info::Account`","code":null,"level":"note","spans":[],"children":[],"rendered":null},{"message":"use associated function syntax instead","code":null,"level":"help","spans":[{"file_name":"programs/franco_student_pay/src/lib.rs","byte_start":1361,"byte_end":1385,"line_start":35,"line_end":35,"column_start":25,"column_end":49,"is_primary":true,"text":[{"text":"        student.bump = *ctx.bumps.get(\"student\").ok_or(FrancoError::MissingBump)?;","highlight_start":25,"highlight_end":49}],"label":null,"suggested_replacement":"RegisterStudentBumps::get(\"student\")","suggestion_applicability":"MachineApplicable","expansion":null}],"children":[],"rendered":null}],"rendered":"\u001b[1m\u001b[91merror[E0599]\u001b[0m\u001b[1m: no method named `get` found for struct `RegisterStudentBumps` in the current scope\u001b[0m\n   \u001b[1m\u001b[94m--> \u001b[0mprograms/franco_student_pay/src/lib.rs:35:35\n    \u001b[1m\u001b[94m|\u001b[0m\n \u001b[1m\u001b[94m35\u001b[0m \u001b[1m\u001b[94m|\u001b[0m         student.bump = *ctx.bumps.get(\"student\").ok_or(FrancoError::MissingBump)?;\n    \u001b[1m\u001b[94m|\u001b[0m                         \u001b[1m\u001b[94m----------\u001b[0m\u001b[1m\u001b[91m^^^\u001b[0m\u001b[1m\u001b[94m-----------\u001b[0m\n    \u001b[1m\u001b[94m|\u001b[0m                         \u001b[1m\u001b[94m|\u001b[0m         \u001b[1m\u001b[91m|\u001b[0m\n    \u001b[1m\u001b[94m|\u001b[0m                         \u001b[1m\u001b[94m|\u001b[0m         \u001b[1m\u001b[91mthis is an associated function, not a method\u001b[0m\n    \u001b[1m\u001b[94m|\u001b[0m                         \u001b[1m\u001b[94mhelp: use associated function syntax instead: `RegisterStudentBumps::get(\"student\")`\u001b[0m\n\u001b[1m\u001b[94m...\u001b[0m\n\u001b[1m\u001b[94m269\u001b[0m \u001b[1m\u001b[94m|\u001b[0m #[derive(Accounts)]\n    \u001b[1m\u001b[94m|\u001b[0m          \u001b[1m\u001b[94m--------\u001b[0m \u001b[1m\u001b[94mmethod `get` not found for this struct\u001b[0m\n    \u001b[1m\u001b[94m|\u001b[0m\n    \u001b[1m\u001b[94m= \u001b[0m\u001b[1mnote\u001b[0m: found the following associated functions; to be used as methods, functions must have a `self` parameter\n\u001b[1m\u001b[92mnote\u001b[0m: the candidate is defined in the trait `anchor_lang::prelude::SolanaSysvar`\n   \u001b[1m\u001b[94m--> \u001b[0m/home/brakoose/.cargo/registry/src/index.crates.io-1949cf8c6b5b557f/solana-program-1.18.26/src/sysvar/mod.rs:214:5\n    \u001b[1m\u001b[94m|\u001b[0m\n\u001b[1m\u001b[94m214\u001b[0m \u001b[1m\u001b[94m|\u001b[0m     fn get() -> Result<Self, ProgramError> {\n    \u001b[1m\u001b[94m|\u001b[0m     \u001b[1m\u001b[92m^^^^^^^^^^^^^^^^^^^^^^^^^^^^^^^^^^^^^^\u001b[0m\n    \u001b[1m\u001b[94m= \u001b[0m\u001b[1mhelp\u001b[0m: items from traits can only be used if the trait is implemented and in scope\n    \u001b[1m\u001b[94m= \u001b[0m\u001b[1mnote\u001b[0m: the following traits define an item `get`, perhaps you need to implement one of them:\n            candidate #1: `SliceIndex`\n            candidate #2: `ZeroCopyAccessor`\n            candidate #3: `anchor_lang::solana_program::account_info::Account`\n\n"}
{"$message_type":"diagnostic","message":"the trait bound `SettleOnramp<'_>: Bumps` is not satisfied in `anchor_lang::context::Context<'_, '_, '_, '_, SettleOnramp<'_>>`","code":{"code":"E0277","explanation":"You tried to use a type which doesn't implement some trait in a place which\nexpected that trait.\n\nErroneous code example:\n\n```compile_fail,E0277\n// here we declare the Foo trait with a bar method\ntrait Foo {\n    fn bar(&self);\n}\n\n// we now declare a function which takes an object implementing the Foo trait\nfn some_func<T: Foo>(foo: T) {\n    foo.bar();\n}\n\nfn main() {\n    // we now call the method with the i32 type, which doesn't implement\n    // the Foo trait\n    some_func(5i32); // error: the trait bound `i32 : Foo` is not satisfied\n}\n```\n\nIn order to fix this error, verify that the type you're using does implement\nthe trait. Example:\n\n```\ntrait Foo {\n    fn bar(&self);\n}\n\n// we implement the trait on the i32 type\nimpl Foo for i32 {\n    fn bar(&self) {}\n}\n\nfn some_func<T: Foo>(foo: T) {\n    foo.bar(); // we can now use this method since i32 implements the\n               // Foo trait\n}\n\nfn main() {\n    some_func(5i32); // ok!\n}\n```\n\nOr in a generic context, an erroneous code example would look like:\n\n```compile_fail,E0277\nfn some_func<T>(foo: T) {\n    println!(\"{:?}\", foo); // error: the trait `core::fmt::Debug` is not\n                           //        implemented for the type `T`\n}\n\nfn main() {\n    // We now call the method with the i32 type,\n    // which *does* implement the Debug trait.\n    some_func(5i32);\n}\n```\n\nNote that the error here is in the definition of the generic function. Although\nwe only call it with a parameter that does implement `Debug`, the compiler\nstill rejects the function. It must work with all possible input types. In\norder to make this example compile, we need to restrict the generic type we're\naccepting:\n\n```\nuse std::fmt;\n\n// Restrict the input type to types that implement Debug.\nfn some_func<T: fmt::Debug>(foo: T) {\n    println!(\"{:?}\", foo);\n}\n\nfn main() {\n    // Calling the method is still fine, as i32 implements Debug.\n    some_func(5i32);\n\n    // This would fail to compile now:\n    // struct WithoutDebug;\n    // some_func(WithoutDebug);\n}\n```\n\nRust only looks at the signature of the called function, as such it must\nalready specify all requirements that will be used for every type parameter.\n"},"level":"error","spans":[{"file_name":"programs/franco_student_pay/src/lib.rs","byte_start":1662,"byte_end":1683,"line_start":47,"line_end":47,"column_start":14,"column_end":35,"is_primary":true,"text":[{"text":"        ctx: Context<SettleOnramp>,","highlight_start":14,"highlight_end":35}],"label":"unsatisfied trait bound","suggested_replacement":null,"suggestion_applicability":null,"expansion":null}],"children":[{"message":"within `anchor_lang::context::Context<'_, '_, '_, '_, SettleOnramp<'_>>`, the trait `Bumps` is not implemented for `SettleOnramp<'_>`","code":null,"level":"help","spans":[{"file_name":"programs/franco_student_pay/src/lib.rs","byte_start":10224,"byte_end":10254,"line_start":288,"line_end":288,"column_start":1,"column_end":31,"is_primary":true,"text":[{"text":"pub struct SettleOnramp<'info> {","highlight_start":1,"highlight_end":31}],"label":null,"suggested_replacement":null,"suggestion_applicability":null,"expansion":null}],"children":[],"rendered":null},{"message":"the following other types implement trait `Bumps`:\n  CreateNonceAccount<'info>\n  CreateNonceAccountWithSeed<'info>\n  DefaultAccountStateInitialize<'info>\n  DefaultAccountStateUpdate<'info>\n  FreezeStudent<'info>\n  GroupMemberPointerInitialize<'info>\n  GroupMemberPointerUpdate<'info>\n  GroupPointerInitialize<'info>\nand 79 others","code":null,"level":"help","spans":[],"children":[],"rendered":null},{"message":"required because it appears within the type `anchor_lang::context::Context<'_, '_, '_, '_, SettleOnramp<'_>>`","code":null,"level":"note","spans":[{"file_name":"/home/brakoose/.cargo/registry/src/index.crates.io-1949cf8c6b5b557f/anchor-lang-0.30.1/src/context.rs","byte_start":796,"byte_end":803,"line_start":24,"line_end":24,"column_start":12,"column_end":19,"is_primary":true,"text":[{"text":"pub struct Context<'a, 'b, 'c, 'info, T: Bumps> {","highlight_start":12,"highlight_end":19}],"label":null,"suggested_replacement":null,"suggestion_applicability":null,"expansion":null}],"children":[],"rendered":null},{"message":"function arguments must have a statically known size, borrowed types always have a known size","code":null,"level":"help","spans":[{"file_name":"programs/franco_student_pay/src/lib.rs","byte_start":1662,"byte_end":1662,"line_start":47,"line_end":47,"column_start":14,"column_end":14,"is_primary":true,"text":[{"text":"        ctx: Context<SettleOnramp>,","highlight_start":14,"highlight_end":14}],"label":null,"suggested_replacement":"&","suggestion_applicability":"MachineApplicable","expansion":null}],"children":[],"rendered":null}],"rendered":"\u001b[1m\u001b[91merror[E0277]\u001b[0m\u001b[1m: the trait bound `SettleOnramp<'_>: Bumps` is not satisfied in `anchor_lang::context::Context<'_, '_, '_, '_, SettleOnramp<'_>>`\u001b[0m\n   \u001b[1m\u001b[94m--> \u001b[0mprograms/franco_student_pay/src/lib.rs:47:14\n    \u001b[1m\u001b[94m|\u001b[0m\n \u001b[1m\u001b[94m47\u001b[0m \u001b[1m\u001b[94m|\u001b[0m         ctx: Context<SettleOnramp>,\n    \u001b[1m\u001b[94m|\u001b[0m              \u001b[1m\u001b[91m^^^^^^^^^^^^^^^^^^^^^\u001b[0m \u001b[1m\u001b[91munsatisfied trait bound\u001b[0m\n    \u001b[1m\u001b[94m|\u001b[0m\n\u001b[1m\u001b[96mhelp\u001b[0m: within `anchor_lang::context::Context<'_, '_, '_, '_, SettleOnramp<'_>>`, the trait `Bumps` is not implemented for `SettleOnramp<'_>`\n   \u001b[1m\u001b[94m--> \u001b[0mprograms/franco_student_pay/src/lib.rs:288:1\n    \u001b[1m\u001b[94m|\u001b[0m\n\u001b[1m\u001b[94m288\u001b[0m \u001b[1m\u001b[94m|\u001b[0m pub struct SettleOnramp<'info> {\n    \u001b[1m\u001b[94m|\u001b[0m \u001b[1m\u001b[96m^^^^^^^^^^^^^^^^^^^^^^^^^^^^^^\u001b[0m\n    \u001b[1m\u001b[94m= \u001b[0m\u001b[1mhelp\u001b[0m: the following other types implement trait `Bumps`:\n              CreateNonceAccount<'info>\n              CreateNonceAccountWithSeed<'info>\n              DefaultAccountStateInitialize<'info>\n              DefaultAccountStateUpdate<'info>\n              FreezeStudent<'info>\n              GroupMemberPointerInitialize<'info>\n              GroupMemberPointerUpdate<'info>\n              GroupPointerInitialize<'info>\n            and 79 others\n\u001b[1m\u001b[92mnote\u001b[0m: required because it appears within the type `anchor_lang::context::Context<'_, '_, '_, '_, SettleOnramp<'_>>`\n   \u001b[1m\u001b[94m--> \u001b[0m/home/brakoose/.cargo/registry/src/index.crates.io-1949cf8c6b5b557f/anchor-lang-0.30.1/src/context.rs:24:12\n    \u001b[1m\u001b[94m|\u001b[0m\n \u001b[1m\u001b[94m24\u001b[0m \u001b[1m\u001b[94m|\u001b[0m pub struct Context<'a, 'b, 'c, 'info, T: Bumps> {\n    \u001b[1m\u001b[94m|\u001b[0m            \u001b[1m\u001b[92m^^^^^^^\u001b[0m\n\u001b[1m\u001b[96mhelp\u001b[0m: function arguments must have a statically known size, borrowed types always have a known size\n    \u001b[1m\u001b[94m|\u001b[0m\n \u001b[1m\u001b[94m47\u001b[0m \u001b[1m\u001b[94m| \u001b[0m        ctx: \u001b[92m&\u001b[0mContext<SettleOnramp>,\n    \u001b[1m\u001b[94m|\u001b[0m              \u001b[92m+\u001b[0m\n\n"}
{"$message_type":"diagnostic","message":"the trait bound `SettleOnramp<'_>: Bumps` is not satisfied","code":{"code":"E0277","explanation":"You tried to use a type which doesn't implement some trait in a place which\nexpected that trait.\n\nErroneous code example:\n\n```compile_fail,E0277\n// here we declare the Foo trait with a bar method\ntrait Foo {\n    fn bar(&self);\n}\n\n// we now declare a function which takes an object implementing the Foo trait\nfn some_func<T: Foo>(foo: T) {\n    foo.bar();\n}\n\nfn main() {\n    // we now call the method with the i32 type, which doesn't implement\n    // the Foo trait\n    some_func(5i32); // error: the trait bound `i32 : Foo` is not satisfied\n}\n```\n\nIn order to fix this error, verify that the type you're using does implement\nthe trait. Example:\n\n```\ntrait Foo {\n    fn bar(&self);\n}\n\n// we implement the trait on the i32 type\nimpl Foo for i32 {\n    fn bar(&self) {}\n}\n\nfn some_func<T: Foo>(foo: T) {\n    foo.bar(); // we can now use this method since i32 implements the\n               // Foo trait\n}\n\nfn main() {\n    some_func(5i32); // ok!\n}\n```\n\nOr in a generic context, an erroneous code example would look like:\n\n```compile_fail,E0277\nfn some_func<T>(foo: T) {\n    println!(\"{:?}\", foo); // error: the trait `core::fmt::Debug` is not\n                           //        implemented for the type `T`\n}\n\nfn main() {\n    // We now call the method with the i32 type,\n    // which *does* implement the Debug trait.\n    some_func(5i32);\n}\n```\n\nNote that the error here is in the definition of the generic function. Although\nwe only call it with a parameter that does implement `Debug`, the compiler\nstill rejects the function. It must work with all possible input types. In\norder to make this example compile, we need to restrict the generic type we're\naccepting:\n\n```\nuse std::fmt;\n\n// Restrict the input type to types that implement Debug.\nfn some_func<T: fmt::Debug>(foo: T) {\n    println!(\"{:?}\", foo);\n}\n\nfn main() {\n    // Calling the method is still fine, as i32 implements Debug.\n    some_func(5i32);\n\n    // This would fail to compile now:\n    // struct WithoutDebug;\n    // some_func(WithoutDebug);\n}\n```\n\nRust only looks at the signature of the called function, as such it must\nalready specify all requirements that will be used for every type parameter.\n"},"level":"error","spans":[{"file_name":"programs/franco_student_pay/src/lib.rs","byte_start":3484,"byte_end":3493,"line_start":89,"line_end":89,"column_start":27,"column_end":36,"is_primary":true,"text":[{"text":"        tx_record.bump = *ctx.bumps.get(\"tx_record\").ok_or(FrancoError::MissingBump)?;","highlight_start":27,"highlight_end":36}],"label":"unsatisfied trait bound","suggested_replacement":null,"suggestion_applicability":null,"expansion":null}],"children":[{"message":"the trait `Bumps` is not implemented for `SettleOnramp<'_>`","code":null,"level":"help","spans":[{"file_name":"programs/franco_student_pay/src/lib.rs","byte_start":10224,"byte_end":10254,"line_start":288,"line_end":288,"column_start":1,"column_end":31,"is_primary":true,"text":[{"text":"pub struct SettleOnramp<'info> {","highlight_start":1,"highlight_end":31}],"label":null,"suggested_replacement":null,"suggestion_applicability":null,"expansion":null}],"children":[],"rendered":null},{"message":"the following other types implement trait `Bumps`:\n  CreateNonceAccount<'info>\n  CreateNonceAccountWithSeed<'info>\n  DefaultAccountStateInitialize<'info>\n  DefaultAccountStateUpdate<'info>\n  FreezeStudent<'info>\n  GroupMemberPointerInitialize<'info>\n  GroupMemberPointerUpdate<'info>\n  GroupPointerInitialize<'info>\nand 79 others","code":null,"level":"help","spans":[],"children":[],"rendered":null}],"rendered":"\u001b[1m\u001b[91merror[E0277]\u001b[0m\u001b[1m: the trait bound `SettleOnramp<'_>: Bumps` is not satisfied\u001b[0m\n   \u001b[1m\u001b[94m--> \u001b[0mprograms/franco_student_pay/src/lib.rs:89:27\n    \u001b[1m\u001b[94m|\u001b[0m\n \u001b[1m\u001b[94m89\u001b[0m \u001b[1m\u001b[94m|\u001b[0m         tx_record.bump = *ctx.bumps.get(\"tx_record\").ok_or(FrancoError::MissingBump)?;\n    \u001b[1m\u001b[94m|\u001b[0m                           \u001b[1m\u001b[91m^^^^^^^^^\u001b[0m \u001b[1m\u001b[91munsatisfied trait bound\u001b[0m\n    \u001b[1m\u001b[94m|\u001b[0m\n\u001b[1m\u001b[96mhelp\u001b[0m: the trait `Bumps` is not implemented for `SettleOnramp<'_>`\n   \u001b[1m\u001b[94m--> \u001b[0mprograms/franco_student_pay/src/lib.rs:288:1\n    \u001b[1m\u001b[94m|\u001b[0m\n\u001b[1m\u001b[94m288\u001b[0m \u001b[1m\u001b[94m|\u001b[0m pub struct SettleOnramp<'info> {\n    \u001b[1m\u001b[94m|\u001b[0m \u001b[1m\u001b[96m^^^^^^^^^^^^^^^^^^^^^^^^^^^^^^\u001b[0m\n    \u001b[1m\u001b[94m= \u001b[0m\u001b[1mhelp\u001b[0m: the following other types implement trait `Bumps`:\n              CreateNonceAccount<'info>\n              CreateNonceAccountWithSeed<'info>\n              DefaultAccountStateInitialize<'info>\n              DefaultAccountStateUpdate<'info>\n              FreezeStudent<'info>\n              GroupMemberPointerInitialize<'info>\n              GroupMemberPointerUpdate<'info>\n              GroupPointerInitialize<'info>\n            and 79 others\n\n"}
{"$message_type":"diagnostic","message":"type annotations needed","code":{"code":"E0282","explanation":"The compiler could not infer a type and asked for a type annotation.\n\nErroneous code example:\n\n```compile_fail,E0282\nlet x = Vec::new();\n```\n\nThis error indicates that type inference did not result in one unique possible\ntype, and extra information is required. In most cases this can be provided\nby adding a type annotation. Sometimes you need to specify a generic type\nparameter manually.\n\nIn the example above, type `Vec` has a type parameter `T`. When calling\n`Vec::new`, barring any other later usage of the variable `x` that allows the\ncompiler to infer what type `T` is, the compiler needs to be told what it is.\n\nThe type can be specified on the variable:\n\n```\nlet x: Vec<i32> = Vec::new();\n```\n\nThe type can also be specified in the path of the expression:\n\n```\nlet x = Vec::<i32>::new();\n```\n\nIn cases with more complex types, it is not necessary to annotate the full\ntype. Once the ambiguity is resolved, the compiler can infer the rest:\n\n```\nlet x: Vec<_> = \"hello\".chars().rev().collect();\n```\n\nAnother way to provide the compiler with enough information, is to specify the\ngeneric type parameter:\n\n```\nlet x = \"hello\".chars().rev().collect::<Vec<char>>();\n```\n\nAgain, you need not specify the full type if the compiler can infer it:\n\n```\nlet x = \"hello\".chars().rev().collect::<Vec<_>>();\n```\n\nApart from a method or function with a generic type parameter, this error can\noccur when a type parameter of a struct or trait cannot be inferred. In that\ncase it is not always possible to use a type annotation, because all candidates\nhave the same return type. For instance:\n\n```compile_fail,E0282\nstruct Foo<T> {\n    num: T,\n}\n\nimpl<T> Foo<T> {\n    fn bar() -> i32 {\n        0\n    }\n\n    fn baz() {\n        let number = Foo::bar();\n    }\n}\n```\n\nThis will fail because the compiler does not know which instance of `Foo` to\ncall `bar` on. Change `Foo::bar()` to `Foo::<T>::bar()` to resolve the error.\n"},"level":"error","spans":[{"file_name":"programs/franco_student_pay/src/lib.rs","byte_start":3484,"byte_end":3493,"line_start":89,"line_end":89,"column_start":27,"column_end":36,"is_primary":true,"text":[{"text":"        tx_record.bump = *ctx.bumps.get(\"tx_record\").ok_or(FrancoError::MissingBump)?;","highlight_start":27,"highlight_end":36}],"label":"cannot infer type","suggested_replacement":null,"suggestion_applicability":null,"expansion":null}],"children":[],"rendered":"\u001b[1m\u001b[91merror[E0282]\u001b[0m\u001b[1m: type annotations needed\u001b[0m\n  \u001b[1m\u001b[94m--> \u001b[0mprograms/franco_student_pay/src/lib.rs:89:27\n   \u001b[1m\u001b[94m|\u001b[0m\n\u001b[1m\u001b[94m89\u001b[0m \u001b[1m\u001b[94m|\u001b[0m         tx_record.bump = *ctx.bumps.get(\"tx_record\").ok_or(FrancoError::MissingBump)?;\n   \u001b[1m\u001b[94m|\u001b[0m                           \u001b[1m\u001b[91m^^^^^^^^^\u001b[0m \u001b[1m\u001b[91mcannot infer type\u001b[0m\n\n"}
{"$message_type":"diagnostic","message":"the trait bound `SendUsdc<'_>: Bumps` is not satisfied in `anchor_lang::context::Context<'_, '_, '_, '_, SendUsdc<'_>>`","code":{"code":"E0277","explanation":"You tried to use a type which doesn't implement some trait in a place which\nexpected that trait.\n\nErroneous code example:\n\n```compile_fail,E0277\n// here we declare the Foo trait with a bar method\ntrait Foo {\n    fn bar(&self);\n}\n\n// we now declare a function which takes an object implementing the Foo trait\nfn some_func<T: Foo>(foo: T) {\n    foo.bar();\n}\n\nfn main() {\n    // we now call the method with the i32 type, which doesn't implement\n    // the Foo trait\n    some_func(5i32); // error: the trait bound `i32 : Foo` is not satisfied\n}\n```\n\nIn order to fix this error, verify that the type you're using does implement\nthe trait. Example:\n\n```\ntrait Foo {\n    fn bar(&self);\n}\n\n// we implement the trait on the i32 type\nimpl Foo for i32 {\n    fn bar(&self) {}\n}\n\nfn some_func<T: Foo>(foo: T) {\n    foo.bar(); // we can now use this method since i32 implements the\n               // Foo trait\n}\n\nfn main() {\n    some_func(5i32); // ok!\n}\n```\n\nOr in a generic context, an erroneous code example would look like:\n\n```compile_fail,E0277\nfn some_func<T>(foo: T) {\n    println!(\"{:?}\", foo); // error: the trait `core::fmt::Debug` is not\n                           //        implemented for the type `T`\n}\n\nfn main() {\n    // We now call the method with the i32 type,\n    // which *does* implement the Debug trait.\n    some_func(5i32);\n}\n```\n\nNote that the error here is in the definition of the generic function. Although\nwe only call it with a parameter that does implement `Debug`, the compiler\nstill rejects the function. It must work with all possible input types. In\norder to make this example compile, we need to restrict the generic type we're\naccepting:\n\n```\nuse std::fmt;\n\n// Restrict the input type to types that implement Debug.\nfn some_func<T: fmt::Debug>(foo: T) {\n    println!(\"{:?}\", foo);\n}\n\nfn main() {\n    // Calling the method is still fine, as i32 implements Debug.\n    some_func(5i32);\n\n    // This would fail to compile now:\n    // struct WithoutDebug;\n    // some_func(WithoutDebug);\n}\n```\n\nRust only looks at the signature of the called function, as such it must\nalready specify all requirements that will be used for every type parameter.\n"},"level":"error","spans":[{"file_name":"programs/franco_student_pay/src/lib.rs","byte_start":3778,"byte_end":3795,"line_start":101,"line_end":101,"column_start":27,"column_end":44,"is_primary":true,"text":[{"text":"    pub fn send_usdc(ctx: Context<SendUsdc>, amount: u64, reference: String) -> Result<()> {","highlight_start":27,"highlight_end":44}],"label":"unsatisfied trait bound","suggested_replacement":null,"suggestion_applicability":null,"expansion":null}],"children":[{"message":"within `anchor_lang::context::Context<'_, '_, '_, '_, SendUsdc<'_>>`, the trait `Bumps` is not implemented for `SendUsdc<'_>`","code":null,"level":"help","spans":[{"file_name":"programs/franco_student_pay/src/lib.rs","byte_start":11924,"byte_end":11950,"line_start":342,"line_end":342,"column_start":1,"column_end":27,"is_primary":true,"text":[{"text":"pub struct SendUsdc<'info> {","highlight_start":1,"highlight_end":27}],"label":null,"suggested_replacement":null,"suggestion_applicability":null,"expansion":null}],"children":[],"rendered":null},{"message":"the following other types implement trait `Bumps`:\n  CreateNonceAccount<'info>\n  CreateNonceAccountWithSeed<'info>\n  DefaultAccountStateInitialize<'info>\n  DefaultAccountStateUpdate<'info>\n  FreezeStudent<'info>\n  GroupMemberPointerInitialize<'info>\n  GroupMemberPointerUpdate<'info>\n  GroupPointerInitialize<'info>\nand 79 others","code":null,"level":"help","spans":[],"children":[],"rendered":null},{"message":"required because it appears within the type `anchor_lang::context::Context<'_, '_, '_, '_, SendUsdc<'_>>`","code":null,"level":"note","spans":[{"file_name":"/home/brakoose/.cargo/registry/src/index.crates.io-1949cf8c6b5b557f/anchor-lang-0.30.1/src/context.rs","byte_start":796,"byte_end":803,"line_start":24,"line_end":24,"column_start":12,"column_end":19,"is_primary":true,"text":[{"text":"pub struct Context<'a, 'b, 'c, 'info, T: Bumps> {","highlight_start":12,"highlight_end":19}],"label":null,"suggested_replacement":null,"suggestion_applicability":null,"expansion":null}],"children":[],"rendered":null},{"message":"function arguments must have a statically known size, borrowed types always have a known size","code":null,"level":"help","spans":[{"file_name":"programs/franco_student_pay/src/lib.rs","byte_start":3778,"byte_end":3778,"line_start":101,"line_end":101,"column_start":27,"column_end":27,"is_primary":true,"text":[{"text":"    pub fn send_usdc(ctx: Context<SendUsdc>, amount: u64, reference: String) -> Result<()> {","highlight_start":27,"highlight_end":27}],"label":null,"suggested_replacement":"&","suggestion_applicability":"MachineApplicable","expansion":null}],"children":[],"rendered":null}],"rendered":"\u001b[1m\u001b[91merror[E0277]\u001b[0m\u001b[1m: the trait bound `SendUsdc<'_>: Bumps` is not satisfied in `anchor_lang::context::Context<'_, '_, '_, '_, SendUsdc<'_>>`\u001b[0m\n   \u001b[1m\u001b[94m--> \u001b[0mprograms/franco_student_pay/src/lib.rs:101:27\n    \u001b[1m\u001b[94m|\u001b[0m\n\u001b[1m\u001b[94m101\u001b[0m \u001b[1m\u001b[94m|\u001b[0m     pub fn send_usdc(ctx: Context<SendUsdc>, amount: u64, reference: String) -> Result<()> {\n    \u001b[1m\u001b[94m|\u001b[0m                           \u001b[1m\u001b[91m^^^^^^^^^^^^^^^^^\u001b[0m \u001b[1m\u001b[91munsatisfied trait bound\u001b[0m\n    \u001b[1m\u001b[94m|\u001b[0m\n\u001b[1m\u001b[96mhelp\u001b[0m: within `anchor_lang::context::Context<'_, '_, '_, '_, SendUsdc<'_>>`, the trait `Bumps` is not implemented for `SendUsdc<'_>`\n   \u001b[1m\u001b[94m--> \u001b[0mprograms/franco_student_pay/src/lib.rs:342:1\n    \u001b[1m\u001b[94m|\u001b[0m\n\u001b[1m\u001b[94m342\u001b[0m \u001b[1m\u001b[94m|\u001b[0m pub struct SendUsdc<'info> {\n    \u001b[1m\u001b[94m|\u001b[0m \u001b[1m\u001b[96m^^^^^^^^^^^^^^^^^^^^^^^^^^\u001b[0m\n    \u001b[1m\u001b[94m= \u001b[0m\u001b[1mhelp\u001b[0m: the following other types implement trait `Bumps`:\n              CreateNonceAccount<'info>\n              CreateNonceAccountWithSeed<'info>\n              DefaultAccountStateInitialize<'info>\n              DefaultAccountStateUpdate<'info>\n              FreezeStudent<'info>\n              GroupMemberPointerInitialize<'info>\n              GroupMemberPointerUpdate<'info>\n              GroupPointerInitialize<'info>\n            and 79 others\n\u001b[1m\u001b[92mnote\u001b[0m: required because it appears within the type `anchor_lang::context::Context<'_, '_, '_, '_, SendUsdc<'_>>`\n   \u001b[1m\u001b[94m--> \u001b[0m/home/brakoose/.cargo/registry/src/index.crates.io-1949cf8c6b5b557f/anchor-lang-0.30.1/src/context.rs:24:12\n    \u001b[1m\u001b[94m|\u001b[0m\n \u001b[1m\u001b[94m24\u001b[0m \u001b[1m\u001b[94m|\u001b[0m pub struct Context<'a, 'b, 'c, 'info, T: Bumps> {\n    \u001b[1m\u001b[94m|\u001b[0m            \u001b[1m\u001b[92m^^^^^^^\u001b[0m\n\u001b[1m\u001b[96mhelp\u001b[0m: function arguments must have a statically known size, borrowed types always have a known size\n    \u001b[1m\u001b[94m|\u001b[0m\n\u001b[1m\u001b[94m101\u001b[0m \u001b[1m\u001b[94m| \u001b[0m    pub fn send_usdc(ctx: \u001b[92m&\u001b[0mContext<SendUsdc>, amount: u64, reference: String) -> Result<()> {\n    \u001b[1m\u001b[94m|\u001b[0m                           \u001b[92m+\u001b[0m\n\n"}
{"$message_type":"diagnostic","message":"the trait bound `SendUsdc<'_>: Bumps` is not satisfied","code":{"code":"E0277","explanation":"You tried to use a type which doesn't implement some trait in a place which\nexpected that trait.\n\nErroneous code example:\n\n```compile_fail,E0277\n// here we declare the Foo trait with a bar method\ntrait Foo {\n    fn bar(&self);\n}\n\n// we now declare a function which takes an object implementing the Foo trait\nfn some_func<T: Foo>(foo: T) {\n    foo.bar();\n}\n\nfn main() {\n    // we now call the method with the i32 type, which doesn't implement\n    // the Foo trait\n    some_func(5i32); // error: the trait bound `i32 : Foo` is not satisfied\n}\n```\n\nIn order to fix this error, verify that the type you're using does implement\nthe trait. Example:\n\n```\ntrait Foo {\n    fn bar(&self);\n}\n\n// we implement the trait on the i32 type\nimpl Foo for i32 {\n    fn bar(&self) {}\n}\n\nfn some_func<T: Foo>(foo: T) {\n    foo.bar(); // we can now use this method since i32 implements the\n               // Foo trait\n}\n\nfn main() {\n    some_func(5i32); // ok!\n}\n```\n\nOr in a generic context, an erroneous code example would look like:\n\n```compile_fail,E0277\nfn some_func<T>(foo: T) {\n    println!(\"{:?}\", foo); // error: the trait `core::fmt::Debug` is not\n                           //        implemented for the type `T`\n}\n\nfn main() {\n    // We now call the method with the i32 type,\n    // which *does* implement the Debug trait.\n    some_func(5i32);\n}\n```\n\nNote that the error here is in the definition of the generic function. Although\nwe only call it with a parameter that does implement `Debug`, the compiler\nstill rejects the function. It must work with all possible input types. In\norder to make this example compile, we need to restrict the generic type we're\naccepting:\n\n```\nuse std::fmt;\n\n// Restrict the input type to types that implement Debug.\nfn some_func<T: fmt::Debug>(foo: T) {\n    println!(\"{:?}\", foo);\n}\n\nfn main() {\n    // Calling the method is still fine, as i32 implements Debug.\n    some_func(5i32);\n\n    // This would fail to compile now:\n    // struct WithoutDebug;\n    // some_func(WithoutDebug);\n}\n```\n\nRust only looks at the signature of the called function, as such it must\nalready specify all requirements that will be used for every type parameter.\n"},"level":"error","spans":[{"file_name":"programs/franco_student_pay/src/lib.rs","byte_start":5663,"byte_end":5672,"line_start":141,"line_end":141,"column_start":27,"column_end":36,"is_primary":true,"text":[{"text":"        tx_record.bump = *ctx.bumps.get(\"tx_record\").ok_or(FrancoError::MissingBump)?;","highlight_start":27,"highlight_end":36}],"label":"unsatisfied trait bound","suggested_replacement":null,"suggestion_applicability":null,"expansion":null}],"children":[{"message":"the trait `Bumps` is not implemented for `SendUsdc<'_>`","code":null,"level":"help","spans":[{"file_name":"programs/franco_student_pay/src/lib.rs","byte_start":11924,"byte_end":11950,"line_start":342,"line_end":342,"column_start":1,"column_end":27,"is_primary":true,"text":[{"text":"pub struct SendUsdc<'info> {","highlight_start":1,"highlight_end":27}],"label":null,"suggested_replacement":null,"suggestion_applicability":null,"expansion":null}],"children":[],"rendered":null},{"message":"the following other types implement trait `Bumps`:\n  CreateNonceAccount<'info>\n  CreateNonceAccountWithSeed<'info>\n  DefaultAccountStateInitialize<'info>\n  DefaultAccountStateUpdate<'info>\n  FreezeStudent<'info>\n  GroupMemberPointerInitialize<'info>\n  GroupMemberPointerUpdate<'info>\n  GroupPointerInitialize<'info>\nand 79 others","code":null,"level":"help","spans":[],"children":[],"rendered":null}],"rendered":"\u001b[1m\u001b[91merror[E0277]\u001b[0m\u001b[1m: the trait bound `SendUsdc<'_>: Bumps` is not satisfied\u001b[0m\n   \u001b[1m\u001b[94m--> \u001b[0mprograms/franco_student_pay/src/lib.rs:141:27\n    \u001b[1m\u001b[94m|\u001b[0m\n\u001b[1m\u001b[94m141\u001b[0m \u001b[1m\u001b[94m|\u001b[0m         tx_record.bump = *ctx.bumps.get(\"tx_record\").ok_or(FrancoError::MissingBump)?;\n    \u001b[1m\u001b[94m|\u001b[0m                           \u001b[1m\u001b[91m^^^^^^^^^\u001b[0m \u001b[1m\u001b[91munsatisfied trait bound\u001b[0m\n    \u001b[1m\u001b[94m|\u001b[0m\n\u001b[1m\u001b[96mhelp\u001b[0m: the trait `Bumps` is not implemented for `SendUsdc<'_>`\n   \u001b[1m\u001b[94m--> \u001b[0mprograms/franco_student_pay/src/lib.rs:342:1\n    \u001b[1m\u001b[94m|\u001b[0m\n\u001b[1m\u001b[94m342\u001b[0m \u001b[1m\u001b[94m|\u001b[0m pub struct SendUsdc<'info> {\n    \u001b[1m\u001b[94m|\u001b[0m \u001b[1m\u001b[96m^^^^^^^^^^^^^^^^^^^^^^^^^^\u001b[0m\n    \u001b[1m\u001b[94m= \u001b[0m\u001b[1mhelp\u001b[0m: the following other types implement trait `Bumps`:\n              CreateNonceAccount<'info>\n              CreateNonceAccountWithSeed<'info>\n              DefaultAccountStateInitialize<'info>\n              DefaultAccountStateUpdate<'info>\n              FreezeStudent<'info>\n              GroupMemberPointerInitialize<'info>\n              GroupMemberPointerUpdate<'info>\n              GroupPointerInitialize<'info>\n            and 79 others\n\n"}
{"$message_type":"diagnostic","message":"type annotations needed","code":{"code":"E0282","explanation":"The compiler could not infer a type and asked for a type annotation.\n\nErroneous code example:\n\n```compile_fail,E0282\nlet x = Vec::new();\n```\n\nThis error indicates that type inference did not result in one unique possible\ntype, and extra information is required. In most cases this can be provided\nby adding a type annotation. Sometimes you need to specify a generic type\nparameter manually.\n\nIn the example above, type `Vec` has a type parameter `T`. When calling\n`Vec::new`, barring any other later usage of the variable `x` that allows the\ncompiler to infer what type `T` is, the compiler needs to be told what it is.\n\nThe type can be specified on the variable:\n\n```\nlet x: Vec<i32> = Vec::new();\n```\n\nThe type can also be specified in the path of the expression:\n\n```\nlet x = Vec::<i32>::new();\n```\n\nIn cases with more complex types, it is not necessary to annotate the full\ntype. Once the ambiguity is resolved, the compiler can infer the rest:\n\n```\nlet x: Vec<_> = \"hello\".chars().rev().collect();\n```\n\nAnother way to provide the compiler with enough information, is to specify the\ngeneric type parameter:\n\n```\nlet x = \"hello\".chars().rev().collect::<Vec<char>>();\n```\n\nAgain, you need not specify the full type if the compiler can infer it:\n\n```\nlet x = \"hello\".chars().rev().collect::<Vec<_>>();\n```\n\nApart from a method or function with a generic type parameter, this error can\noccur when a type parameter of a struct or trait cannot be inferred. In that\ncase it is not always possible to use a type annotation, because all candidates\nhave the same return type. For instance:\n\n```compile_fail,E0282\nstruct Foo<T> {\n    num: T,\n}\n\nimpl<T> Foo<T> {\n    fn bar() -> i32 {\n        0\n    }\n\n    fn baz() {\n        let number = Foo::bar();\n    }\n}\n```\n\nThis will fail because the compiler does not know which instance of `Foo` to\ncall `bar` on. Change `Foo::bar()` to `Foo::<T>::bar()` to resolve the error.\n"},"level":"error","spans":[{"file_name":"programs/franco_student_pay/src/lib.rs","byte_start":5663,"byte_end":5672,"line_start":141,"line_end":141,"column_start":27,"column_end":36,"is_primary":true,"text":[{"text":"        tx_record.bump = *ctx.bumps.get(\"tx_record\").ok_or(FrancoError::MissingBump)?;","highlight_start":27,"highlight_end":36}],"label":"cannot infer type","suggested_replacement":null,"suggestion_applicability":null,"expansion":null}],"children":[],"rendered":"\u001b[1m\u001b[91merror[E0282]\u001b[0m\u001b[1m: type annotations needed\u001b[0m\n   \u001b[1m\u001b[94m--> \u001b[0mprograms/franco_student_pay/src/lib.rs:141:27\n    \u001b[1m\u001b[94m|\u001b[0m\n\u001b[1m\u001b[94m141\u001b[0m \u001b[1m\u001b[94m|\u001b[0m         tx_record.bump = *ctx.bumps.get(\"tx_record\").ok_or(FrancoError::MissingBump)?;\n    \u001b[1m\u001b[94m|\u001b[0m                           \u001b[1m\u001b[91m^^^^^^^^^\u001b[0m \u001b[1m\u001b[91mcannot infer type\u001b[0m\n\n"}
{"$message_type":"diagnostic","message":"the trait bound `SettleOfframp<'_>: Bumps` is not satisfied in `anchor_lang::context::Context<'_, '_, '_, '_, SettleOfframp<'_>>`","code":{"code":"E0277","explanation":"You tried to use a type which doesn't implement some trait in a place which\nexpected that trait.\n\nErroneous code example:\n\n```compile_fail,E0277\n// here we declare the Foo trait with a bar method\ntrait Foo {\n    fn bar(&self);\n}\n\n// we now declare a function which takes an object implementing the Foo trait\nfn some_func<T: Foo>(foo: T) {\n    foo.bar();\n}\n\nfn main() {\n    // we now call the method with the i32 type, which doesn't implement\n    // the Foo trait\n    some_func(5i32); // error: the trait bound `i32 : Foo` is not satisfied\n}\n```\n\nIn order to fix this error, verify that the type you're using does implement\nthe trait. Example:\n\n```\ntrait Foo {\n    fn bar(&self);\n}\n\n// we implement the trait on the i32 type\nimpl Foo for i32 {\n    fn bar(&self) {}\n}\n\nfn some_func<T: Foo>(foo: T) {\n    foo.bar(); // we can now use this method since i32 implements the\n               // Foo trait\n}\n\nfn main() {\n    some_func(5i32); // ok!\n}\n```\n\nOr in a generic context, an erroneous code example would look like:\n\n```compile_fail,E0277\nfn some_func<T>(foo: T) {\n    println!(\"{:?}\", foo); // error: the trait `core::fmt::Debug` is not\n                           //        implemented for the type `T`\n}\n\nfn main() {\n    // We now call the method with the i32 type,\n    // which *does* implement the Debug trait.\n    some_func(5i32);\n}\n```\n\nNote that the error here is in the definition of the generic function. Although\nwe only call it with a parameter that does implement `Debug`, the compiler\nstill rejects the function. It must work with all possible input types. In\norder to make this example compile, we need to restrict the generic type we're\naccepting:\n\n```\nuse std::fmt;\n\n// Restrict the input type to types that implement Debug.\nfn some_func<T: fmt::Debug>(foo: T) {\n    println!(\"{:?}\", foo);\n}\n\nfn main() {\n    // Calling the method is still fine, as i32 implements Debug.\n    some_func(5i32);\n\n    // This would fail to compile now:\n    // struct WithoutDebug;\n    // some_func(WithoutDebug);\n}\n```\n\nRust only looks at the signature of the called function, as such it must\nalready specify all requirements that will be used for every type parameter.\n"},"level":"error","spans":[{"file_name":"programs/franco_student_pay/src/lib.rs","byte_start":6000,"byte_end":6022,"line_start":155,"line_end":155,"column_start":14,"column_end":36,"is_primary":true,"text":[{"text":"        ctx: Context<SettleOfframp>,","highlight_start":14,"highlight_end":36}],"label":"unsatisfied trait bound","suggested_replacement":null,"suggestion_applicability":null,"expansion":null}],"children":[{"message":"within `anchor_lang::context::Context<'_, '_, '_, '_, SettleOfframp<'_>>`, the trait `Bumps` is not implemented for `SettleOfframp<'_>`","code":null,"level":"help","spans":[{"file_name":"programs/franco_student_pay/src/lib.rs","byte_start":13607,"byte_end":13638,"line_start":399,"line_end":399,"column_start":1,"column_end":32,"is_primary":true,"text":[{"text":"pub struct SettleOfframp<'info> {","highlight_start":1,"highlight_end":32}],"label":null,"suggested_replacement":null,"suggestion_applicability":null,"expansion":null}],"children":[],"rendered":null},{"message":"the following other types implement trait `Bumps`:\n  CreateNonceAccount<'info>\n  CreateNonceAccountWithSeed<'info>\n  DefaultAccountStateInitialize<'info>\n  DefaultAccountStateUpdate<'info>\n  FreezeStudent<'info>\n  GroupMemberPointerInitialize<'info>\n  GroupMemberPointerUpdate<'info>\n  GroupPointerInitialize<'info>\nand 79 others","code":null,"level":"help","spans":[],"children":[],"rendered":null},{"message":"required because it appears within the type `anchor_lang::context::Context<'_, '_, '_, '_, SettleOfframp<'_>>`","code":null,"level":"note","spans":[{"file_name":"/home/brakoose/.cargo/registry/src/index.crates.io-1949cf8c6b5b557f/anchor-lang-0.30.1/src/context.rs","byte_start":796,"byte_end":803,"line_start":24,"line_end":24,"column_start":12,"column_end":19,"is_primary":true,"text":[{"text":"pub struct Context<'a, 'b, 'c, 'info, T: Bumps> {","highlight_start":12,"highlight_end":19}],"label":null,"suggested_replacement":null,"suggestion_applicability":null,"expansion":null}],"children":[],"rendered":null},{"message":"function arguments must have a statically known size, borrowed types always have a known size","code":null,"level":"help","spans":[{"file_name":"programs/franco_student_pay/src/lib.rs","byte_start":6000,"byte_end":6000,"line_start":155,"line_end":155,"column_start":14,"column_end":14,"is_primary":true,"text":[{"text":"        ctx: Context<SettleOfframp>,","highlight_start":14,"highlight_end":14}],"label":null,"suggested_replacement":"&","suggestion_applicability":"MachineApplicable","expansion":null}],"children":[],"rendered":null}],"rendered":"\u001b[1m\u001b[91merror[E0277]\u001b[0m\u001b[1m: the trait bound `SettleOfframp<'_>: Bumps` is not satisfied in `anchor_lang::context::Context<'_, '_, '_, '_, SettleOfframp<'_>>`\u001b[0m\n   \u001b[1m\u001b[94m--> \u001b[0mprograms/franco_student_pay/src/lib.rs:155:14\n    \u001b[1m\u001b[94m|\u001b[0m\n\u001b[1m\u001b[94m155\u001b[0m \u001b[1m\u001b[94m|\u001b[0m         ctx: Context<SettleOfframp>,\n    \u001b[1m\u001b[94m|\u001b[0m              \u001b[1m\u001b[91m^^^^^^^^^^^^^^^^^^^^^^\u001b[0m \u001b[1m\u001b[91munsatisfied trait bound\u001b[0m\n    \u001b[1m\u001b[94m|\u001b[0m\n\u001b[1m\u001b[96mhelp\u001b[0m: within `anchor_lang::context::Context<'_, '_, '_, '_, SettleOfframp<'_>>`, the trait `Bumps` is not implemented for `SettleOfframp<'_>`\n   \u001b[1m\u001b[94m--> \u001b[0mprograms/franco_student_pay/src/lib.rs:399:1\n    \u001b[1m\u001b[94m|\u001b[0m\n\u001b[1m\u001b[94m399\u001b[0m \u001b[1m\u001b[94m|\u001b[0m pub struct SettleOfframp<'info> {\n    \u001b[1m\u001b[94m|\u001b[0m \u001b[1m\u001b[96m^^^^^^^^^^^^^^^^^^^^^^^^^^^^^^^\u001b[0m\n    \u001b[1m\u001b[94m= \u001b[0m\u001b[1mhelp\u001b[0m: the following other types implement trait `Bumps`:\n              CreateNonceAccount<'info>\n              CreateNonceAccountWithSeed<'info>\n              DefaultAccountStateInitialize<'info>\n              DefaultAccountStateUpdate<'info>\n              FreezeStudent<'info>\n              GroupMemberPointerInitialize<'info>\n              GroupMemberPointerUpdate<'info>\n              GroupPointerInitialize<'info>\n            and 79 others\n\u001b[1m\u001b[92mnote\u001b[0m: required because it appears within the type `anchor_lang::context::Context<'_, '_, '_, '_, SettleOfframp<'_>>`\n   \u001b[1m\u001b[94m--> \u001b[0m/home/brakoose/.cargo/registry/src/index.crates.io-1949cf8c6b5b557f/anchor-lang-0.30.1/src/context.rs:24:12\n    \u001b[1m\u001b[94m|\u001b[0m\n \u001b[1m\u001b[94m24\u001b[0m \u001b[1m\u001b[94m|\u001b[0m pub struct Context<'a, 'b, 'c, 'info, T: Bumps> {\n    \u001b[1m\u001b[94m|\u001b[0m            \u001b[1m\u001b[92m^^^^^^^\u001b[0m\n\u001b[1m\u001b[96mhelp\u001b[0m: function arguments must have a statically known size, borrowed types always have a known size\n    \u001b[1m\u001b[94m|\u001b[0m\n\u001b[1m\u001b[94m155\u001b[0m \u001b[1m\u001b[94m| \u001b[0m        ctx: \u001b[92m&\u001b[0mContext<SettleOfframp>,\n    \u001b[1m\u001b[94m|\u001b[0m              \u001b[92m+\u001b[0m\n\n"}
{"$message_type":"diagnostic","message":"the trait bound `SettleOfframp<'_>: Bumps` is not satisfied","code":{"code":"E0277","explanation":"You tried to use a type which doesn't implement some trait in a place which\nexpected that trait.\n\nErroneous code example:\n\n```compile_fail,E0277\n// here we declare the Foo trait with a bar method\ntrait Foo {\n    fn bar(&self);\n}\n\n// we now declare a function which takes an object implementing the Foo trait\nfn some_func<T: Foo>(foo: T) {\n    foo.bar();\n}\n\nfn main() {\n    // we now call the method with the i32 type, which doesn't implement\n    // the Foo trait\n    some_func(5i32); // error: the trait bound `i32 : Foo` is not satisfied\n}\n```\n\nIn order to fix this error, verify that the type you're using does implement\nthe trait. Example:\n\n```\ntrait Foo {\n    fn bar(&self);\n}\n\n// we implement the trait on the i32 type\nimpl Foo for i32 {\n    fn bar(&self) {}\n}\n\nfn some_func<T: Foo>(foo: T) {\n    foo.bar(); // we can now use this method since i32 implements the\n               // Foo trait\n}\n\nfn main() {\n    some_func(5i32); // ok!\n}\n```\n\nOr in a generic context, an erroneous code example would look like:\n\n```compile_fail,E0277\nfn some_func<T>(foo: T) {\n    println!(\"{:?}\", foo); // error: the trait `core::fmt::Debug` is not\n                           //        implemented for the type `T`\n}\n\nfn main() {\n    // We now call the method with the i32 type,\n    // which *does* implement the Debug trait.\n    some_func(5i32);\n}\n```\n\nNote that the error here is in the definition of the generic function. Although\nwe only call it with a parameter that does implement `Debug`, the compiler\nstill rejects the function. It must work with all possible input types. In\norder to make this example compile, we need to restrict the generic type we're\naccepting:\n\n```\nuse std::fmt;\n\n// Restrict the input type to types that implement Debug.\nfn some_func<T: fmt::Debug>(foo: T) {\n    println!(\"{:?}\", foo);\n}\n\nfn main() {\n    // Calling the method is still fine, as i32 implements Debug.\n    some_func(5i32);\n\n    // This would fail to compile now:\n    // struct WithoutDebug;\n    // some_func(WithoutDebug);\n}\n```\n\nRust only looks at the signature of the called function, as such it must\nalready specify all requirements that will be used for every type parameter.\n"},"level":"error","spans":[{"file_name":"programs/franco_student_pay/src/lib.rs","byte_start":7583,"byte_end":7592,"line_start":191,"line_end":191,"column_start":27,"column_end":36,"is_primary":true,"text":[{"text":"        tx_record.bump = *ctx.bumps.get(\"tx_record\").ok_or(FrancoError::MissingBump)?;","highlight_start":27,"highlight_end":36}],"label":"unsatisfied trait bound","suggested_replacement":null,"suggestion_applicability":null,"expansion":null}],"children":[{"message":"the trait `Bumps` is not implemented for `SettleOfframp<'_>`","code":null,"level":"help","spans":[{"file_name":"programs/franco_student_pay/src/lib.rs","byte_start":13607,"byte_end":13638,"line_start":399,"line_end":399,"column_start":1,"column_end":32,"is_primary":true,"text":[{"text":"pub struct SettleOfframp<'info> {","highlight_start":1,"highlight_end":32}],"label":null,"suggested_replacement":null,"suggestion_applicability":null,"expansion":null}],"children":[],"rendered":null},{"message":"the following other types implement trait `Bumps`:\n  CreateNonceAccount<'info>\n  CreateNonceAccountWithSeed<'info>\n  DefaultAccountStateInitialize<'info>\n  DefaultAccountStateUpdate<'info>\n  FreezeStudent<'info>\n  GroupMemberPointerInitialize<'info>\n  GroupMemberPointerUpdate<'info>\n  GroupPointerInitialize<'info>\nand 79 others","code":null,"level":"help","spans":[],"children":[],"rendered":null}],"rendered":"\u001b[1m\u001b[91merror[E0277]\u001b[0m\u001b[1m: the trait bound `SettleOfframp<'_>: Bumps` is not satisfied\u001b[0m\n   \u001b[1m\u001b[94m--> \u001b[0mprograms/franco_student_pay/src/lib.rs:191:27\n    \u001b[1m\u001b[94m|\u001b[0m\n\u001b[1m\u001b[94m191\u001b[0m \u001b[1m\u001b[94m|\u001b[0m         tx_record.bump = *ctx.bumps.get(\"tx_record\").ok_or(FrancoError::MissingBump)?;\n    \u001b[1m\u001b[94m|\u001b[0m                           \u001b[1m\u001b[91m^^^^^^^^^\u001b[0m \u001b[1m\u001b[91munsatisfied trait bound\u001b[0m\n    \u001b[1m\u001b[94m|\u001b[0m\n\u001b[1m\u001b[96mhelp\u001b[0m: the trait `Bumps` is not implemented for `SettleOfframp<'_>`\n   \u001b[1m\u001b[94m--> \u001b[0mprograms/franco_student_pay/src/lib.rs:399:1\n    \u001b[1m\u001b[94m|\u001b[0m\n\u001b[1m\u001b[94m399\u001b[0m \u001b[1m\u001b[94m|\u001b[0m pub struct SettleOfframp<'info> {\n    \u001b[1m\u001b[94m|\u001b[0m \u001b[1m\u001b[96m^^^^^^^^^^^^^^^^^^^^^^^^^^^^^^^\u001b[0m\n    \u001b[1m\u001b[94m= \u001b[0m\u001b[1mhelp\u001b[0m: the following other types implement trait `Bumps`:\n              CreateNonceAccount<'info>\n              CreateNonceAccountWithSeed<'info>\n              DefaultAccountStateInitialize<'info>\n              DefaultAccountStateUpdate<'info>\n              FreezeStudent<'info>\n              GroupMemberPointerInitialize<'info>\n              GroupMemberPointerUpdate<'info>\n              GroupPointerInitialize<'info>\n            and 79 others\n\n"}
{"$message_type":"diagnostic","message":"type annotations needed","code":{"code":"E0282","explanation":"The compiler could not infer a type and asked for a type annotation.\n\nErroneous code example:\n\n```compile_fail,E0282\nlet x = Vec::new();\n```\n\nThis error indicates that type inference did not result in one unique possible\ntype, and extra information is required. In most cases this can be provided\nby adding a type annotation. Sometimes you need to specify a generic type\nparameter manually.\n\nIn the example above, type `Vec` has a type parameter `T`. When calling\n`Vec::new`, barring any other later usage of the variable `x` that allows the\ncompiler to infer what type `T` is, the compiler needs to be told what it is.\n\nThe type can be specified on the variable:\n\n```\nlet x: Vec<i32> = Vec::new();\n```\n\nThe type can also be specified in the path of the expression:\n\n```\nlet x = Vec::<i32>::new();\n```\n\nIn cases with more complex types, it is not necessary to annotate the full\ntype. Once the ambiguity is resolved, the compiler can infer the rest:\n\n```\nlet x: Vec<_> = \"hello\".chars().rev().collect();\n```\n\nAnother way to provide the compiler with enough information, is to specify the\ngeneric type parameter:\n\n```\nlet x = \"hello\".chars().rev().collect::<Vec<char>>();\n```\n\nAgain, you need not specify the full type if the compiler can infer it:\n\n```\nlet x = \"hello\".chars().rev().collect::<Vec<_>>();\n```\n\nApart from a method or function with a generic type parameter, this error can\noccur when a type parameter of a struct or trait cannot be inferred. In that\ncase it is not always possible to use a type annotation, because all candidates\nhave the same return type. For instance:\n\n```compile_fail,E0282\nstruct Foo<T> {\n    num: T,\n}\n\nimpl<T> Foo<T> {\n    fn bar() -> i32 {\n        0\n    }\n\n    fn baz() {\n        let number = Foo::bar();\n    }\n}\n```\n\nThis will fail because the compiler does not know which instance of `Foo` to\ncall `bar` on. Change `Foo::bar()` to `Foo::<T>::bar()` to resolve the error.\n"},"level":"error","spans":[{"file_name":"programs/franco_student_pay/src/lib.rs","byte_start":7583,"byte_end":7592,"line_start":191,"line_end":191,"column_start":27,"column_end":36,"is_primary":true,"text":[{"text":"        tx_record.bump = *ctx.bumps.get(\"tx_record\").ok_or(FrancoError::MissingBump)?;","highlight_start":27,"highlight_end":36}],"label":"cannot infer type","suggested_replacement":null,"suggestion_applicability":null,"expansion":null}],"children":[],"rendered":"\u001b[1m\u001b[91merror[E0282]\u001b[0m\u001b[1m: type annotations needed\u001b[0m\n   \u001b[1m\u001b[94m--> \u001b[0mprograms/franco_student_pay/src/lib.rs:191:27\n    \u001b[1m\u001b[94m|\u001b[0m\n\u001b[1m\u001b[94m191\u001b[0m \u001b[1m\u001b[94m|\u001b[0m         tx_record.bump = *ctx.bumps.get(\"tx_record\").ok_or(FrancoError::MissingBump)?;\n    \u001b[1m\u001b[94m|\u001b[0m                           \u001b[1m\u001b[91m^^^^^^^^^\u001b[0m \u001b[1m\u001b[91mcannot infer type\u001b[0m\n\n"}
{"$message_type":"diagnostic","message":"aborting due to 30 previous errors; 15 warnings emitted","code":null,"level":"error","spans":[],"children":[],"rendered":"\u001b[1m\u001b[91merror\u001b[0m\u001b[1m: aborting due to 30 previous errors; 15 warnings emitted\u001b[0m\n\n"}
{"$message_type":"diagnostic","message":"Some errors have detailed explanations: E0277, E0282, E0432, E0599.","code":null,"level":"failure-note","spans":[],"children":[],"rendered":"\u001b[1mSome errors have detailed explanations: E0277, E0282, E0432, E0599.\u001b[0m\n"}
{"$message_type":"diagnostic","message":"For more information about an error, try `rustc --explain E0277`.","code":null,"level":"failure-note","spans":[],"children":[],"rendered":"\u001b[1mFor more information about an error, try `rustc --explain E0277`.\u001b[0m\n"}
